<?xml version="1.0" encoding="UTF-8"?>
<coverage generated="1569327226243" clover="3.2.0">
  <project timestamp="1569327226243" name="All files">
    <metrics statements="727" coveredstatements="582" conditionals="396" coveredconditionals="262" methods="65" coveredmethods="53" elements="1188" coveredelements="897" complexity="0" loc="727" ncloc="727" packages="1" files="5" classes="5"/>
    <file name="CodeNode.js" path="/Users/tero/dev/static/git/RangerParser/dist/src/CodeNode.js">
      <metrics statements="11" coveredstatements="11" conditionals="2" coveredconditionals="2" methods="3" coveredmethods="3"/>
      <line num="2" count="3" type="stmt"/>
      <line num="3" count="3" type="stmt"/>
      <line num="5" count="423" type="stmt"/>
      <line num="6" count="423" type="stmt"/>
      <line num="7" count="423" type="stmt"/>
      <line num="8" count="423" type="stmt"/>
      <line num="10" count="3" type="stmt"/>
      <line num="11" count="3" type="cond" truecount="2" falsecount="0"/>
      <line num="12" count="3" type="stmt"/>
      <line num="14" count="3" type="stmt"/>
      <line num="16" count="3" type="stmt"/>
    </file>
    <file name="NodeIterator.js" path="/Users/tero/dev/static/git/RangerParser/dist/src/NodeIterator.js">
      <metrics statements="330" coveredstatements="260" conditionals="172" coveredconditionals="103" methods="47" coveredmethods="35"/>
      <line num="2" count="1" type="stmt"/>
      <line num="3" count="1" type="stmt"/>
      <line num="4" count="1" type="stmt"/>
      <line num="5" count="1" type="stmt"/>
      <line num="6" count="1" type="stmt"/>
      <line num="7" count="1" type="stmt"/>
      <line num="8" count="47" type="cond" truecount="2" falsecount="0"/>
      <line num="9" count="16" type="stmt"/>
      <line num="11" count="31" type="stmt"/>
      <line num="13" count="7" type="stmt"/>
      <line num="14" count="7" type="stmt"/>
      <line num="15" count="7" type="cond" truecount="2" falsecount="0"/>
      <line num="16" count="3" type="stmt"/>
      <line num="18" count="4" type="stmt"/>
      <line num="20" count="1" type="stmt"/>
      <line num="21" count="4" type="stmt"/>
      <line num="22" count="4" type="stmt"/>
      <line num="23" count="10" type="stmt"/>
      <line num="25" count="4" type="stmt"/>
      <line num="26" count="4" type="stmt"/>
      <line num="27" count="9" type="stmt"/>
      <line num="28" count="9" type="stmt"/>
      <line num="29" count="9" type="cond" truecount="2" falsecount="0"/>
      <line num="30" count="3" type="stmt"/>
      <line num="33" count="1" type="stmt"/>
      <line num="36" count="1" type="stmt"/>
      <line num="37" count="7" type="stmt"/>
      <line num="38" count="7" type="stmt"/>
      <line num="39" count="16" type="stmt"/>
      <line num="41" count="7" type="stmt"/>
      <line num="43" count="7" type="stmt"/>
      <line num="44" count="7" type="stmt"/>
      <line num="45" count="7" type="stmt"/>
      <line num="46" count="15" type="stmt"/>
      <line num="47" count="15" type="stmt"/>
      <line num="48" count="15" type="cond" truecount="2" falsecount="0"/>
      <line num="49" count="2" type="stmt"/>
      <line num="51" count="13" type="cond" truecount="2" falsecount="0"/>
      <line num="52" count="6" type="stmt"/>
      <line num="53" count="6" type="stmt"/>
      <line num="55" count="13" type="stmt"/>
      <line num="56" count="13" type="stmt"/>
      <line num="58" count="5" type="cond" truecount="1" falsecount="1"/>
      <line num="59" count="0" type="stmt"/>
      <line num="61" count="5" type="stmt"/>
      <line num="64" count="1" type="stmt"/>
      <line num="65" count="0" type="stmt"/>
      <line num="66" count="0" type="cond" truecount="0" falsecount="2"/>
      <line num="67" count="0" type="cond" truecount="0" falsecount="2"/>
      <line num="68" count="0" type="stmt"/>
      <line num="69" count="0" type="stmt"/>
      <line num="70" count="0" type="stmt"/>
      <line num="71" count="0" type="cond" truecount="0" falsecount="4"/>
      <line num="72" count="0" type="stmt"/>
      <line num="76" count="0" type="stmt"/>
      <line num="78" count="1" type="stmt"/>
      <line num="79" count="2" type="stmt"/>
      <line num="80" count="2" type="cond" truecount="1" falsecount="1"/>
      <line num="81" count="2" type="cond" truecount="1" falsecount="1"/>
      <line num="82" count="2" type="stmt"/>
      <line num="85" count="0" type="stmt"/>
      <line num="87" count="1" type="stmt"/>
      <line num="88" count="1" type="stmt"/>
      <line num="89" count="0" type="stmt"/>
      <line num="90" count="0" type="cond" truecount="0" falsecount="2"/>
      <line num="91" count="0" type="cond" truecount="0" falsecount="2"/>
      <line num="92" count="0" type="stmt"/>
      <line num="95" count="0" type="stmt"/>
      <line num="97" count="1" type="stmt"/>
      <line num="98" count="6" type="stmt"/>
      <line num="99" count="6" type="cond" truecount="1" falsecount="1"/>
      <line num="100" count="6" type="stmt"/>
      <line num="102" count="0" type="stmt"/>
      <line num="104" count="1" type="stmt"/>
      <line num="105" count="1" type="stmt"/>
      <line num="106" count="1" type="stmt"/>
      <line num="107" count="1" type="stmt"/>
      <line num="108" count="1" type="cond" truecount="1" falsecount="1"/>
      <line num="109" count="1" type="cond" truecount="1" falsecount="1"/>
      <line num="110" count="1" type="stmt"/>
      <line num="113" count="0" type="stmt"/>
      <line num="115" count="1" type="stmt"/>
      <line num="116" count="1" type="stmt"/>
      <line num="117" count="20" type="stmt"/>
      <line num="118" count="20" type="cond" truecount="1" falsecount="1"/>
      <line num="119" count="20" type="cond" truecount="1" falsecount="1"/>
      <line num="120" count="20" type="stmt"/>
      <line num="123" count="0" type="stmt"/>
      <line num="125" count="1" type="stmt"/>
      <line num="126" count="1" type="stmt"/>
      <line num="127" count="16" type="stmt"/>
      <line num="128" count="16" type="cond" truecount="1" falsecount="1"/>
      <line num="129" count="16" type="cond" truecount="1" falsecount="1"/>
      <line num="132" count="16" type="stmt"/>
      <line num="135" count="0" type="stmt"/>
      <line num="137" count="1" type="stmt"/>
      <line num="138" count="1" type="stmt"/>
      <line num="139" count="0" type="stmt"/>
      <line num="140" count="0" type="cond" truecount="0" falsecount="2"/>
      <line num="141" count="0" type="cond" truecount="0" falsecount="2"/>
      <line num="142" count="0" type="stmt"/>
      <line num="145" count="0" type="stmt"/>
      <line num="147" count="1" type="stmt"/>
      <line num="148" count="12" type="stmt"/>
      <line num="149" count="12" type="stmt"/>
      <line num="150" count="12" type="cond" truecount="1" falsecount="1"/>
      <line num="151" count="12" type="cond" truecount="1" falsecount="1"/>
      <line num="152" count="12" type="cond" truecount="2" falsecount="0"/>
      <line num="153" count="6" type="stmt"/>
      <line num="155" count="6" type="cond" truecount="2" falsecount="0"/>
      <line num="156" count="1" type="stmt"/>
      <line num="160" count="5" type="stmt"/>
      <line num="162" count="1" type="stmt"/>
      <line num="163" count="120" type="stmt"/>
      <line num="164" count="154" type="stmt"/>
      <line num="165" count="154" type="cond" truecount="2" falsecount="0"/>
      <line num="166" count="153" type="cond" truecount="2" falsecount="0"/>
      <line num="167" count="152" type="cond" truecount="2" falsecount="0"/>
      <line num="168" count="37" type="stmt"/>
      <line num="170" count="115" type="cond" truecount="1" falsecount="1"/>
      <line num="171" count="0" type="stmt"/>
      <line num="172" count="0" type="stmt"/>
      <line num="173" count="0" type="cond" truecount="0" falsecount="2"/>
      <line num="174" count="0" type="cond" truecount="0" falsecount="2"/>
      <line num="175" count="0" type="stmt"/>
      <line num="179" count="0" type="cond" truecount="0" falsecount="2"/>
      <line num="180" count="0" type="stmt"/>
      <line num="186" count="115" type="cond" truecount="2" falsecount="0"/>
      <line num="187" count="6" type="cond" truecount="1" falsecount="1"/>
      <line num="188" count="6" type="stmt"/>
      <line num="192" count="109" type="cond" truecount="2" falsecount="0"/>
      <line num="193" count="102" type="stmt"/>
      <line num="199" count="9" type="stmt"/>
      <line num="201" count="1" type="stmt"/>
      <line num="202" count="4" type="stmt"/>
      <line num="203" count="1" type="stmt"/>
      <line num="205" count="380" type="stmt"/>
      <line num="206" count="380" type="stmt"/>
      <line num="207" count="380" type="stmt"/>
      <line num="209" count="1" type="stmt"/>
      <line num="210" count="296" type="stmt"/>
      <line num="211" count="296" type="stmt"/>
      <line num="212" count="296" type="stmt"/>
      <line num="213" count="296" type="stmt"/>
      <line num="215" count="1" type="stmt"/>
      <line num="216" count="80" type="stmt"/>
      <line num="217" count="80" type="stmt"/>
      <line num="218" count="80" type="stmt"/>
      <line num="219" count="80" type="stmt"/>
      <line num="220" count="198" type="stmt"/>
      <line num="221" count="198" type="stmt"/>
      <line num="222" count="198" type="stmt"/>
      <line num="223" count="198" type="stmt"/>
      <line num="224" count="198" type="stmt"/>
      <line num="225" count="198" type="cond" truecount="2" falsecount="0"/>
      <line num="226" count="192" type="stmt"/>
      <line num="229" count="6" type="stmt"/>
      <line num="232" count="74" type="cond" truecount="2" falsecount="0"/>
      <line num="233" count="57" type="stmt"/>
      <line num="234" count="74" type="stmt"/>
      <line num="235" count="74" type="stmt"/>
      <line num="236" count="74" type="stmt"/>
      <line num="238" count="1" type="stmt"/>
      <line num="239" count="75" type="stmt"/>
      <line num="241" count="1" type="stmt"/>
      <line num="242" count="5" type="stmt"/>
      <line num="244" count="1" type="stmt"/>
      <line num="245" count="0" type="stmt"/>
      <line num="246" count="0" type="cond" truecount="0" falsecount="2"/>
      <line num="248" count="1" type="stmt"/>
      <line num="249" count="0" type="stmt"/>
      <line num="250" count="0" type="cond" truecount="0" falsecount="2"/>
      <line num="252" count="1" type="stmt"/>
      <line num="253" count="0" type="stmt"/>
      <line num="254" count="0" type="cond" truecount="0" falsecount="2"/>
      <line num="256" count="1" type="stmt"/>
      <line num="257" count="6" type="stmt"/>
      <line num="258" count="6" type="cond" truecount="1" falsecount="1"/>
      <line num="260" count="1" type="stmt"/>
      <line num="261" count="24" type="stmt"/>
      <line num="262" count="24" type="cond" truecount="2" falsecount="0"/>
      <line num="264" count="1" type="stmt"/>
      <line num="265" count="1" type="stmt"/>
      <line num="266" count="1" type="cond" truecount="1" falsecount="1"/>
      <line num="268" count="1" type="stmt"/>
      <line num="269" count="0" type="stmt"/>
      <line num="270" count="0" type="cond" truecount="0" falsecount="2"/>
      <line num="272" count="1" type="stmt"/>
      <line num="273" count="0" type="stmt"/>
      <line num="274" count="0" type="cond" truecount="0" falsecount="2"/>
      <line num="276" count="1" type="stmt"/>
      <line num="277" count="0" type="stmt"/>
      <line num="278" count="0" type="stmt"/>
      <line num="280" count="1" type="stmt"/>
      <line num="281" count="0" type="stmt"/>
      <line num="282" count="0" type="cond" truecount="0" falsecount="2"/>
      <line num="284" count="1" type="stmt"/>
      <line num="285" count="0" type="stmt"/>
      <line num="286" count="0" type="stmt"/>
      <line num="287" count="0" type="stmt"/>
      <line num="288" count="0" type="stmt"/>
      <line num="290" count="0" type="stmt"/>
      <line num="291" count="0" type="stmt"/>
      <line num="293" count="1" type="stmt"/>
      <line num="294" count="4" type="cond" truecount="1" falsecount="1"/>
      <line num="295" count="0" type="stmt"/>
      <line num="296" count="0" type="stmt"/>
      <line num="298" count="4" type="cond" truecount="1" falsecount="1"/>
      <line num="299" count="4" type="stmt"/>
      <line num="300" count="4" type="stmt"/>
      <line num="302" count="0" type="stmt"/>
      <line num="303" count="0" type="cond" truecount="0" falsecount="4"/>
      <line num="304" count="0" type="stmt"/>
      <line num="305" count="0" type="stmt"/>
      <line num="307" count="0" type="stmt"/>
      <line num="309" count="1" type="stmt"/>
      <line num="310" count="1" type="stmt"/>
      <line num="311" count="1" type="cond" truecount="1" falsecount="1"/>
      <line num="312" count="1" type="cond" truecount="1" falsecount="1"/>
      <line num="313" count="0" type="stmt"/>
      <line num="315" count="1" type="cond" truecount="1" falsecount="1"/>
      <line num="316" count="0" type="stmt"/>
      <line num="318" count="1" type="cond" truecount="1" falsecount="1"/>
      <line num="319" count="0" type="stmt"/>
      <line num="321" count="1" type="cond" truecount="1" falsecount="1"/>
      <line num="322" count="1" type="stmt"/>
      <line num="324" count="0" type="stmt"/>
      <line num="326" count="0" type="stmt"/>
      <line num="328" count="1" type="stmt"/>
      <line num="329" count="215" type="cond" truecount="2" falsecount="0"/>
      <line num="331" count="215" type="stmt"/>
      <line num="332" count="215" type="stmt"/>
      <line num="333" count="215" type="stmt"/>
      <line num="334" count="234" type="stmt"/>
      <line num="335" count="234" type="cond" truecount="2" falsecount="0"/>
      <line num="336" count="1" type="stmt"/>
      <line num="338" count="233" type="cond" truecount="4" falsecount="0"/>
      <line num="339" count="39" type="stmt"/>
      <line num="340" count="39" type="stmt"/>
      <line num="341" count="39" type="stmt"/>
      <line num="342" count="39" type="stmt"/>
      <line num="343" count="39" type="stmt"/>
      <line num="345" count="194" type="cond" truecount="5" falsecount="0"/>
      <line num="346" count="17" type="stmt"/>
      <line num="347" count="17" type="stmt"/>
      <line num="348" count="17" type="stmt"/>
      <line num="349" count="17" type="stmt"/>
      <line num="350" count="17" type="stmt"/>
      <line num="352" count="177" type="cond" truecount="2" falsecount="0"/>
      <line num="353" count="15" type="stmt"/>
      <line num="354" count="15" type="stmt"/>
      <line num="355" count="15" type="stmt"/>
      <line num="357" count="162" type="stmt"/>
      <line num="358" count="162" type="stmt"/>
      <line num="359" count="162" type="stmt"/>
      <line num="361" count="215" type="cond" truecount="1" falsecount="1"/>
      <line num="362" count="215" type="stmt"/>
      <line num="364" count="0" type="stmt"/>
      <line num="366" count="1" type="stmt"/>
      <line num="367" count="266" type="cond" truecount="2" falsecount="0"/>
      <line num="368" count="266" type="stmt"/>
      <line num="369" count="266" type="stmt"/>
      <line num="370" count="266" type="stmt"/>
      <line num="371" count="266" type="stmt"/>
      <line num="372" count="266" type="stmt"/>
      <line num="373" count="303" type="stmt"/>
      <line num="374" count="303" type="cond" truecount="2" falsecount="0"/>
      <line num="375" count="6" type="stmt"/>
      <line num="377" count="297" type="cond" truecount="4" falsecount="0"/>
      <line num="378" count="55" type="stmt"/>
      <line num="379" count="55" type="stmt"/>
      <line num="380" count="55" type="stmt"/>
      <line num="381" count="55" type="stmt"/>
      <line num="382" count="55" type="stmt"/>
      <line num="384" count="242" type="cond" truecount="5" falsecount="0"/>
      <line num="385" count="16" type="stmt"/>
      <line num="386" count="16" type="stmt"/>
      <line num="387" count="16" type="stmt"/>
      <line num="388" count="16" type="stmt"/>
      <line num="389" count="16" type="stmt"/>
      <line num="391" count="226" type="cond" truecount="2" falsecount="0"/>
      <line num="392" count="20" type="stmt"/>
      <line num="393" count="20" type="stmt"/>
      <line num="394" count="20" type="stmt"/>
      <line num="396" count="206" type="stmt"/>
      <line num="397" count="206" type="stmt"/>
      <line num="398" count="206" type="stmt"/>
      <line num="400" count="266" type="cond" truecount="2" falsecount="0"/>
      <line num="401" count="6" type="stmt"/>
      <line num="403" count="260" type="stmt"/>
      <line num="405" count="1" type="stmt"/>
      <line num="406" count="5" type="stmt"/>
      <line num="407" count="5" type="stmt"/>
      <line num="408" count="5" type="stmt"/>
      <line num="409" count="5" type="cond" truecount="2" falsecount="0"/>
      <line num="410" count="5" type="cond" truecount="2" falsecount="2"/>
      <line num="411" count="0" type="stmt"/>
      <line num="413" count="5" type="stmt"/>
      <line num="415" count="1" type="stmt"/>
      <line num="416" count="3" type="stmt"/>
      <line num="417" count="5" type="stmt"/>
      <line num="419" count="1" type="stmt"/>
      <line num="420" count="4" type="cond" truecount="1" falsecount="1"/>
      <line num="421" count="0" type="stmt"/>
      <line num="423" count="4" type="cond" truecount="1" falsecount="1"/>
      <line num="424" count="0" type="stmt"/>
      <line num="426" count="4" type="cond" truecount="1" falsecount="1"/>
      <line num="427" count="4" type="stmt"/>
      <line num="428" count="4" type="cond" truecount="3" falsecount="1"/>
      <line num="429" count="0" type="stmt"/>
      <line num="432" count="4" type="stmt"/>
      <line num="434" count="1" type="stmt"/>
      <line num="435" count="4" type="stmt"/>
      <line num="436" count="4" type="stmt"/>
      <line num="437" count="4" type="stmt"/>
      <line num="438" count="9" type="cond" truecount="4" falsecount="0"/>
      <line num="439" count="4" type="stmt"/>
      <line num="440" count="4" type="cond" truecount="1" falsecount="1"/>
      <line num="441" count="0" type="stmt"/>
      <line num="443" count="4" type="stmt"/>
      <line num="444" count="4" type="stmt"/>
      <line num="445" count="4" type="stmt"/>
      <line num="447" count="5" type="stmt"/>
      <line num="448" count="5" type="cond" truecount="2" falsecount="0"/>
      <line num="449" count="3" type="stmt"/>
      <line num="451" count="2" type="stmt"/>
      <line num="452" count="2" type="stmt"/>
      <line num="455" count="1" type="stmt"/>
      <line num="457" count="1" type="stmt"/>
      <line num="458" count="1" type="stmt"/>
    </file>
    <file name="RangerParser.js" path="/Users/tero/dev/static/git/RangerParser/dist/src/RangerParser.js">
      <metrics statements="331" coveredstatements="256" conditionals="210" coveredconditionals="145" methods="8" coveredmethods="8"/>
      <line num="2" count="2" type="stmt"/>
      <line num="3" count="2" type="stmt"/>
      <line num="4" count="2" type="stmt"/>
      <line num="11" count="2" type="stmt"/>
      <line num="12" count="62" type="stmt"/>
      <line num="13" count="62" type="stmt"/>
      <line num="14" count="62" type="stmt"/>
      <line num="15" count="62" type="stmt"/>
      <line num="17" count="2" type="stmt"/>
      <line num="19" count="62" type="stmt"/>
      <line num="20" count="62" type="stmt"/>
      <line num="21" count="62" type="stmt"/>
      <line num="22" count="62" type="stmt"/>
      <line num="23" count="62" type="stmt"/>
      <line num="24" count="62" type="stmt"/>
      <line num="25" count="62" type="stmt"/>
      <line num="26" count="62" type="stmt"/>
      <line num="27" count="62" type="stmt"/>
      <line num="28" count="62" type="stmt"/>
      <line num="29" count="62" type="stmt"/>
      <line num="30" count="62" type="stmt"/>
      <line num="31" count="62" type="stmt"/>
      <line num="32" count="62" type="stmt"/>
      <line num="33" count="62" type="stmt"/>
      <line num="34" count="62" type="stmt"/>
      <line num="35" count="62" type="stmt"/>
      <line num="37" count="2" type="stmt"/>
      <line num="38" count="511" type="stmt"/>
      <line num="39" count="511" type="stmt"/>
      <line num="40" count="511" type="cond" truecount="1" falsecount="1"/>
      <line num="41" count="0" type="stmt"/>
      <line num="43" count="511" type="stmt"/>
      <line num="44" count="511" type="cond" truecount="2" falsecount="0"/>
      <line num="45" count="915" type="cond" truecount="1" falsecount="1"/>
      <line num="46" count="0" type="stmt"/>
      <line num="47" count="0" type="stmt"/>
      <line num="49" count="915" type="cond" truecount="5" falsecount="0"/>
      <line num="50" count="43" type="stmt"/>
      <line num="51" count="43" type="stmt"/>
      <line num="52" count="43" type="stmt"/>
      <line num="53" count="43" type="stmt"/>
      <line num="55" count="872" type="stmt"/>
      <line num="56" count="872" type="cond" truecount="3" falsecount="0"/>
      <line num="57" count="141" type="stmt"/>
      <line num="58" count="141" type="stmt"/>
      <line num="59" count="141" type="cond" truecount="1" falsecount="1"/>
      <line num="60" count="0" type="stmt"/>
      <line num="62" count="141" type="stmt"/>
      <line num="63" count="141" type="cond" truecount="4" falsecount="0"/>
      <line num="66" count="872" type="cond" truecount="2" falsecount="0"/>
      <line num="67" count="116" type="stmt"/>
      <line num="70" count="756" type="stmt"/>
      <line num="71" count="756" type="cond" truecount="2" falsecount="0"/>
      <line num="72" count="28" type="stmt"/>
      <line num="74" count="728" type="stmt"/>
      <line num="77" count="483" type="stmt"/>
      <line num="79" count="2" type="stmt"/>
      <line num="80" count="49" type="stmt"/>
      <line num="81" count="49" type="cond" truecount="1" falsecount="1"/>
      <line num="82" count="0" type="stmt"/>
      <line num="84" count="49" type="stmt"/>
      <line num="85" count="49" type="cond" truecount="1" falsecount="1"/>
      <line num="86" count="0" type="stmt"/>
      <line num="88" count="49" type="stmt"/>
      <line num="89" count="49" type="cond" truecount="3" falsecount="1"/>
      <line num="90" count="49" type="stmt"/>
      <line num="92" count="49" type="cond" truecount="1" falsecount="1"/>
      <line num="93" count="49" type="stmt"/>
      <line num="96" count="0" type="stmt"/>
      <line num="98" count="49" type="stmt"/>
      <line num="100" count="2" type="stmt"/>
      <line num="101" count="844" type="cond" truecount="1" falsecount="1"/>
      <line num="102" count="0" type="stmt"/>
      <line num="104" count="844" type="stmt"/>
      <line num="105" count="844" type="cond" truecount="1" falsecount="1"/>
      <line num="106" count="0" type="stmt"/>
      <line num="108" count="844" type="stmt"/>
      <line num="109" count="844" type="stmt"/>
      <line num="110" count="844" type="cond" truecount="10" falsecount="6"/>
      <line num="112" count="0" type="stmt"/>
      <line num="114" count="1" type="stmt"/>
      <line num="116" count="2" type="stmt"/>
      <line num="118" count="9" type="stmt"/>
      <line num="120" count="3" type="stmt"/>
      <line num="122" count="6" type="stmt"/>
      <line num="124" count="0" type="stmt"/>
      <line num="126" count="0" type="stmt"/>
      <line num="128" count="7" type="stmt"/>
      <line num="130" count="3" type="cond" truecount="1" falsecount="1"/>
      <line num="131" count="0" type="stmt"/>
      <line num="133" count="3" type="stmt"/>
      <line num="135" count="11" type="cond" truecount="1" falsecount="1"/>
      <line num="136" count="0" type="stmt"/>
      <line num="138" count="11" type="stmt"/>
      <line num="140" count="0" type="cond" truecount="0" falsecount="2"/>
      <line num="141" count="0" type="stmt"/>
      <line num="143" count="0" type="stmt"/>
      <line num="145" count="9" type="cond" truecount="1" falsecount="1"/>
      <line num="146" count="0" type="stmt"/>
      <line num="148" count="9" type="stmt"/>
      <line num="150" count="0" type="cond" truecount="0" falsecount="2"/>
      <line num="151" count="0" type="stmt"/>
      <line num="153" count="0" type="stmt"/>
      <line num="155" count="0" type="cond" truecount="0" falsecount="2"/>
      <line num="156" count="0" type="stmt"/>
      <line num="158" count="0" type="stmt"/>
      <line num="160" count="793" type="stmt"/>
      <line num="162" count="793" type="stmt"/>
      <line num="164" count="2" type="stmt"/>
      <line num="165" count="99" type="stmt"/>
      <line num="166" count="99" type="stmt"/>
      <line num="168" count="2" type="stmt"/>
      <line num="169" count="212" type="stmt"/>
      <line num="170" count="212" type="stmt"/>
      <line num="172" count="212" type="stmt"/>
      <line num="173" count="212" type="stmt"/>
      <line num="174" count="212" type="stmt"/>
      <line num="175" count="212" type="stmt"/>
      <line num="176" count="212" type="stmt"/>
      <line num="177" count="212" type="stmt"/>
      <line num="178" count="212" type="stmt"/>
      <line num="179" count="517" type="cond" truecount="3" falsecount="1"/>
      <line num="180" count="517" type="cond" truecount="1" falsecount="1"/>
      <line num="181" count="0" type="stmt"/>
      <line num="183" count="517" type="cond" truecount="1" falsecount="1"/>
      <line num="184" count="0" type="stmt"/>
      <line num="187" count="517" type="stmt"/>
      <line num="188" count="517" type="stmt"/>
      <line num="189" count="517" type="cond" truecount="2" falsecount="0"/>
      <line num="190" count="6" type="stmt"/>
      <line num="191" count="6" type="stmt"/>
      <line num="192" count="6" type="stmt"/>
      <line num="194" count="511" type="cond" truecount="3" falsecount="1"/>
      <line num="195" count="511" type="cond" truecount="4" falsecount="0"/>
      <line num="197" count="254" type="stmt"/>
      <line num="198" count="254" type="cond" truecount="1" falsecount="1"/>
      <line num="199" count="254" type="stmt"/>
      <line num="203" count="511" type="cond" truecount="2" falsecount="0"/>
      <line num="204" count="71" type="stmt"/>
      <line num="206" count="440" type="stmt"/>
      <line num="207" count="440" type="stmt"/>
      <line num="208" count="440" type="cond" truecount="1" falsecount="1"/>
      <line num="209" count="440" type="cond" truecount="2" falsecount="0"/>
      <line num="210" count="42" type="stmt"/>
      <line num="211" count="42" type="stmt"/>
      <line num="212" count="42" type="stmt"/>
      <line num="213" count="42" type="stmt"/>
      <line num="214" count="42" type="stmt"/>
      <line num="215" count="42" type="stmt"/>
      <line num="216" count="42" type="stmt"/>
      <line num="217" count="42" type="stmt"/>
      <line num="218" count="42" type="stmt"/>
      <line num="219" count="42" type="stmt"/>
      <line num="221" count="398" type="stmt"/>
      <line num="222" count="398" type="cond" truecount="2" falsecount="0"/>
      <line num="223" count="388" type="stmt"/>
      <line num="225" count="388" type="cond" truecount="4" falsecount="0"/>
      <line num="226" count="80" type="stmt"/>
      <line num="227" count="80" type="cond" truecount="1" falsecount="1"/>
      <line num="228" count="0" type="stmt"/>
      <line num="229" count="0" type="stmt"/>
      <line num="230" count="0" type="stmt"/>
      <line num="231" count="0" type="stmt"/>
      <line num="234" count="80" type="stmt"/>
      <line num="235" count="80" type="stmt"/>
      <line num="236" count="80" type="stmt"/>
      <line num="237" count="80" type="stmt"/>
      <line num="238" count="80" type="stmt"/>
      <line num="240" count="80" type="cond" truecount="2" falsecount="0"/>
      <line num="241" count="58" type="stmt"/>
      <line num="243" count="80" type="stmt"/>
      <line num="244" count="80" type="stmt"/>
      <line num="245" count="80" type="stmt"/>
      <line num="248" count="318" type="stmt"/>
      <line num="249" count="318" type="stmt"/>
      <line num="250" count="318" type="stmt"/>
      <line num="251" count="318" type="cond" truecount="5" falsecount="2"/>
      <line num="255" count="11" type="stmt"/>
      <line num="256" count="11" type="stmt"/>
      <line num="257" count="11" type="stmt"/>
      <line num="258" count="11" type="stmt"/>
      <line num="259" count="11" type="cond" truecount="5" falsecount="2"/>
      <line num="263" count="9" type="cond" truecount="2" falsecount="0"/>
      <line num="264" count="2" type="stmt"/>
      <line num="266" count="9" type="stmt"/>
      <line num="267" count="9" type="stmt"/>
      <line num="269" count="11" type="stmt"/>
      <line num="270" count="11" type="stmt"/>
      <line num="271" count="11" type="cond" truecount="2" falsecount="0"/>
      <line num="272" count="2" type="stmt"/>
      <line num="273" count="2" type="stmt"/>
      <line num="274" count="2" type="cond" truecount="1" falsecount="1"/>
      <line num="279" count="9" type="stmt"/>
      <line num="280" count="9" type="stmt"/>
      <line num="281" count="9" type="cond" truecount="1" falsecount="1"/>
      <line num="285" count="11" type="stmt"/>
      <line num="286" count="11" type="stmt"/>
      <line num="288" count="307" type="stmt"/>
      <line num="289" count="307" type="cond" truecount="3" falsecount="0"/>
      <line num="290" count="307" type="cond" truecount="2" falsecount="0"/>
      <line num="291" count="8" type="stmt"/>
      <line num="292" count="8" type="stmt"/>
      <line num="293" count="8" type="stmt"/>
      <line num="294" count="8" type="stmt"/>
      <line num="295" count="8" type="stmt"/>
      <line num="296" count="36" type="stmt"/>
      <line num="297" count="36" type="stmt"/>
      <line num="298" count="36" type="cond" truecount="2" falsecount="0"/>
      <line num="299" count="8" type="stmt"/>
      <line num="301" count="28" type="cond" truecount="1" falsecount="1"/>
      <line num="302" count="0" type="stmt"/>
      <line num="303" count="0" type="cond" truecount="0" falsecount="2"/>
      <line num="304" count="0" type="stmt"/>
      <line num="305" count="0" type="stmt"/>
      <line num="308" count="0" type="stmt"/>
      <line num="312" count="8" type="stmt"/>
      <line num="313" count="8" type="cond" truecount="1" falsecount="1"/>
      <line num="314" count="8" type="stmt"/>
      <line num="315" count="8" type="cond" truecount="1" falsecount="1"/>
      <line num="316" count="0" type="stmt"/>
      <line num="317" count="0" type="stmt"/>
      <line num="318" count="0" type="stmt"/>
      <line num="319" count="0" type="stmt"/>
      <line num="320" count="0" type="stmt"/>
      <line num="321" count="0" type="stmt"/>
      <line num="322" count="0" type="cond" truecount="0" falsecount="2"/>
      <line num="323" count="0" type="stmt"/>
      <line num="324" count="0" type="cond" truecount="0" falsecount="10"/>
      <line num="326" count="0" type="stmt"/>
      <line num="327" count="0" type="stmt"/>
      <line num="329" count="0" type="stmt"/>
      <line num="330" count="0" type="stmt"/>
      <line num="332" count="0" type="stmt"/>
      <line num="333" count="0" type="stmt"/>
      <line num="335" count="0" type="stmt"/>
      <line num="336" count="0" type="stmt"/>
      <line num="338" count="0" type="stmt"/>
      <line num="339" count="0" type="stmt"/>
      <line num="341" count="0" type="stmt"/>
      <line num="342" count="0" type="stmt"/>
      <line num="344" count="0" type="stmt"/>
      <line num="345" count="0" type="stmt"/>
      <line num="347" count="0" type="stmt"/>
      <line num="348" count="0" type="stmt"/>
      <line num="350" count="0" type="stmt"/>
      <line num="351" count="0" type="stmt"/>
      <line num="353" count="0" type="stmt"/>
      <line num="355" count="0" type="stmt"/>
      <line num="358" count="0" type="stmt"/>
      <line num="359" count="0" type="stmt"/>
      <line num="365" count="8" type="stmt"/>
      <line num="366" count="8" type="stmt"/>
      <line num="367" count="8" type="stmt"/>
      <line num="368" count="8" type="cond" truecount="1" falsecount="1"/>
      <line num="369" count="0" type="stmt"/>
      <line num="372" count="8" type="stmt"/>
      <line num="374" count="8" type="stmt"/>
      <line num="375" count="8" type="stmt"/>
      <line num="376" count="8" type="stmt"/>
      <line num="379" count="299" type="stmt"/>
      <line num="380" count="299" type="stmt"/>
      <line num="381" count="299" type="stmt"/>
      <line num="382" count="299" type="stmt"/>
      <line num="383" count="299" type="stmt"/>
      <line num="384" count="299" type="stmt"/>
      <line num="387" count="299" type="cond" truecount="7" falsecount="0"/>
      <line num="393" count="219" type="cond" truecount="2" falsecount="0"/>
      <line num="394" count="70" type="stmt"/>
      <line num="395" count="70" type="stmt"/>
      <line num="396" count="70" type="stmt"/>
      <line num="397" count="70" type="stmt"/>
      <line num="398" count="70" type="stmt"/>
      <line num="399" count="70" type="stmt"/>
      <line num="400" count="70" type="stmt"/>
      <line num="401" count="70" type="stmt"/>
      <line num="402" count="70" type="stmt"/>
      <line num="405" count="229" type="stmt"/>
      <line num="406" count="229" type="cond" truecount="5" falsecount="0"/>
      <line num="412" count="553" type="cond" truecount="2" falsecount="0"/>
      <line num="413" count="404" type="stmt"/>
      <line num="414" count="404" type="cond" truecount="2" falsecount="0"/>
      <line num="415" count="9" type="stmt"/>
      <line num="418" count="544" type="stmt"/>
      <line num="419" count="544" type="stmt"/>
      <line num="420" count="544" type="cond" truecount="4" falsecount="0"/>
      <line num="421" count="22" type="stmt"/>
      <line num="422" count="22" type="stmt"/>
      <line num="425" count="229" type="stmt"/>
      <line num="426" count="229" type="cond" truecount="1" falsecount="1"/>
      <line num="427" count="0" type="stmt"/>
      <line num="429" count="229" type="stmt"/>
      <line num="430" count="229" type="stmt"/>
      <line num="431" count="229" type="cond" truecount="3" falsecount="0"/>
      <line num="432" count="97" type="stmt"/>
      <line num="433" count="97" type="stmt"/>
      <line num="434" count="97" type="cond" truecount="5" falsecount="0"/>
      <line num="435" count="6" type="stmt"/>
      <line num="436" count="6" type="stmt"/>
      <line num="437" count="6" type="stmt"/>
      <line num="438" count="6" type="stmt"/>
      <line num="441" count="229" type="cond" truecount="4" falsecount="0"/>
      <line num="442" count="149" type="stmt"/>
      <line num="443" count="149" type="stmt"/>
      <line num="444" count="149" type="stmt"/>
      <line num="445" count="149" type="stmt"/>
      <line num="446" count="149" type="stmt"/>
      <line num="447" count="149" type="stmt"/>
      <line num="448" count="149" type="stmt"/>
      <line num="449" count="149" type="stmt"/>
      <line num="450" count="149" type="cond" truecount="1" falsecount="1"/>
      <line num="451" count="0" type="stmt"/>
      <line num="452" count="0" type="stmt"/>
      <line num="454" count="149" type="stmt"/>
      <line num="457" count="80" type="cond" truecount="3" falsecount="1"/>
      <line num="458" count="80" type="cond" truecount="3" falsecount="2"/>
      <line num="461" count="0" type="stmt"/>
      <line num="463" count="80" type="stmt"/>
      <line num="464" count="80" type="stmt"/>
      <line num="465" count="80" type="cond" truecount="1" falsecount="1"/>
      <line num="466" count="0" type="stmt"/>
      <line num="468" count="80" type="stmt"/>
      <line num="469" count="80" type="cond" truecount="3" falsecount="1"/>
      <line num="470" count="80" type="stmt"/>
      <line num="472" count="80" type="cond" truecount="1" falsecount="1"/>
      <line num="473" count="80" type="stmt"/>
      <line num="476" count="0" type="stmt"/>
      <line num="478" count="80" type="stmt"/>
      <line num="480" count="0" type="cond" truecount="0" falsecount="2"/>
      <line num="481" count="0" type="stmt"/>
      <line num="486" count="2" type="stmt"/>
      <line num="488" count="2" type="stmt"/>
    </file>
    <file name="RangerType.js" path="/Users/tero/dev/static/git/RangerParser/dist/src/RangerType.js">
      <metrics statements="7" coveredstatements="7" conditionals="2" coveredconditionals="2" methods="1" coveredmethods="1"/>
      <line num="2" count="1" type="stmt"/>
      <line num="4" count="1" type="stmt"/>
      <line num="5" count="1" type="stmt"/>
      <line num="6" count="1" type="stmt"/>
      <line num="7" count="1" type="stmt"/>
      <line num="8" count="1" type="stmt"/>
      <line num="9" count="1" type="stmt"/>
    </file>
    <file name="SourceCode.js" path="/Users/tero/dev/static/git/RangerParser/dist/src/SourceCode.js">
      <metrics statements="48" coveredstatements="48" conditionals="10" coveredconditionals="10" methods="6" coveredmethods="6"/>
      <line num="2" count="4" type="stmt"/>
      <line num="3" count="4" type="stmt"/>
      <line num="5" count="72" type="stmt"/>
      <line num="6" count="72" type="stmt"/>
      <line num="7" count="72" type="stmt"/>
      <line num="8" count="72" type="stmt"/>
      <line num="9" count="72" type="stmt"/>
      <line num="11" count="4" type="stmt"/>
      <line num="12" count="4" type="cond" truecount="2" falsecount="0"/>
      <line num="13" count="1" type="stmt"/>
      <line num="15" count="3" type="cond" truecount="2" falsecount="0"/>
      <line num="16" count="2" type="stmt"/>
      <line num="18" count="1" type="stmt"/>
      <line num="20" count="4" type="stmt"/>
      <line num="21" count="4" type="stmt"/>
      <line num="22" count="4" type="stmt"/>
      <line num="23" count="10" type="stmt"/>
      <line num="24" count="10" type="stmt"/>
      <line num="25" count="10" type="cond" truecount="2" falsecount="0"/>
      <line num="26" count="3" type="stmt"/>
      <line num="29" count="1" type="stmt"/>
      <line num="31" count="4" type="stmt"/>
      <line num="32" count="3" type="stmt"/>
      <line num="33" count="3" type="stmt"/>
      <line num="34" count="3" type="stmt"/>
      <line num="35" count="7" type="stmt"/>
      <line num="36" count="7" type="stmt"/>
      <line num="37" count="7" type="cond" truecount="2" falsecount="0"/>
      <line num="38" count="2" type="stmt"/>
      <line num="39" count="2" type="stmt"/>
      <line num="40" count="2" type="stmt"/>
      <line num="41" count="3" type="stmt"/>
      <line num="42" count="3" type="stmt"/>
      <line num="44" count="2" type="stmt"/>
      <line num="46" count="5" type="stmt"/>
      <line num="48" count="1" type="stmt"/>
      <line num="50" count="4" type="stmt"/>
      <line num="51" count="3" type="stmt"/>
      <line num="52" count="3" type="stmt"/>
      <line num="53" count="3" type="stmt"/>
      <line num="54" count="7" type="stmt"/>
      <line num="55" count="7" type="stmt"/>
      <line num="56" count="7" type="cond" truecount="2" falsecount="0"/>
      <line num="57" count="2" type="stmt"/>
      <line num="59" count="5" type="stmt"/>
      <line num="61" count="1" type="stmt"/>
      <line num="63" count="4" type="stmt"/>
      <line num="65" count="4" type="stmt"/>
    </file>
  </project>
</coverage>
