<?xml version="1.0" encoding="UTF-8"?>
<coverage generated="1569237971941" clover="3.2.0">
  <project timestamp="1569237971941" name="All files">
    <metrics statements="799" coveredstatements="501" conditionals="455" coveredconditionals="210" methods="70" coveredmethods="35" elements="1324" coveredelements="746" complexity="0" loc="799" ncloc="799" packages="1" files="5" classes="5"/>
    <file name="CodeNode.js" path="/Users/tero/dev/static/git/RangerParser/dist/src/CodeNode.js">
      <metrics statements="37" coveredstatements="14" conditionals="15" coveredconditionals="0" methods="7" coveredmethods="2"/>
      <line num="2" count="2" type="stmt"/>
      <line num="3" count="2" type="stmt"/>
      <line num="5" count="314" type="stmt"/>
      <line num="6" count="314" type="stmt"/>
      <line num="7" count="314" type="stmt"/>
      <line num="8" count="314" type="stmt"/>
      <line num="9" count="314" type="stmt"/>
      <line num="11" count="2" type="stmt"/>
      <line num="12" count="0" type="cond" truecount="0" falsecount="7"/>
      <line num="14" count="0" type="stmt"/>
      <line num="16" count="0" type="stmt"/>
      <line num="18" count="0" type="stmt"/>
      <line num="20" count="0" type="stmt"/>
      <line num="22" count="0" type="stmt"/>
      <line num="24" count="0" type="stmt"/>
      <line num="26" count="0" type="stmt"/>
      <line num="28" count="0" type="stmt"/>
      <line num="30" count="2" type="stmt"/>
      <line num="31" count="0" type="cond" truecount="0" falsecount="4"/>
      <line num="32" count="0" type="stmt"/>
      <line num="33" count="0" type="stmt"/>
      <line num="34" count="0" type="stmt"/>
      <line num="35" count="0" type="stmt"/>
      <line num="36" count="0" type="cond" truecount="0" falsecount="2"/>
      <line num="37" count="0" type="stmt"/>
      <line num="39" count="0" type="cond" truecount="0" falsecount="2"/>
      <line num="40" count="0" type="stmt"/>
      <line num="42" count="0" type="stmt"/>
      <line num="44" count="0" type="stmt"/>
      <line num="46" count="2" type="stmt"/>
      <line num="47" count="0" type="stmt"/>
      <line num="49" count="2" type="stmt"/>
      <line num="50" count="0" type="stmt"/>
      <line num="52" count="2" type="stmt"/>
      <line num="53" count="0" type="stmt"/>
      <line num="55" count="2" type="stmt"/>
      <line num="57" count="2" type="stmt"/>
    </file>
    <file name="NodeIterator.js" path="/Users/tero/dev/static/git/RangerParser/dist/src/NodeIterator.js">
      <metrics statements="371" coveredstatements="175" conditionals="217" coveredconditionals="54" methods="48" coveredmethods="18"/>
      <line num="2" count="1" type="stmt"/>
      <line num="3" count="1" type="stmt"/>
      <line num="4" count="1" type="stmt"/>
      <line num="5" count="1" type="stmt"/>
      <line num="6" count="1" type="stmt"/>
      <line num="7" count="30" type="stmt"/>
      <line num="9" count="1" type="stmt"/>
      <line num="10" count="0" type="stmt"/>
      <line num="11" count="0" type="cond" truecount="0" falsecount="6"/>
      <line num="12" count="0" type="stmt"/>
      <line num="13" count="0" type="stmt"/>
      <line num="15" count="1" type="stmt"/>
      <line num="16" count="0" type="stmt"/>
      <line num="17" count="0" type="cond" truecount="0" falsecount="2"/>
      <line num="18" count="0" type="cond" truecount="0" falsecount="2"/>
      <line num="19" count="0" type="stmt"/>
      <line num="20" count="0" type="stmt"/>
      <line num="21" count="0" type="stmt"/>
      <line num="22" count="0" type="cond" truecount="0" falsecount="4"/>
      <line num="23" count="0" type="stmt"/>
      <line num="27" count="0" type="stmt"/>
      <line num="29" count="1" type="stmt"/>
      <line num="30" count="1" type="stmt"/>
      <line num="31" count="1" type="cond" truecount="1" falsecount="1"/>
      <line num="32" count="1" type="cond" truecount="1" falsecount="1"/>
      <line num="33" count="1" type="stmt"/>
      <line num="36" count="0" type="stmt"/>
      <line num="38" count="1" type="stmt"/>
      <line num="39" count="1" type="stmt"/>
      <line num="40" count="0" type="stmt"/>
      <line num="41" count="0" type="cond" truecount="0" falsecount="2"/>
      <line num="42" count="0" type="cond" truecount="0" falsecount="2"/>
      <line num="43" count="0" type="stmt"/>
      <line num="46" count="0" type="stmt"/>
      <line num="48" count="1" type="stmt"/>
      <line num="49" count="6" type="stmt"/>
      <line num="50" count="6" type="cond" truecount="1" falsecount="1"/>
      <line num="51" count="6" type="stmt"/>
      <line num="53" count="0" type="stmt"/>
      <line num="55" count="1" type="stmt"/>
      <line num="56" count="1" type="stmt"/>
      <line num="57" count="1" type="stmt"/>
      <line num="58" count="1" type="stmt"/>
      <line num="59" count="1" type="cond" truecount="1" falsecount="1"/>
      <line num="60" count="1" type="cond" truecount="1" falsecount="1"/>
      <line num="61" count="1" type="stmt"/>
      <line num="64" count="0" type="stmt"/>
      <line num="66" count="1" type="stmt"/>
      <line num="67" count="1" type="stmt"/>
      <line num="68" count="20" type="stmt"/>
      <line num="69" count="20" type="cond" truecount="1" falsecount="1"/>
      <line num="70" count="20" type="cond" truecount="1" falsecount="1"/>
      <line num="71" count="20" type="stmt"/>
      <line num="74" count="0" type="stmt"/>
      <line num="76" count="1" type="stmt"/>
      <line num="77" count="1" type="stmt"/>
      <line num="78" count="10" type="stmt"/>
      <line num="79" count="10" type="cond" truecount="1" falsecount="1"/>
      <line num="80" count="10" type="cond" truecount="1" falsecount="1"/>
      <line num="81" count="10" type="stmt"/>
      <line num="82" count="10" type="stmt"/>
      <line num="83" count="10" type="stmt"/>
      <line num="86" count="0" type="stmt"/>
      <line num="88" count="1" type="stmt"/>
      <line num="89" count="1" type="stmt"/>
      <line num="90" count="0" type="stmt"/>
      <line num="91" count="0" type="cond" truecount="0" falsecount="2"/>
      <line num="92" count="0" type="cond" truecount="0" falsecount="2"/>
      <line num="93" count="0" type="stmt"/>
      <line num="96" count="0" type="stmt"/>
      <line num="98" count="1" type="stmt"/>
      <line num="99" count="5" type="stmt"/>
      <line num="100" count="5" type="stmt"/>
      <line num="101" count="5" type="cond" truecount="1" falsecount="1"/>
      <line num="102" count="5" type="cond" truecount="1" falsecount="1"/>
      <line num="103" count="5" type="cond" truecount="1" falsecount="1"/>
      <line num="104" count="5" type="stmt"/>
      <line num="106" count="0" type="cond" truecount="0" falsecount="2"/>
      <line num="107" count="0" type="stmt"/>
      <line num="111" count="0" type="stmt"/>
      <line num="113" count="1" type="stmt"/>
      <line num="114" count="43" type="stmt"/>
      <line num="115" count="80" type="stmt"/>
      <line num="116" count="80" type="cond" truecount="1" falsecount="1"/>
      <line num="117" count="80" type="cond" truecount="1" falsecount="1"/>
      <line num="118" count="80" type="cond" truecount="2" falsecount="0"/>
      <line num="119" count="16" type="stmt"/>
      <line num="121" count="64" type="cond" truecount="1" falsecount="1"/>
      <line num="122" count="0" type="stmt"/>
      <line num="123" count="0" type="stmt"/>
      <line num="124" count="0" type="cond" truecount="0" falsecount="2"/>
      <line num="125" count="0" type="cond" truecount="0" falsecount="2"/>
      <line num="126" count="0" type="stmt"/>
      <line num="130" count="0" type="cond" truecount="0" falsecount="2"/>
      <line num="131" count="0" type="stmt"/>
      <line num="137" count="64" type="cond" truecount="2" falsecount="0"/>
      <line num="138" count="2" type="cond" truecount="1" falsecount="1"/>
      <line num="139" count="2" type="stmt"/>
      <line num="143" count="62" type="cond" truecount="1" falsecount="1"/>
      <line num="144" count="62" type="stmt"/>
      <line num="150" count="0" type="stmt"/>
      <line num="152" count="1" type="stmt"/>
      <line num="153" count="1" type="stmt"/>
      <line num="155" count="230" type="stmt"/>
      <line num="156" count="230" type="stmt"/>
      <line num="157" count="230" type="stmt"/>
      <line num="159" count="1" type="stmt"/>
      <line num="160" count="170" type="stmt"/>
      <line num="161" count="170" type="stmt"/>
      <line num="162" count="170" type="stmt"/>
      <line num="163" count="170" type="stmt"/>
      <line num="165" count="1" type="stmt"/>
      <line num="166" count="47" type="stmt"/>
      <line num="167" count="47" type="stmt"/>
      <line num="168" count="47" type="stmt"/>
      <line num="169" count="47" type="stmt"/>
      <line num="170" count="123" type="stmt"/>
      <line num="171" count="123" type="stmt"/>
      <line num="172" count="123" type="stmt"/>
      <line num="173" count="123" type="stmt"/>
      <line num="174" count="123" type="stmt"/>
      <line num="175" count="123" type="cond" truecount="1" falsecount="1"/>
      <line num="176" count="123" type="stmt"/>
      <line num="179" count="0" type="stmt"/>
      <line num="182" count="47" type="cond" truecount="2" falsecount="0"/>
      <line num="183" count="38" type="stmt"/>
      <line num="184" count="47" type="stmt"/>
      <line num="185" count="47" type="stmt"/>
      <line num="186" count="47" type="stmt"/>
      <line num="188" count="1" type="stmt"/>
      <line num="189" count="47" type="stmt"/>
      <line num="191" count="1" type="stmt"/>
      <line num="192" count="0" type="stmt"/>
      <line num="193" count="0" type="cond" truecount="0" falsecount="2"/>
      <line num="194" count="0" type="stmt"/>
      <line num="195" count="0" type="stmt"/>
      <line num="200" count="1" type="stmt"/>
      <line num="201" count="0" type="stmt"/>
      <line num="202" count="0" type="stmt"/>
      <line num="203" count="0" type="stmt"/>
      <line num="204" count="0" type="stmt"/>
      <line num="205" count="0" type="cond" truecount="0" falsecount="4"/>
      <line num="206" count="0" type="stmt"/>
      <line num="207" count="0" type="stmt"/>
      <line num="210" count="1" type="stmt"/>
      <line num="211" count="0" type="stmt"/>
      <line num="212" count="0" type="stmt"/>
      <line num="213" count="0" type="stmt"/>
      <line num="214" count="0" type="stmt"/>
      <line num="215" count="0" type="stmt"/>
      <line num="216" count="0" type="stmt"/>
      <line num="217" count="0" type="cond" truecount="0" falsecount="5"/>
      <line num="218" count="0" type="stmt"/>
      <line num="219" count="0" type="stmt"/>
      <line num="222" count="1" type="stmt"/>
      <line num="223" count="0" type="stmt"/>
      <line num="224" count="0" type="cond" truecount="0" falsecount="2"/>
      <line num="226" count="1" type="stmt"/>
      <line num="227" count="0" type="stmt"/>
      <line num="228" count="0" type="cond" truecount="0" falsecount="2"/>
      <line num="230" count="1" type="stmt"/>
      <line num="231" count="0" type="stmt"/>
      <line num="232" count="0" type="cond" truecount="0" falsecount="2"/>
      <line num="234" count="1" type="stmt"/>
      <line num="235" count="0" type="stmt"/>
      <line num="236" count="0" type="cond" truecount="0" falsecount="2"/>
      <line num="238" count="1" type="stmt"/>
      <line num="239" count="0" type="stmt"/>
      <line num="240" count="0" type="cond" truecount="0" falsecount="2"/>
      <line num="242" count="1" type="stmt"/>
      <line num="243" count="2" type="stmt"/>
      <line num="244" count="2" type="cond" truecount="1" falsecount="1"/>
      <line num="246" count="1" type="stmt"/>
      <line num="247" count="0" type="stmt"/>
      <line num="248" count="0" type="stmt"/>
      <line num="250" count="1" type="stmt"/>
      <line num="251" count="0" type="stmt"/>
      <line num="252" count="0" type="cond" truecount="0" falsecount="2"/>
      <line num="254" count="1" type="stmt"/>
      <line num="255" count="0" type="stmt"/>
      <line num="256" count="0" type="stmt"/>
      <line num="257" count="0" type="stmt"/>
      <line num="258" count="0" type="stmt"/>
      <line num="260" count="0" type="stmt"/>
      <line num="261" count="0" type="stmt"/>
      <line num="263" count="1" type="stmt"/>
      <line num="264" count="0" type="cond" truecount="0" falsecount="2"/>
      <line num="265" count="0" type="stmt"/>
      <line num="266" count="0" type="stmt"/>
      <line num="268" count="0" type="stmt"/>
      <line num="269" count="0" type="cond" truecount="0" falsecount="4"/>
      <line num="270" count="0" type="stmt"/>
      <line num="271" count="0" type="stmt"/>
      <line num="273" count="0" type="stmt"/>
      <line num="275" count="1" type="stmt"/>
      <line num="276" count="0" type="stmt"/>
      <line num="277" count="0" type="cond" truecount="0" falsecount="2"/>
      <line num="278" count="0" type="cond" truecount="0" falsecount="2"/>
      <line num="279" count="0" type="stmt"/>
      <line num="281" count="0" type="cond" truecount="0" falsecount="2"/>
      <line num="282" count="0" type="stmt"/>
      <line num="284" count="0" type="cond" truecount="0" falsecount="2"/>
      <line num="285" count="0" type="stmt"/>
      <line num="287" count="0" type="cond" truecount="0" falsecount="2"/>
      <line num="288" count="0" type="stmt"/>
      <line num="290" count="0" type="cond" truecount="0" falsecount="2"/>
      <line num="291" count="0" type="stmt"/>
      <line num="293" count="0" type="stmt"/>
      <line num="295" count="0" type="stmt"/>
      <line num="297" count="1" type="stmt"/>
      <line num="298" count="123" type="cond" truecount="1" falsecount="1"/>
      <line num="300" count="123" type="stmt"/>
      <line num="301" count="123" type="stmt"/>
      <line num="302" count="123" type="stmt"/>
      <line num="303" count="136" type="stmt"/>
      <line num="304" count="136" type="cond" truecount="1" falsecount="1"/>
      <line num="305" count="0" type="stmt"/>
      <line num="307" count="136" type="cond" truecount="4" falsecount="0"/>
      <line num="308" count="18" type="stmt"/>
      <line num="309" count="18" type="stmt"/>
      <line num="310" count="18" type="stmt"/>
      <line num="311" count="18" type="stmt"/>
      <line num="312" count="18" type="stmt"/>
      <line num="314" count="118" type="cond" truecount="5" falsecount="0"/>
      <line num="315" count="15" type="stmt"/>
      <line num="316" count="15" type="stmt"/>
      <line num="317" count="15" type="stmt"/>
      <line num="318" count="15" type="stmt"/>
      <line num="319" count="15" type="stmt"/>
      <line num="321" count="103" type="cond" truecount="2" falsecount="0"/>
      <line num="322" count="13" type="stmt"/>
      <line num="323" count="13" type="stmt"/>
      <line num="324" count="13" type="stmt"/>
      <line num="326" count="90" type="stmt"/>
      <line num="327" count="90" type="stmt"/>
      <line num="328" count="90" type="stmt"/>
      <line num="330" count="123" type="cond" truecount="1" falsecount="1"/>
      <line num="331" count="123" type="stmt"/>
      <line num="333" count="0" type="stmt"/>
      <line num="335" count="1" type="stmt"/>
      <line num="336" count="142" type="cond" truecount="2" falsecount="0"/>
      <line num="337" count="142" type="stmt"/>
      <line num="338" count="142" type="stmt"/>
      <line num="339" count="142" type="stmt"/>
      <line num="340" count="142" type="stmt"/>
      <line num="341" count="142" type="stmt"/>
      <line num="342" count="173" type="stmt"/>
      <line num="343" count="173" type="cond" truecount="1" falsecount="1"/>
      <line num="344" count="0" type="stmt"/>
      <line num="346" count="173" type="cond" truecount="4" falsecount="0"/>
      <line num="347" count="28" type="stmt"/>
      <line num="348" count="28" type="stmt"/>
      <line num="349" count="28" type="stmt"/>
      <line num="350" count="28" type="stmt"/>
      <line num="351" count="28" type="stmt"/>
      <line num="353" count="145" type="cond" truecount="5" falsecount="0"/>
      <line num="354" count="15" type="stmt"/>
      <line num="355" count="15" type="stmt"/>
      <line num="356" count="15" type="stmt"/>
      <line num="357" count="15" type="stmt"/>
      <line num="358" count="15" type="stmt"/>
      <line num="360" count="130" type="cond" truecount="2" falsecount="0"/>
      <line num="361" count="15" type="stmt"/>
      <line num="362" count="15" type="stmt"/>
      <line num="363" count="15" type="stmt"/>
      <line num="365" count="115" type="stmt"/>
      <line num="366" count="115" type="stmt"/>
      <line num="367" count="115" type="stmt"/>
      <line num="369" count="142" type="cond" truecount="1" falsecount="1"/>
      <line num="370" count="0" type="stmt"/>
      <line num="372" count="142" type="stmt"/>
      <line num="374" count="1" type="stmt"/>
      <line num="375" count="0" type="stmt"/>
      <line num="376" count="0" type="cond" truecount="0" falsecount="2"/>
      <line num="377" count="0" type="stmt"/>
      <line num="379" count="0" type="stmt"/>
      <line num="381" count="1" type="stmt"/>
      <line num="382" count="0" type="stmt"/>
      <line num="383" count="0" type="stmt"/>
      <line num="384" count="0" type="stmt"/>
      <line num="385" count="0" type="cond" truecount="0" falsecount="2"/>
      <line num="386" count="0" type="cond" truecount="0" falsecount="4"/>
      <line num="387" count="0" type="stmt"/>
      <line num="389" count="0" type="stmt"/>
      <line num="391" count="1" type="stmt"/>
      <line num="392" count="0" type="stmt"/>
      <line num="393" count="0" type="stmt"/>
      <line num="394" count="0" type="stmt"/>
      <line num="395" count="0" type="stmt"/>
      <line num="396" count="0" type="stmt"/>
      <line num="397" count="0" type="stmt"/>
      <line num="399" count="1" type="stmt"/>
      <line num="400" count="0" type="stmt"/>
      <line num="401" count="0" type="cond" truecount="0" falsecount="2"/>
      <line num="402" count="0" type="stmt"/>
      <line num="403" count="0" type="stmt"/>
      <line num="404" count="0" type="cond" truecount="0" falsecount="2"/>
      <line num="405" count="0" type="cond" truecount="0" falsecount="2"/>
      <line num="406" count="0" type="stmt"/>
      <line num="407" count="0" type="stmt"/>
      <line num="409" count="0" type="stmt"/>
      <line num="411" count="0" type="cond" truecount="0" falsecount="2"/>
      <line num="412" count="0" type="stmt"/>
      <line num="413" count="0" type="stmt"/>
      <line num="414" count="0" type="cond" truecount="0" falsecount="4"/>
      <line num="415" count="0" type="stmt"/>
      <line num="419" count="0" type="stmt"/>
      <line num="421" count="0" type="stmt"/>
      <line num="423" count="0" type="stmt"/>
      <line num="424" count="0" type="stmt"/>
      <line num="425" count="0" type="cond" truecount="0" falsecount="2"/>
      <line num="426" count="0" type="cond" truecount="0" falsecount="2"/>
      <line num="427" count="0" type="stmt"/>
      <line num="428" count="0" type="stmt"/>
      <line num="430" count="0" type="stmt"/>
      <line num="432" count="0" type="cond" truecount="0" falsecount="2"/>
      <line num="433" count="0" type="stmt"/>
      <line num="434" count="0" type="cond" truecount="0" falsecount="4"/>
      <line num="435" count="0" type="stmt"/>
      <line num="440" count="1" type="stmt"/>
      <line num="441" count="0" type="cond" truecount="0" falsecount="2"/>
      <line num="442" count="0" type="stmt"/>
      <line num="444" count="0" type="cond" truecount="0" falsecount="2"/>
      <line num="445" count="0" type="stmt"/>
      <line num="447" count="0" type="cond" truecount="0" falsecount="2"/>
      <line num="448" count="0" type="stmt"/>
      <line num="449" count="0" type="cond" truecount="0" falsecount="4"/>
      <line num="450" count="0" type="stmt"/>
      <line num="453" count="0" type="stmt"/>
      <line num="455" count="1" type="stmt"/>
      <line num="456" count="0" type="stmt"/>
      <line num="457" count="0" type="stmt"/>
      <line num="458" count="0" type="stmt"/>
      <line num="459" count="0" type="cond" truecount="0" falsecount="4"/>
      <line num="460" count="0" type="stmt"/>
      <line num="461" count="0" type="cond" truecount="0" falsecount="2"/>
      <line num="462" count="0" type="stmt"/>
      <line num="464" count="0" type="stmt"/>
      <line num="465" count="0" type="stmt"/>
      <line num="466" count="0" type="stmt"/>
      <line num="468" count="0" type="stmt"/>
      <line num="469" count="0" type="cond" truecount="0" falsecount="2"/>
      <line num="470" count="0" type="stmt"/>
      <line num="472" count="0" type="stmt"/>
      <line num="473" count="0" type="stmt"/>
      <line num="476" count="1" type="stmt"/>
      <line num="477" count="0" type="cond" truecount="0" falsecount="2"/>
      <line num="478" count="0" type="stmt"/>
      <line num="479" count="0" type="stmt"/>
      <line num="480" count="0" type="cond" truecount="0" falsecount="4"/>
      <line num="481" count="0" type="stmt"/>
      <line num="484" count="0" type="stmt"/>
      <line num="487" count="0" type="stmt"/>
      <line num="488" count="0" type="cond" truecount="0" falsecount="2"/>
      <line num="489" count="0" type="cond" truecount="0" falsecount="4"/>
      <line num="490" count="0" type="stmt"/>
      <line num="491" count="0" type="stmt"/>
      <line num="493" count="0" type="stmt"/>
      <line num="496" count="1" type="stmt"/>
      <line num="497" count="0" type="stmt"/>
      <line num="498" count="0" type="stmt"/>
      <line num="499" count="0" type="stmt"/>
      <line num="500" count="0" type="cond" truecount="0" falsecount="4"/>
      <line num="501" count="0" type="stmt"/>
      <line num="504" count="0" type="cond" truecount="0" falsecount="4"/>
      <line num="505" count="0" type="stmt"/>
      <line num="506" count="0" type="stmt"/>
      <line num="508" count="0" type="stmt"/>
      <line num="510" count="0" type="stmt"/>
      <line num="512" count="1" type="stmt"/>
      <line num="514" count="1" type="stmt"/>
    </file>
    <file name="RangerParser.js" path="/Users/tero/dev/static/git/RangerParser/dist/src/RangerParser.js">
      <metrics statements="336" coveredstatements="257" conditionals="211" coveredconditionals="144" methods="8" coveredmethods="8"/>
      <line num="2" count="2" type="stmt"/>
      <line num="3" count="2" type="stmt"/>
      <line num="4" count="2" type="stmt"/>
      <line num="11" count="2" type="stmt"/>
      <line num="12" count="44" type="stmt"/>
      <line num="13" count="44" type="stmt"/>
      <line num="14" count="44" type="stmt"/>
      <line num="15" count="44" type="stmt"/>
      <line num="17" count="2" type="stmt"/>
      <line num="19" count="44" type="stmt"/>
      <line num="20" count="44" type="stmt"/>
      <line num="21" count="44" type="stmt"/>
      <line num="22" count="44" type="stmt"/>
      <line num="23" count="44" type="stmt"/>
      <line num="24" count="44" type="stmt"/>
      <line num="25" count="44" type="stmt"/>
      <line num="26" count="44" type="stmt"/>
      <line num="27" count="44" type="stmt"/>
      <line num="28" count="44" type="stmt"/>
      <line num="29" count="44" type="stmt"/>
      <line num="30" count="44" type="stmt"/>
      <line num="31" count="44" type="stmt"/>
      <line num="32" count="44" type="stmt"/>
      <line num="33" count="44" type="stmt"/>
      <line num="34" count="44" type="stmt"/>
      <line num="35" count="44" type="stmt"/>
      <line num="37" count="2" type="stmt"/>
      <line num="38" count="399" type="stmt"/>
      <line num="39" count="399" type="stmt"/>
      <line num="40" count="399" type="cond" truecount="1" falsecount="1"/>
      <line num="41" count="0" type="stmt"/>
      <line num="43" count="399" type="stmt"/>
      <line num="44" count="399" type="cond" truecount="2" falsecount="0"/>
      <line num="45" count="832" type="cond" truecount="1" falsecount="1"/>
      <line num="46" count="0" type="stmt"/>
      <line num="47" count="0" type="stmt"/>
      <line num="49" count="832" type="cond" truecount="5" falsecount="0"/>
      <line num="50" count="39" type="stmt"/>
      <line num="51" count="39" type="stmt"/>
      <line num="52" count="39" type="stmt"/>
      <line num="53" count="39" type="stmt"/>
      <line num="55" count="793" type="stmt"/>
      <line num="56" count="793" type="cond" truecount="3" falsecount="0"/>
      <line num="57" count="132" type="stmt"/>
      <line num="58" count="132" type="stmt"/>
      <line num="59" count="132" type="cond" truecount="1" falsecount="1"/>
      <line num="60" count="0" type="stmt"/>
      <line num="62" count="132" type="stmt"/>
      <line num="63" count="132" type="cond" truecount="4" falsecount="0"/>
      <line num="66" count="793" type="cond" truecount="2" falsecount="0"/>
      <line num="67" count="107" type="stmt"/>
      <line num="70" count="686" type="stmt"/>
      <line num="71" count="686" type="cond" truecount="2" falsecount="0"/>
      <line num="72" count="26" type="stmt"/>
      <line num="74" count="660" type="stmt"/>
      <line num="77" count="373" type="stmt"/>
      <line num="79" count="2" type="stmt"/>
      <line num="80" count="45" type="stmt"/>
      <line num="81" count="45" type="cond" truecount="1" falsecount="1"/>
      <line num="82" count="0" type="stmt"/>
      <line num="84" count="45" type="stmt"/>
      <line num="85" count="45" type="cond" truecount="1" falsecount="1"/>
      <line num="86" count="0" type="stmt"/>
      <line num="88" count="45" type="stmt"/>
      <line num="89" count="45" type="cond" truecount="3" falsecount="1"/>
      <line num="90" count="45" type="stmt"/>
      <line num="92" count="45" type="cond" truecount="1" falsecount="1"/>
      <line num="93" count="45" type="stmt"/>
      <line num="96" count="0" type="stmt"/>
      <line num="98" count="45" type="stmt"/>
      <line num="100" count="2" type="stmt"/>
      <line num="101" count="516" type="cond" truecount="1" falsecount="1"/>
      <line num="102" count="0" type="stmt"/>
      <line num="104" count="516" type="stmt"/>
      <line num="105" count="516" type="cond" truecount="1" falsecount="1"/>
      <line num="106" count="0" type="stmt"/>
      <line num="108" count="516" type="stmt"/>
      <line num="109" count="516" type="stmt"/>
      <line num="110" count="516" type="cond" truecount="8" falsecount="7"/>
      <line num="112" count="0" type="stmt"/>
      <line num="114" count="0" type="stmt"/>
      <line num="116" count="2" type="stmt"/>
      <line num="118" count="9" type="stmt"/>
      <line num="120" count="6" type="stmt"/>
      <line num="122" count="0" type="stmt"/>
      <line num="124" count="0" type="stmt"/>
      <line num="126" count="1" type="stmt"/>
      <line num="128" count="3" type="cond" truecount="1" falsecount="1"/>
      <line num="129" count="0" type="stmt"/>
      <line num="131" count="3" type="stmt"/>
      <line num="133" count="11" type="cond" truecount="1" falsecount="1"/>
      <line num="134" count="0" type="stmt"/>
      <line num="136" count="11" type="stmt"/>
      <line num="138" count="0" type="cond" truecount="0" falsecount="2"/>
      <line num="139" count="0" type="stmt"/>
      <line num="141" count="0" type="stmt"/>
      <line num="143" count="9" type="cond" truecount="1" falsecount="1"/>
      <line num="144" count="0" type="stmt"/>
      <line num="146" count="9" type="stmt"/>
      <line num="148" count="0" type="cond" truecount="0" falsecount="2"/>
      <line num="149" count="0" type="stmt"/>
      <line num="151" count="0" type="stmt"/>
      <line num="153" count="0" type="cond" truecount="0" falsecount="2"/>
      <line num="154" count="0" type="stmt"/>
      <line num="156" count="0" type="stmt"/>
      <line num="158" count="475" type="stmt"/>
      <line num="160" count="475" type="stmt"/>
      <line num="162" count="2" type="stmt"/>
      <line num="163" count="88" type="stmt"/>
      <line num="164" count="88" type="stmt"/>
      <line num="166" count="2" type="stmt"/>
      <line num="167" count="169" type="stmt"/>
      <line num="168" count="169" type="stmt"/>
      <line num="170" count="169" type="stmt"/>
      <line num="171" count="169" type="stmt"/>
      <line num="172" count="169" type="stmt"/>
      <line num="173" count="169" type="stmt"/>
      <line num="174" count="169" type="stmt"/>
      <line num="175" count="169" type="stmt"/>
      <line num="176" count="169" type="stmt"/>
      <line num="177" count="405" type="cond" truecount="3" falsecount="1"/>
      <line num="178" count="405" type="cond" truecount="1" falsecount="1"/>
      <line num="179" count="0" type="stmt"/>
      <line num="181" count="405" type="cond" truecount="1" falsecount="1"/>
      <line num="182" count="0" type="stmt"/>
      <line num="185" count="405" type="stmt"/>
      <line num="186" count="405" type="stmt"/>
      <line num="187" count="405" type="cond" truecount="2" falsecount="0"/>
      <line num="188" count="6" type="stmt"/>
      <line num="189" count="6" type="stmt"/>
      <line num="190" count="6" type="stmt"/>
      <line num="192" count="399" type="cond" truecount="3" falsecount="1"/>
      <line num="193" count="399" type="cond" truecount="4" falsecount="0"/>
      <line num="195" count="184" type="stmt"/>
      <line num="196" count="184" type="cond" truecount="1" falsecount="1"/>
      <line num="197" count="184" type="stmt"/>
      <line num="201" count="399" type="cond" truecount="2" falsecount="0"/>
      <line num="202" count="65" type="stmt"/>
      <line num="204" count="334" type="stmt"/>
      <line num="205" count="334" type="stmt"/>
      <line num="206" count="334" type="cond" truecount="1" falsecount="1"/>
      <line num="207" count="334" type="cond" truecount="2" falsecount="0"/>
      <line num="208" count="35" type="stmt"/>
      <line num="209" count="35" type="stmt"/>
      <line num="210" count="35" type="stmt"/>
      <line num="211" count="35" type="stmt"/>
      <line num="212" count="35" type="stmt"/>
      <line num="213" count="35" type="stmt"/>
      <line num="214" count="35" type="stmt"/>
      <line num="215" count="35" type="stmt"/>
      <line num="216" count="35" type="stmt"/>
      <line num="217" count="35" type="stmt"/>
      <line num="218" count="35" type="stmt"/>
      <line num="220" count="299" type="stmt"/>
      <line num="221" count="299" type="cond" truecount="2" falsecount="0"/>
      <line num="222" count="294" type="stmt"/>
      <line num="224" count="294" type="cond" truecount="4" falsecount="0"/>
      <line num="225" count="74" type="stmt"/>
      <line num="226" count="74" type="cond" truecount="1" falsecount="1"/>
      <line num="227" count="0" type="stmt"/>
      <line num="228" count="0" type="stmt"/>
      <line num="229" count="0" type="stmt"/>
      <line num="230" count="0" type="stmt"/>
      <line num="233" count="74" type="stmt"/>
      <line num="234" count="74" type="stmt"/>
      <line num="235" count="74" type="stmt"/>
      <line num="236" count="74" type="stmt"/>
      <line num="237" count="74" type="stmt"/>
      <line num="239" count="74" type="cond" truecount="2" falsecount="0"/>
      <line num="240" count="58" type="stmt"/>
      <line num="242" count="74" type="stmt"/>
      <line num="243" count="74" type="stmt"/>
      <line num="244" count="74" type="stmt"/>
      <line num="247" count="225" type="stmt"/>
      <line num="248" count="225" type="stmt"/>
      <line num="249" count="225" type="stmt"/>
      <line num="250" count="225" type="cond" truecount="5" falsecount="2"/>
      <line num="254" count="9" type="stmt"/>
      <line num="255" count="9" type="stmt"/>
      <line num="256" count="9" type="stmt"/>
      <line num="257" count="9" type="stmt"/>
      <line num="258" count="9" type="cond" truecount="5" falsecount="2"/>
      <line num="262" count="6" type="cond" truecount="2" falsecount="0"/>
      <line num="263" count="1" type="stmt"/>
      <line num="265" count="6" type="stmt"/>
      <line num="266" count="6" type="stmt"/>
      <line num="268" count="9" type="stmt"/>
      <line num="269" count="9" type="stmt"/>
      <line num="270" count="9" type="cond" truecount="2" falsecount="0"/>
      <line num="271" count="1" type="stmt"/>
      <line num="272" count="1" type="stmt"/>
      <line num="273" count="1" type="cond" truecount="1" falsecount="1"/>
      <line num="278" count="8" type="stmt"/>
      <line num="279" count="8" type="stmt"/>
      <line num="280" count="8" type="cond" truecount="1" falsecount="1"/>
      <line num="284" count="9" type="stmt"/>
      <line num="285" count="9" type="stmt"/>
      <line num="287" count="216" type="stmt"/>
      <line num="288" count="216" type="cond" truecount="3" falsecount="0"/>
      <line num="289" count="216" type="cond" truecount="2" falsecount="0"/>
      <line num="290" count="5" type="stmt"/>
      <line num="291" count="5" type="stmt"/>
      <line num="292" count="5" type="stmt"/>
      <line num="293" count="5" type="stmt"/>
      <line num="294" count="5" type="stmt"/>
      <line num="295" count="22" type="stmt"/>
      <line num="296" count="22" type="stmt"/>
      <line num="297" count="22" type="cond" truecount="2" falsecount="0"/>
      <line num="298" count="5" type="stmt"/>
      <line num="300" count="17" type="cond" truecount="1" falsecount="1"/>
      <line num="301" count="0" type="stmt"/>
      <line num="302" count="0" type="cond" truecount="0" falsecount="2"/>
      <line num="303" count="0" type="stmt"/>
      <line num="304" count="0" type="stmt"/>
      <line num="307" count="0" type="stmt"/>
      <line num="311" count="5" type="stmt"/>
      <line num="312" count="5" type="cond" truecount="1" falsecount="1"/>
      <line num="313" count="5" type="stmt"/>
      <line num="314" count="5" type="cond" truecount="1" falsecount="1"/>
      <line num="315" count="0" type="stmt"/>
      <line num="316" count="0" type="stmt"/>
      <line num="317" count="0" type="stmt"/>
      <line num="318" count="0" type="stmt"/>
      <line num="319" count="0" type="stmt"/>
      <line num="320" count="0" type="stmt"/>
      <line num="321" count="0" type="cond" truecount="0" falsecount="2"/>
      <line num="322" count="0" type="stmt"/>
      <line num="323" count="0" type="cond" truecount="0" falsecount="10"/>
      <line num="325" count="0" type="stmt"/>
      <line num="326" count="0" type="stmt"/>
      <line num="328" count="0" type="stmt"/>
      <line num="329" count="0" type="stmt"/>
      <line num="331" count="0" type="stmt"/>
      <line num="332" count="0" type="stmt"/>
      <line num="334" count="0" type="stmt"/>
      <line num="335" count="0" type="stmt"/>
      <line num="337" count="0" type="stmt"/>
      <line num="338" count="0" type="stmt"/>
      <line num="340" count="0" type="stmt"/>
      <line num="341" count="0" type="stmt"/>
      <line num="343" count="0" type="stmt"/>
      <line num="344" count="0" type="stmt"/>
      <line num="346" count="0" type="stmt"/>
      <line num="347" count="0" type="stmt"/>
      <line num="349" count="0" type="stmt"/>
      <line num="350" count="0" type="stmt"/>
      <line num="352" count="0" type="stmt"/>
      <line num="354" count="0" type="stmt"/>
      <line num="357" count="0" type="stmt"/>
      <line num="358" count="0" type="stmt"/>
      <line num="364" count="5" type="stmt"/>
      <line num="365" count="5" type="stmt"/>
      <line num="366" count="5" type="stmt"/>
      <line num="367" count="5" type="cond" truecount="1" falsecount="1"/>
      <line num="368" count="0" type="stmt"/>
      <line num="371" count="5" type="stmt"/>
      <line num="373" count="5" type="stmt"/>
      <line num="374" count="5" type="stmt"/>
      <line num="375" count="5" type="stmt"/>
      <line num="378" count="211" type="stmt"/>
      <line num="379" count="211" type="stmt"/>
      <line num="380" count="211" type="stmt"/>
      <line num="381" count="211" type="stmt"/>
      <line num="382" count="211" type="stmt"/>
      <line num="383" count="211" type="stmt"/>
      <line num="386" count="211" type="cond" truecount="7" falsecount="0"/>
      <line num="392" count="137" type="cond" truecount="2" falsecount="0"/>
      <line num="393" count="51" type="stmt"/>
      <line num="394" count="51" type="stmt"/>
      <line num="395" count="51" type="stmt"/>
      <line num="396" count="51" type="stmt"/>
      <line num="397" count="51" type="stmt"/>
      <line num="398" count="51" type="stmt"/>
      <line num="399" count="51" type="stmt"/>
      <line num="400" count="51" type="stmt"/>
      <line num="401" count="51" type="stmt"/>
      <line num="404" count="160" type="stmt"/>
      <line num="405" count="160" type="cond" truecount="5" falsecount="0"/>
      <line num="411" count="268" type="cond" truecount="2" falsecount="0"/>
      <line num="412" count="182" type="stmt"/>
      <line num="413" count="182" type="cond" truecount="2" falsecount="0"/>
      <line num="414" count="6" type="stmt"/>
      <line num="417" count="262" type="stmt"/>
      <line num="418" count="262" type="stmt"/>
      <line num="419" count="262" type="cond" truecount="4" falsecount="0"/>
      <line num="420" count="18" type="stmt"/>
      <line num="421" count="18" type="stmt"/>
      <line num="423" count="244" type="cond" truecount="1" falsecount="1"/>
      <line num="424" count="0" type="stmt"/>
      <line num="425" count="0" type="stmt"/>
      <line num="426" count="0" type="stmt"/>
      <line num="429" count="160" type="stmt"/>
      <line num="430" count="160" type="cond" truecount="1" falsecount="1"/>
      <line num="431" count="0" type="stmt"/>
      <line num="433" count="160" type="stmt"/>
      <line num="434" count="160" type="stmt"/>
      <line num="435" count="160" type="cond" truecount="3" falsecount="0"/>
      <line num="436" count="55" type="stmt"/>
      <line num="437" count="55" type="stmt"/>
      <line num="438" count="55" type="cond" truecount="5" falsecount="0"/>
      <line num="439" count="6" type="stmt"/>
      <line num="440" count="6" type="stmt"/>
      <line num="441" count="6" type="stmt"/>
      <line num="442" count="6" type="stmt"/>
      <line num="445" count="160" type="cond" truecount="4" falsecount="0"/>
      <line num="446" count="86" type="stmt"/>
      <line num="447" count="86" type="stmt"/>
      <line num="448" count="86" type="stmt"/>
      <line num="449" count="86" type="stmt"/>
      <line num="450" count="86" type="stmt"/>
      <line num="451" count="86" type="stmt"/>
      <line num="452" count="86" type="stmt"/>
      <line num="453" count="86" type="stmt"/>
      <line num="454" count="86" type="stmt"/>
      <line num="455" count="86" type="cond" truecount="1" falsecount="1"/>
      <line num="456" count="0" type="stmt"/>
      <line num="457" count="0" type="stmt"/>
      <line num="459" count="86" type="stmt"/>
      <line num="462" count="74" type="cond" truecount="3" falsecount="1"/>
      <line num="463" count="74" type="cond" truecount="3" falsecount="2"/>
      <line num="466" count="0" type="stmt"/>
      <line num="468" count="74" type="stmt"/>
      <line num="469" count="74" type="stmt"/>
      <line num="470" count="74" type="cond" truecount="1" falsecount="1"/>
      <line num="471" count="0" type="stmt"/>
      <line num="473" count="74" type="stmt"/>
      <line num="474" count="74" type="cond" truecount="3" falsecount="1"/>
      <line num="475" count="74" type="stmt"/>
      <line num="477" count="74" type="cond" truecount="1" falsecount="1"/>
      <line num="478" count="74" type="stmt"/>
      <line num="481" count="0" type="stmt"/>
      <line num="483" count="74" type="stmt"/>
      <line num="485" count="0" type="cond" truecount="0" falsecount="2"/>
      <line num="486" count="0" type="stmt"/>
      <line num="491" count="2" type="stmt"/>
      <line num="493" count="2" type="stmt"/>
    </file>
    <file name="RangerType.js" path="/Users/tero/dev/static/git/RangerParser/dist/src/RangerType.js">
      <metrics statements="7" coveredstatements="7" conditionals="2" coveredconditionals="2" methods="1" coveredmethods="1"/>
      <line num="2" count="1" type="stmt"/>
      <line num="4" count="1" type="stmt"/>
      <line num="5" count="1" type="stmt"/>
      <line num="6" count="1" type="stmt"/>
      <line num="7" count="1" type="stmt"/>
      <line num="8" count="1" type="stmt"/>
      <line num="9" count="1" type="stmt"/>
    </file>
    <file name="SourceCode.js" path="/Users/tero/dev/static/git/RangerParser/dist/src/SourceCode.js">
      <metrics statements="48" coveredstatements="48" conditionals="10" coveredconditionals="10" methods="6" coveredmethods="6"/>
      <line num="2" count="3" type="stmt"/>
      <line num="3" count="3" type="stmt"/>
      <line num="5" count="53" type="stmt"/>
      <line num="6" count="53" type="stmt"/>
      <line num="7" count="53" type="stmt"/>
      <line num="8" count="53" type="stmt"/>
      <line num="9" count="53" type="stmt"/>
      <line num="11" count="3" type="stmt"/>
      <line num="12" count="4" type="cond" truecount="2" falsecount="0"/>
      <line num="13" count="1" type="stmt"/>
      <line num="15" count="3" type="cond" truecount="2" falsecount="0"/>
      <line num="16" count="2" type="stmt"/>
      <line num="18" count="1" type="stmt"/>
      <line num="20" count="3" type="stmt"/>
      <line num="21" count="4" type="stmt"/>
      <line num="22" count="4" type="stmt"/>
      <line num="23" count="10" type="stmt"/>
      <line num="24" count="10" type="stmt"/>
      <line num="25" count="10" type="cond" truecount="2" falsecount="0"/>
      <line num="26" count="3" type="stmt"/>
      <line num="29" count="1" type="stmt"/>
      <line num="31" count="3" type="stmt"/>
      <line num="32" count="3" type="stmt"/>
      <line num="33" count="3" type="stmt"/>
      <line num="34" count="3" type="stmt"/>
      <line num="35" count="7" type="stmt"/>
      <line num="36" count="7" type="stmt"/>
      <line num="37" count="7" type="cond" truecount="2" falsecount="0"/>
      <line num="38" count="2" type="stmt"/>
      <line num="39" count="2" type="stmt"/>
      <line num="40" count="2" type="stmt"/>
      <line num="41" count="3" type="stmt"/>
      <line num="42" count="3" type="stmt"/>
      <line num="44" count="2" type="stmt"/>
      <line num="46" count="5" type="stmt"/>
      <line num="48" count="1" type="stmt"/>
      <line num="50" count="3" type="stmt"/>
      <line num="51" count="3" type="stmt"/>
      <line num="52" count="3" type="stmt"/>
      <line num="53" count="3" type="stmt"/>
      <line num="54" count="7" type="stmt"/>
      <line num="55" count="7" type="stmt"/>
      <line num="56" count="7" type="cond" truecount="2" falsecount="0"/>
      <line num="57" count="2" type="stmt"/>
      <line num="59" count="5" type="stmt"/>
      <line num="61" count="1" type="stmt"/>
      <line num="63" count="3" type="stmt"/>
      <line num="65" count="3" type="stmt"/>
    </file>
  </project>
</coverage>
