{"/Users/tero/dev/static/git/RangerParser/dist/src/CodeNode.js": {"path":"/Users/tero/dev/static/git/RangerParser/dist/src/CodeNode.js","statementMap":{"0":{"start":{"line":2,"column":0},"end":{"line":2,"column":62}},"1":{"start":{"line":3,"column":30},"end":{"line":56,"column":3}},"2":{"start":{"line":5,"column":8},"end":{"line":5,"column":24}},"3":{"start":{"line":6,"column":8},"end":{"line":6,"column":27}},"4":{"start":{"line":7,"column":8},"end":{"line":7,"column":20}},"5":{"start":{"line":8,"column":8},"end":{"line":8,"column":20}},"6":{"start":{"line":9,"column":8},"end":{"line":9,"column":27}},"7":{"start":{"line":11,"column":4},"end":{"line":29,"column":6}},"8":{"start":{"line":12,"column":8},"end":{"line":27,"column":9}},"9":{"start":{"line":14,"column":16},"end":{"line":14,"column":28}},"10":{"start":{"line":16,"column":16},"end":{"line":16,"column":28}},"11":{"start":{"line":18,"column":16},"end":{"line":18,"column":28}},"12":{"start":{"line":20,"column":16},"end":{"line":20,"column":28}},"13":{"start":{"line":22,"column":16},"end":{"line":22,"column":28}},"14":{"start":{"line":24,"column":16},"end":{"line":24,"column":28}},"15":{"start":{"line":26,"column":16},"end":{"line":26,"column":28}},"16":{"start":{"line":28,"column":8},"end":{"line":28,"column":21}},"17":{"start":{"line":30,"column":4},"end":{"line":45,"column":6}},"18":{"start":{"line":31,"column":8},"end":{"line":43,"column":9}},"19":{"start":{"line":32,"column":24},"end":{"line":32,"column":31}},"20":{"start":{"line":33,"column":22},"end":{"line":33,"column":29}},"21":{"start":{"line":34,"column":12},"end":{"line":34,"column":32}},"22":{"start":{"line":35,"column":12},"end":{"line":35,"column":27}},"23":{"start":{"line":36,"column":12},"end":{"line":38,"column":13}},"24":{"start":{"line":37,"column":16},"end":{"line":37,"column":26}},"25":{"start":{"line":39,"column":12},"end":{"line":41,"column":13}},"26":{"start":{"line":40,"column":16},"end":{"line":40,"column":48}},"27":{"start":{"line":42,"column":12},"end":{"line":42,"column":56}},"28":{"start":{"line":44,"column":8},"end":{"line":44,"column":18}},"29":{"start":{"line":46,"column":4},"end":{"line":48,"column":6}},"30":{"start":{"line":47,"column":8},"end":{"line":47,"column":32}},"31":{"start":{"line":49,"column":4},"end":{"line":51,"column":6}},"32":{"start":{"line":50,"column":8},"end":{"line":50,"column":32}},"33":{"start":{"line":52,"column":4},"end":{"line":54,"column":6}},"34":{"start":{"line":53,"column":8},"end":{"line":53,"column":32}},"35":{"start":{"line":55,"column":4},"end":{"line":55,"column":20}},"36":{"start":{"line":57,"column":0},"end":{"line":57,"column":28}}},"fnMap":{"0":{"name":"(anonymous_0)","decl":{"start":{"line":3,"column":30},"end":{"line":3,"column":31}},"loc":{"start":{"line":3,"column":42},"end":{"line":56,"column":1}},"line":3},"1":{"name":"CodeNode","decl":{"start":{"line":4,"column":13},"end":{"line":4,"column":21}},"loc":{"start":{"line":4,"column":42},"end":{"line":10,"column":5}},"line":4},"2":{"name":"(anonymous_2)","decl":{"start":{"line":11,"column":37},"end":{"line":11,"column":38}},"loc":{"start":{"line":11,"column":49},"end":{"line":29,"column":5}},"line":11},"3":{"name":"(anonymous_3)","decl":{"start":{"line":30,"column":45},"end":{"line":30,"column":46}},"loc":{"start":{"line":30,"column":57},"end":{"line":45,"column":5}},"line":30},"4":{"name":"(anonymous_4)","decl":{"start":{"line":46,"column":34},"end":{"line":46,"column":35}},"loc":{"start":{"line":46,"column":46},"end":{"line":48,"column":5}},"line":46},"5":{"name":"(anonymous_5)","decl":{"start":{"line":49,"column":35},"end":{"line":49,"column":36}},"loc":{"start":{"line":49,"column":47},"end":{"line":51,"column":5}},"line":49},"6":{"name":"(anonymous_6)","decl":{"start":{"line":52,"column":34},"end":{"line":52,"column":35}},"loc":{"start":{"line":52,"column":46},"end":{"line":54,"column":5}},"line":52}},"branchMap":{"0":{"loc":{"start":{"line":12,"column":8},"end":{"line":27,"column":9}},"type":"switch","locations":[{"start":{"line":13,"column":12},"end":{"line":14,"column":28}},{"start":{"line":15,"column":12},"end":{"line":16,"column":28}},{"start":{"line":17,"column":12},"end":{"line":18,"column":28}},{"start":{"line":19,"column":12},"end":{"line":20,"column":28}},{"start":{"line":21,"column":12},"end":{"line":22,"column":28}},{"start":{"line":23,"column":12},"end":{"line":24,"column":28}},{"start":{"line":25,"column":12},"end":{"line":26,"column":28}}],"line":12},"1":{"loc":{"start":{"line":31,"column":8},"end":{"line":43,"column":9}},"type":"if","locations":[{"start":{"line":31,"column":8},"end":{"line":43,"column":9}},{"start":{"line":31,"column":8},"end":{"line":43,"column":9}}],"line":31},"2":{"loc":{"start":{"line":31,"column":12},"end":{"line":31,"column":55}},"type":"binary-expr","locations":[{"start":{"line":31,"column":12},"end":{"line":31,"column":29}},{"start":{"line":31,"column":33},"end":{"line":31,"column":55}}],"line":31},"3":{"loc":{"start":{"line":36,"column":12},"end":{"line":38,"column":13}},"type":"if","locations":[{"start":{"line":36,"column":12},"end":{"line":38,"column":13}},{"start":{"line":36,"column":12},"end":{"line":38,"column":13}}],"line":36},"4":{"loc":{"start":{"line":39,"column":12},"end":{"line":41,"column":13}},"type":"if","locations":[{"start":{"line":39,"column":12},"end":{"line":41,"column":13}},{"start":{"line":39,"column":12},"end":{"line":41,"column":13}}],"line":39}},"s":{"0":2,"1":2,"2":381,"3":381,"4":381,"5":381,"6":381,"7":2,"8":0,"9":0,"10":0,"11":0,"12":0,"13":0,"14":0,"15":0,"16":0,"17":2,"18":0,"19":0,"20":0,"21":0,"22":0,"23":0,"24":0,"25":0,"26":0,"27":0,"28":0,"29":2,"30":0,"31":2,"32":0,"33":2,"34":0,"35":2,"36":2},"f":{"0":2,"1":381,"2":0,"3":0,"4":0,"5":0,"6":0},"b":{"0":[0,0,0,0,0,0,0],"1":[0,0],"2":[0,0],"3":[0,0],"4":[0,0]},"_coverageSchema":"43e27e138ebf9cfc5966b082cf9a028302ed4184","hash":"522b6d4cf0cd79883e038dab5f37a093f7d9a05d"}
,"/Users/tero/dev/static/git/RangerParser/dist/src/NodeIterator.js": {"path":"/Users/tero/dev/static/git/RangerParser/dist/src/NodeIterator.js","statementMap":{"0":{"start":{"line":2,"column":0},"end":{"line":2,"column":62}},"1":{"start":{"line":3,"column":21},"end":{"line":3,"column":46}},"2":{"start":{"line":4,"column":17},"end":{"line":4,"column":38}},"3":{"start":{"line":5,"column":19},"end":{"line":5,"column":42}},"4":{"start":{"line":6,"column":18},"end":{"line":6,"column":20}},"5":{"start":{"line":7,"column":0},"end":{"line":12,"column":2}},"6":{"start":{"line":8,"column":4},"end":{"line":10,"column":5}},"7":{"start":{"line":9,"column":8},"end":{"line":9,"column":77}},"8":{"start":{"line":11,"column":4},"end":{"line":11,"column":51}},"9":{"start":{"line":13,"column":0},"end":{"line":18,"column":5}},"10":{"start":{"line":13,"column":39},"end":{"line":18,"column":2}},"11":{"start":{"line":14,"column":15},"end":{"line":14,"column":23}},"12":{"start":{"line":15,"column":14},"end":{"line":15,"column":182}},"13":{"start":{"line":16,"column":4},"end":{"line":16,"column":23}},"14":{"start":{"line":17,"column":4},"end":{"line":17,"column":14}},"15":{"start":{"line":19,"column":0},"end":{"line":25,"column":5}},"16":{"start":{"line":19,"column":35},"end":{"line":25,"column":2}},"17":{"start":{"line":20,"column":14},"end":{"line":20,"column":19}},"18":{"start":{"line":21,"column":4},"end":{"line":23,"column":5}},"19":{"start":{"line":22,"column":8},"end":{"line":22,"column":43}},"20":{"start":{"line":24,"column":4},"end":{"line":24,"column":15}},"21":{"start":{"line":26,"column":0},"end":{"line":41,"column":2}},"22":{"start":{"line":27,"column":14},"end":{"line":27,"column":16}},"23":{"start":{"line":28,"column":4},"end":{"line":30,"column":5}},"24":{"start":{"line":28,"column":18},"end":{"line":28,"column":19}},"25":{"start":{"line":29,"column":8},"end":{"line":29,"column":32}},"26":{"start":{"line":31,"column":4},"end":{"line":40,"column":6}},"27":{"start":{"line":32,"column":8},"end":{"line":38,"column":9}},"28":{"start":{"line":32,"column":21},"end":{"line":32,"column":22}},"29":{"start":{"line":33,"column":21},"end":{"line":33,"column":27}},"30":{"start":{"line":34,"column":22},"end":{"line":34,"column":27}},"31":{"start":{"line":35,"column":12},"end":{"line":37,"column":13}},"32":{"start":{"line":36,"column":16},"end":{"line":36,"column":27}},"33":{"start":{"line":39,"column":8},"end":{"line":39,"column":27}},"34":{"start":{"line":42,"column":0},"end":{"line":69,"column":2}},"35":{"start":{"line":43,"column":14},"end":{"line":43,"column":16}},"36":{"start":{"line":44,"column":4},"end":{"line":46,"column":5}},"37":{"start":{"line":44,"column":18},"end":{"line":44,"column":19}},"38":{"start":{"line":45,"column":8},"end":{"line":45,"column":32}},"39":{"start":{"line":47,"column":4},"end":{"line":68,"column":6}},"40":{"start":{"line":49,"column":23},"end":{"line":49,"column":24}},"41":{"start":{"line":50,"column":19},"end":{"line":50,"column":28}},"42":{"start":{"line":51,"column":8},"end":{"line":63,"column":9}},"43":{"start":{"line":51,"column":21},"end":{"line":51,"column":22}},"44":{"start":{"line":52,"column":21},"end":{"line":52,"column":27}},"45":{"start":{"line":53,"column":22},"end":{"line":53,"column":30}},"46":{"start":{"line":54,"column":12},"end":{"line":56,"column":13}},"47":{"start":{"line":55,"column":16},"end":{"line":55,"column":35}},"48":{"start":{"line":57,"column":12},"end":{"line":60,"column":13}},"49":{"start":{"line":58,"column":27},"end":{"line":58,"column":33}},"50":{"start":{"line":59,"column":16},"end":{"line":59,"column":47}},"51":{"start":{"line":61,"column":12},"end":{"line":61,"column":31}},"52":{"start":{"line":62,"column":12},"end":{"line":62,"column":30}},"53":{"start":{"line":64,"column":8},"end":{"line":66,"column":9}},"54":{"start":{"line":65,"column":12},"end":{"line":65,"column":31}},"55":{"start":{"line":67,"column":8},"end":{"line":67,"column":36}},"56":{"start":{"line":70,"column":0},"end":{"line":83,"column":5}},"57":{"start":{"line":70,"column":32},"end":{"line":83,"column":2}},"58":{"start":{"line":71,"column":12},"end":{"line":71,"column":20}},"59":{"start":{"line":72,"column":4},"end":{"line":81,"column":5}},"60":{"start":{"line":73,"column":8},"end":{"line":80,"column":9}},"61":{"start":{"line":74,"column":21},"end":{"line":74,"column":73}},"62":{"start":{"line":75,"column":12},"end":{"line":75,"column":40}},"63":{"start":{"line":76,"column":24},"end":{"line":76,"column":38}},"64":{"start":{"line":77,"column":12},"end":{"line":79,"column":13}},"65":{"start":{"line":78,"column":16},"end":{"line":78,"column":55}},"66":{"start":{"line":82,"column":4},"end":{"line":82,"column":23}},"67":{"start":{"line":84,"column":0},"end":{"line":92,"column":2}},"68":{"start":{"line":85,"column":12},"end":{"line":85,"column":20}},"69":{"start":{"line":86,"column":4},"end":{"line":90,"column":5}},"70":{"start":{"line":87,"column":8},"end":{"line":89,"column":9}},"71":{"start":{"line":88,"column":12},"end":{"line":88,"column":26}},"72":{"start":{"line":91,"column":4},"end":{"line":91,"column":23}},"73":{"start":{"line":93,"column":0},"end":{"line":93,"column":26}},"74":{"start":{"line":94,"column":0},"end":{"line":102,"column":2}},"75":{"start":{"line":95,"column":12},"end":{"line":95,"column":20}},"76":{"start":{"line":96,"column":4},"end":{"line":100,"column":5}},"77":{"start":{"line":97,"column":8},"end":{"line":99,"column":9}},"78":{"start":{"line":98,"column":12},"end":{"line":98,"column":26}},"79":{"start":{"line":101,"column":4},"end":{"line":101,"column":23}},"80":{"start":{"line":103,"column":0},"end":{"line":109,"column":2}},"81":{"start":{"line":104,"column":12},"end":{"line":104,"column":20}},"82":{"start":{"line":105,"column":4},"end":{"line":107,"column":5}},"83":{"start":{"line":106,"column":8},"end":{"line":106,"column":22}},"84":{"start":{"line":108,"column":4},"end":{"line":108,"column":14}},"85":{"start":{"line":110,"column":0},"end":{"line":110,"column":30}},"86":{"start":{"line":111,"column":0},"end":{"line":111,"column":26}},"87":{"start":{"line":112,"column":0},"end":{"line":120,"column":2}},"88":{"start":{"line":113,"column":12},"end":{"line":113,"column":20}},"89":{"start":{"line":114,"column":4},"end":{"line":118,"column":5}},"90":{"start":{"line":115,"column":8},"end":{"line":117,"column":9}},"91":{"start":{"line":116,"column":12},"end":{"line":116,"column":26}},"92":{"start":{"line":119,"column":4},"end":{"line":119,"column":23}},"93":{"start":{"line":121,"column":0},"end":{"line":121,"column":29}},"94":{"start":{"line":122,"column":0},"end":{"line":130,"column":2}},"95":{"start":{"line":123,"column":12},"end":{"line":123,"column":20}},"96":{"start":{"line":124,"column":4},"end":{"line":128,"column":5}},"97":{"start":{"line":125,"column":8},"end":{"line":127,"column":9}},"98":{"start":{"line":126,"column":12},"end":{"line":126,"column":60}},"99":{"start":{"line":129,"column":4},"end":{"line":129,"column":23}},"100":{"start":{"line":131,"column":0},"end":{"line":131,"column":29}},"101":{"start":{"line":132,"column":0},"end":{"line":142,"column":2}},"102":{"start":{"line":133,"column":12},"end":{"line":133,"column":20}},"103":{"start":{"line":134,"column":4},"end":{"line":140,"column":5}},"104":{"start":{"line":135,"column":8},"end":{"line":139,"column":9}},"105":{"start":{"line":138,"column":12},"end":{"line":138,"column":60}},"106":{"start":{"line":141,"column":4},"end":{"line":141,"column":23}},"107":{"start":{"line":143,"column":0},"end":{"line":143,"column":33}},"108":{"start":{"line":144,"column":0},"end":{"line":152,"column":2}},"109":{"start":{"line":145,"column":12},"end":{"line":145,"column":20}},"110":{"start":{"line":146,"column":4},"end":{"line":150,"column":5}},"111":{"start":{"line":147,"column":8},"end":{"line":149,"column":9}},"112":{"start":{"line":148,"column":12},"end":{"line":148,"column":26}},"113":{"start":{"line":151,"column":4},"end":{"line":151,"column":23}},"114":{"start":{"line":153,"column":0},"end":{"line":153,"column":27}},"115":{"start":{"line":154,"column":0},"end":{"line":167,"column":5}},"116":{"start":{"line":154,"column":36},"end":{"line":167,"column":2}},"117":{"start":{"line":155,"column":12},"end":{"line":155,"column":20}},"118":{"start":{"line":156,"column":4},"end":{"line":165,"column":5}},"119":{"start":{"line":157,"column":8},"end":{"line":164,"column":9}},"120":{"start":{"line":158,"column":12},"end":{"line":160,"column":13}},"121":{"start":{"line":159,"column":16},"end":{"line":159,"column":30}},"122":{"start":{"line":161,"column":12},"end":{"line":163,"column":13}},"123":{"start":{"line":162,"column":16},"end":{"line":162,"column":30}},"124":{"start":{"line":166,"column":4},"end":{"line":166,"column":23}},"125":{"start":{"line":168,"column":0},"end":{"line":168,"column":29}},"126":{"start":{"line":169,"column":0},"end":{"line":206,"column":5}},"127":{"start":{"line":169,"column":47},"end":{"line":206,"column":2}},"128":{"start":{"line":170,"column":12},"end":{"line":170,"column":20}},"129":{"start":{"line":171,"column":4},"end":{"line":204,"column":5}},"130":{"start":{"line":172,"column":8},"end":{"line":203,"column":9}},"131":{"start":{"line":173,"column":12},"end":{"line":175,"column":13}},"132":{"start":{"line":174,"column":16},"end":{"line":174,"column":30}},"133":{"start":{"line":176,"column":12},"end":{"line":202,"column":13}},"134":{"start":{"line":177,"column":16},"end":{"line":189,"column":17}},"135":{"start":{"line":177,"column":30},"end":{"line":177,"column":31}},"136":{"start":{"line":177,"column":41},"end":{"line":177,"column":44}},"137":{"start":{"line":178,"column":28},"end":{"line":178,"column":37}},"138":{"start":{"line":179,"column":20},"end":{"line":188,"column":21}},"139":{"start":{"line":180,"column":24},"end":{"line":182,"column":25}},"140":{"start":{"line":181,"column":28},"end":{"line":181,"column":42}},"141":{"start":{"line":185,"column":24},"end":{"line":187,"column":25}},"142":{"start":{"line":186,"column":28},"end":{"line":186,"column":42}},"143":{"start":{"line":192,"column":16},"end":{"line":201,"column":17}},"144":{"start":{"line":193,"column":20},"end":{"line":195,"column":21}},"145":{"start":{"line":194,"column":24},"end":{"line":194,"column":38}},"146":{"start":{"line":198,"column":20},"end":{"line":200,"column":21}},"147":{"start":{"line":199,"column":24},"end":{"line":199,"column":38}},"148":{"start":{"line":205,"column":4},"end":{"line":205,"column":23}},"149":{"start":{"line":207,"column":0},"end":{"line":207,"column":28}},"150":{"start":{"line":208,"column":0},"end":{"line":208,"column":67}},"151":{"start":{"line":208,"column":30},"end":{"line":208,"column":64}},"152":{"start":{"line":209,"column":38},"end":{"line":589,"column":3}},"153":{"start":{"line":211,"column":8},"end":{"line":211,"column":19}},"154":{"start":{"line":212,"column":8},"end":{"line":212,"column":19}},"155":{"start":{"line":213,"column":8},"end":{"line":213,"column":25}},"156":{"start":{"line":215,"column":4},"end":{"line":220,"column":6}},"157":{"start":{"line":216,"column":16},"end":{"line":216,"column":47}},"158":{"start":{"line":217,"column":8},"end":{"line":217,"column":21}},"159":{"start":{"line":218,"column":8},"end":{"line":218,"column":21}},"160":{"start":{"line":219,"column":8},"end":{"line":219,"column":17}},"161":{"start":{"line":221,"column":4},"end":{"line":243,"column":6}},"162":{"start":{"line":222,"column":18},"end":{"line":222,"column":20}},"163":{"start":{"line":223,"column":19},"end":{"line":223,"column":31}},"164":{"start":{"line":224,"column":20},"end":{"line":224,"column":21}},"165":{"start":{"line":225,"column":8},"end":{"line":237,"column":9}},"166":{"start":{"line":225,"column":22},"end":{"line":225,"column":23}},"167":{"start":{"line":225,"column":35},"end":{"line":225,"column":40}},"168":{"start":{"line":226,"column":25},"end":{"line":226,"column":36}},"169":{"start":{"line":227,"column":21},"end":{"line":227,"column":33}},"170":{"start":{"line":228,"column":21},"end":{"line":228,"column":31}},"171":{"start":{"line":228,"column":40},"end":{"line":228,"column":45}},"172":{"start":{"line":228,"column":53},"end":{"line":228,"column":58}},"173":{"start":{"line":229,"column":12},"end":{"line":229,"column":27}},"174":{"start":{"line":230,"column":12},"end":{"line":230,"column":25}},"175":{"start":{"line":231,"column":12},"end":{"line":236,"column":13}},"176":{"start":{"line":232,"column":16},"end":{"line":232,"column":31}},"177":{"start":{"line":235,"column":16},"end":{"line":235,"column":29}},"178":{"start":{"line":238,"column":8},"end":{"line":239,"column":20}},"179":{"start":{"line":239,"column":12},"end":{"line":239,"column":20}},"180":{"start":{"line":240,"column":8},"end":{"line":240,"column":24}},"181":{"start":{"line":241,"column":8},"end":{"line":241,"column":24}},"182":{"start":{"line":242,"column":8},"end":{"line":242,"column":20}},"183":{"start":{"line":244,"column":4},"end":{"line":246,"column":6}},"184":{"start":{"line":245,"column":8},"end":{"line":245,"column":37}},"185":{"start":{"line":247,"column":4},"end":{"line":253,"column":6}},"186":{"start":{"line":248,"column":20},"end":{"line":248,"column":30}},"187":{"start":{"line":249,"column":8},"end":{"line":252,"column":9}},"188":{"start":{"line":250,"column":12},"end":{"line":250,"column":22}},"189":{"start":{"line":251,"column":12},"end":{"line":251,"column":25}},"190":{"start":{"line":256,"column":4},"end":{"line":265,"column":6}},"191":{"start":{"line":257,"column":16},"end":{"line":257,"column":28}},"192":{"start":{"line":258,"column":17},"end":{"line":258,"column":22}},"193":{"start":{"line":259,"column":8},"end":{"line":259,"column":18}},"194":{"start":{"line":260,"column":17},"end":{"line":260,"column":22}},"195":{"start":{"line":261,"column":8},"end":{"line":264,"column":9}},"196":{"start":{"line":262,"column":12},"end":{"line":262,"column":31}},"197":{"start":{"line":263,"column":12},"end":{"line":263,"column":25}},"198":{"start":{"line":266,"column":4},"end":{"line":277,"column":6}},"199":{"start":{"line":267,"column":16},"end":{"line":267,"column":28}},"200":{"start":{"line":268,"column":17},"end":{"line":268,"column":22}},"201":{"start":{"line":269,"column":8},"end":{"line":269,"column":18}},"202":{"start":{"line":270,"column":17},"end":{"line":270,"column":22}},"203":{"start":{"line":271,"column":8},"end":{"line":271,"column":18}},"204":{"start":{"line":272,"column":17},"end":{"line":272,"column":22}},"205":{"start":{"line":273,"column":8},"end":{"line":276,"column":9}},"206":{"start":{"line":274,"column":12},"end":{"line":274,"column":38}},"207":{"start":{"line":275,"column":12},"end":{"line":275,"column":25}},"208":{"start":{"line":278,"column":4},"end":{"line":281,"column":6}},"209":{"start":{"line":279,"column":16},"end":{"line":279,"column":27}},"210":{"start":{"line":280,"column":8},"end":{"line":280,"column":67}},"211":{"start":{"line":282,"column":4},"end":{"line":285,"column":6}},"212":{"start":{"line":283,"column":16},"end":{"line":283,"column":27}},"213":{"start":{"line":284,"column":8},"end":{"line":284,"column":45}},"214":{"start":{"line":286,"column":4},"end":{"line":289,"column":6}},"215":{"start":{"line":287,"column":16},"end":{"line":287,"column":27}},"216":{"start":{"line":288,"column":8},"end":{"line":288,"column":41}},"217":{"start":{"line":290,"column":4},"end":{"line":293,"column":6}},"218":{"start":{"line":291,"column":16},"end":{"line":291,"column":27}},"219":{"start":{"line":292,"column":8},"end":{"line":292,"column":44}},"220":{"start":{"line":294,"column":4},"end":{"line":297,"column":6}},"221":{"start":{"line":295,"column":16},"end":{"line":295,"column":27}},"222":{"start":{"line":296,"column":8},"end":{"line":296,"column":49}},"223":{"start":{"line":298,"column":4},"end":{"line":301,"column":6}},"224":{"start":{"line":299,"column":16},"end":{"line":299,"column":27}},"225":{"start":{"line":300,"column":8},"end":{"line":300,"column":37}},"226":{"start":{"line":302,"column":4},"end":{"line":305,"column":6}},"227":{"start":{"line":303,"column":16},"end":{"line":303,"column":27}},"228":{"start":{"line":304,"column":8},"end":{"line":304,"column":37}},"229":{"start":{"line":306,"column":4},"end":{"line":309,"column":6}},"230":{"start":{"line":307,"column":16},"end":{"line":307,"column":27}},"231":{"start":{"line":308,"column":8},"end":{"line":308,"column":45}},"232":{"start":{"line":310,"column":4},"end":{"line":313,"column":6}},"233":{"start":{"line":311,"column":16},"end":{"line":311,"column":27}},"234":{"start":{"line":312,"column":8},"end":{"line":312,"column":41}},"235":{"start":{"line":314,"column":4},"end":{"line":317,"column":6}},"236":{"start":{"line":315,"column":16},"end":{"line":315,"column":27}},"237":{"start":{"line":316,"column":8},"end":{"line":316,"column":44}},"238":{"start":{"line":318,"column":4},"end":{"line":321,"column":6}},"239":{"start":{"line":319,"column":8},"end":{"line":319,"column":17}},"240":{"start":{"line":320,"column":8},"end":{"line":320,"column":19}},"241":{"start":{"line":322,"column":4},"end":{"line":325,"column":6}},"242":{"start":{"line":323,"column":16},"end":{"line":323,"column":33}},"243":{"start":{"line":324,"column":8},"end":{"line":324,"column":47}},"244":{"start":{"line":326,"column":4},"end":{"line":334,"column":6}},"245":{"start":{"line":327,"column":21},"end":{"line":327,"column":27}},"246":{"start":{"line":328,"column":8},"end":{"line":331,"column":9}},"247":{"start":{"line":329,"column":12},"end":{"line":329,"column":21}},"248":{"start":{"line":330,"column":12},"end":{"line":330,"column":25}},"249":{"start":{"line":332,"column":8},"end":{"line":332,"column":28}},"250":{"start":{"line":333,"column":8},"end":{"line":333,"column":19}},"251":{"start":{"line":335,"column":4},"end":{"line":346,"column":6}},"252":{"start":{"line":336,"column":8},"end":{"line":339,"column":9}},"253":{"start":{"line":337,"column":12},"end":{"line":337,"column":25}},"254":{"start":{"line":338,"column":12},"end":{"line":338,"column":24}},"255":{"start":{"line":340,"column":16},"end":{"line":340,"column":27}},"256":{"start":{"line":341,"column":8},"end":{"line":344,"column":9}},"257":{"start":{"line":342,"column":12},"end":{"line":342,"column":24}},"258":{"start":{"line":343,"column":12},"end":{"line":343,"column":24}},"259":{"start":{"line":345,"column":8},"end":{"line":345,"column":21}},"260":{"start":{"line":347,"column":4},"end":{"line":368,"column":6}},"261":{"start":{"line":348,"column":16},"end":{"line":348,"column":30}},"262":{"start":{"line":349,"column":8},"end":{"line":366,"column":9}},"263":{"start":{"line":350,"column":12},"end":{"line":352,"column":13}},"264":{"start":{"line":351,"column":16},"end":{"line":351,"column":52}},"265":{"start":{"line":353,"column":12},"end":{"line":355,"column":13}},"266":{"start":{"line":354,"column":16},"end":{"line":354,"column":40}},"267":{"start":{"line":356,"column":12},"end":{"line":358,"column":13}},"268":{"start":{"line":357,"column":16},"end":{"line":357,"column":44}},"269":{"start":{"line":359,"column":12},"end":{"line":361,"column":13}},"270":{"start":{"line":360,"column":16},"end":{"line":360,"column":43}},"271":{"start":{"line":362,"column":12},"end":{"line":364,"column":13}},"272":{"start":{"line":363,"column":16},"end":{"line":363,"column":35}},"273":{"start":{"line":365,"column":12},"end":{"line":365,"column":22}},"274":{"start":{"line":367,"column":8},"end":{"line":367,"column":18}},"275":{"start":{"line":369,"column":4},"end":{"line":406,"column":6}},"276":{"start":{"line":370,"column":8},"end":{"line":370,"column":40}},"277":{"start":{"line":370,"column":30},"end":{"line":370,"column":38}},"278":{"start":{"line":372,"column":16},"end":{"line":372,"column":17}},"279":{"start":{"line":373,"column":18},"end":{"line":373,"column":32}},"280":{"start":{"line":374,"column":8},"end":{"line":401,"column":9}},"281":{"start":{"line":375,"column":20},"end":{"line":375,"column":37}},"282":{"start":{"line":376,"column":12},"end":{"line":378,"column":13}},"283":{"start":{"line":377,"column":16},"end":{"line":377,"column":22}},"284":{"start":{"line":379,"column":12},"end":{"line":385,"column":13}},"285":{"start":{"line":380,"column":16},"end":{"line":380,"column":28}},"286":{"start":{"line":381,"column":16},"end":{"line":381,"column":20}},"287":{"start":{"line":382,"column":16},"end":{"line":382,"column":27}},"288":{"start":{"line":383,"column":16},"end":{"line":383,"column":25}},"289":{"start":{"line":384,"column":16},"end":{"line":384,"column":25}},"290":{"start":{"line":386,"column":12},"end":{"line":392,"column":13}},"291":{"start":{"line":387,"column":16},"end":{"line":387,"column":28}},"292":{"start":{"line":388,"column":16},"end":{"line":388,"column":20}},"293":{"start":{"line":389,"column":16},"end":{"line":389,"column":27}},"294":{"start":{"line":390,"column":16},"end":{"line":390,"column":25}},"295":{"start":{"line":391,"column":16},"end":{"line":391,"column":25}},"296":{"start":{"line":393,"column":12},"end":{"line":397,"column":13}},"297":{"start":{"line":394,"column":16},"end":{"line":394,"column":27}},"298":{"start":{"line":395,"column":16},"end":{"line":395,"column":25}},"299":{"start":{"line":396,"column":16},"end":{"line":396,"column":25}},"300":{"start":{"line":398,"column":12},"end":{"line":398,"column":41}},"301":{"start":{"line":399,"column":12},"end":{"line":399,"column":21}},"302":{"start":{"line":400,"column":12},"end":{"line":400,"column":16}},"303":{"start":{"line":402,"column":8},"end":{"line":404,"column":9}},"304":{"start":{"line":403,"column":12},"end":{"line":403,"column":22}},"305":{"start":{"line":405,"column":8},"end":{"line":405,"column":19}},"306":{"start":{"line":407,"column":4},"end":{"line":445,"column":6}},"307":{"start":{"line":408,"column":8},"end":{"line":408,"column":40}},"308":{"start":{"line":408,"column":30},"end":{"line":408,"column":38}},"309":{"start":{"line":409,"column":16},"end":{"line":409,"column":17}},"310":{"start":{"line":410,"column":16},"end":{"line":410,"column":22}},"311":{"start":{"line":411,"column":16},"end":{"line":411,"column":22}},"312":{"start":{"line":412,"column":18},"end":{"line":412,"column":32}},"313":{"start":{"line":413,"column":8},"end":{"line":440,"column":9}},"314":{"start":{"line":414,"column":20},"end":{"line":414,"column":32}},"315":{"start":{"line":415,"column":12},"end":{"line":417,"column":13}},"316":{"start":{"line":416,"column":16},"end":{"line":416,"column":22}},"317":{"start":{"line":418,"column":12},"end":{"line":424,"column":13}},"318":{"start":{"line":419,"column":16},"end":{"line":419,"column":27}},"319":{"start":{"line":420,"column":16},"end":{"line":420,"column":20}},"320":{"start":{"line":421,"column":16},"end":{"line":421,"column":22}},"321":{"start":{"line":422,"column":16},"end":{"line":422,"column":20}},"322":{"start":{"line":423,"column":16},"end":{"line":423,"column":25}},"323":{"start":{"line":425,"column":12},"end":{"line":431,"column":13}},"324":{"start":{"line":426,"column":16},"end":{"line":426,"column":27}},"325":{"start":{"line":427,"column":16},"end":{"line":427,"column":20}},"326":{"start":{"line":428,"column":16},"end":{"line":428,"column":22}},"327":{"start":{"line":429,"column":16},"end":{"line":429,"column":20}},"328":{"start":{"line":430,"column":16},"end":{"line":430,"column":25}},"329":{"start":{"line":432,"column":12},"end":{"line":436,"column":13}},"330":{"start":{"line":433,"column":16},"end":{"line":433,"column":22}},"331":{"start":{"line":434,"column":16},"end":{"line":434,"column":20}},"332":{"start":{"line":435,"column":16},"end":{"line":435,"column":25}},"333":{"start":{"line":437,"column":12},"end":{"line":437,"column":35}},"334":{"start":{"line":438,"column":12},"end":{"line":438,"column":16}},"335":{"start":{"line":439,"column":12},"end":{"line":439,"column":16}},"336":{"start":{"line":441,"column":8},"end":{"line":443,"column":9}},"337":{"start":{"line":442,"column":12},"end":{"line":442,"column":31}},"338":{"start":{"line":444,"column":8},"end":{"line":444,"column":19}},"339":{"start":{"line":446,"column":4},"end":{"line":452,"column":6}},"340":{"start":{"line":447,"column":18},"end":{"line":447,"column":20}},"341":{"start":{"line":448,"column":8},"end":{"line":450,"column":9}},"342":{"start":{"line":449,"column":12},"end":{"line":449,"column":40}},"343":{"start":{"line":451,"column":8},"end":{"line":451,"column":19}},"344":{"start":{"line":453,"column":4},"end":{"line":462,"column":6}},"345":{"start":{"line":454,"column":17},"end":{"line":454,"column":23}},"346":{"start":{"line":455,"column":17},"end":{"line":455,"column":23}},"347":{"start":{"line":456,"column":8},"end":{"line":456,"column":17}},"348":{"start":{"line":457,"column":18},"end":{"line":457,"column":51}},"349":{"start":{"line":458,"column":8},"end":{"line":460,"column":9}},"350":{"start":{"line":459,"column":12},"end":{"line":459,"column":31}},"351":{"start":{"line":461,"column":8},"end":{"line":461,"column":19}},"352":{"start":{"line":463,"column":4},"end":{"line":466,"column":6}},"353":{"start":{"line":464,"column":20},"end":{"line":464,"column":24}},"354":{"start":{"line":465,"column":8},"end":{"line":465,"column":76}},"355":{"start":{"line":465,"column":44},"end":{"line":465,"column":72}},"356":{"start":{"line":467,"column":4},"end":{"line":474,"column":6}},"357":{"start":{"line":468,"column":21},"end":{"line":468,"column":27}},"358":{"start":{"line":469,"column":21},"end":{"line":469,"column":27}},"359":{"start":{"line":470,"column":18},"end":{"line":470,"column":36}},"360":{"start":{"line":471,"column":8},"end":{"line":471,"column":24}},"361":{"start":{"line":472,"column":8},"end":{"line":472,"column":24}},"362":{"start":{"line":473,"column":8},"end":{"line":473,"column":19}},"363":{"start":{"line":475,"column":4},"end":{"line":515,"column":6}},"364":{"start":{"line":476,"column":22},"end":{"line":476,"column":24}},"365":{"start":{"line":477,"column":8},"end":{"line":498,"column":9}},"366":{"start":{"line":478,"column":12},"end":{"line":496,"column":13}},"367":{"start":{"line":479,"column":27},"end":{"line":479,"column":38}},"368":{"start":{"line":480,"column":16},"end":{"line":486,"column":17}},"369":{"start":{"line":481,"column":20},"end":{"line":484,"column":21}},"370":{"start":{"line":482,"column":24},"end":{"line":482,"column":37}},"371":{"start":{"line":483,"column":24},"end":{"line":483,"column":33}},"372":{"start":{"line":485,"column":20},"end":{"line":485,"column":27}},"373":{"start":{"line":487,"column":16},"end":{"line":494,"column":17}},"374":{"start":{"line":488,"column":28},"end":{"line":488,"column":35}},"375":{"start":{"line":489,"column":20},"end":{"line":493,"column":21}},"376":{"start":{"line":489,"column":33},"end":{"line":489,"column":34}},"377":{"start":{"line":490,"column":24},"end":{"line":492,"column":25}},"378":{"start":{"line":491,"column":28},"end":{"line":491,"column":35}},"379":{"start":{"line":495,"column":16},"end":{"line":495,"column":31}},"380":{"start":{"line":497,"column":12},"end":{"line":497,"column":19}},"381":{"start":{"line":499,"column":8},"end":{"line":514,"column":9}},"382":{"start":{"line":500,"column":23},"end":{"line":500,"column":34}},"383":{"start":{"line":501,"column":12},"end":{"line":507,"column":13}},"384":{"start":{"line":502,"column":16},"end":{"line":505,"column":17}},"385":{"start":{"line":503,"column":20},"end":{"line":503,"column":33}},"386":{"start":{"line":504,"column":20},"end":{"line":504,"column":29}},"387":{"start":{"line":506,"column":16},"end":{"line":506,"column":23}},"388":{"start":{"line":508,"column":12},"end":{"line":513,"column":13}},"389":{"start":{"line":509,"column":24},"end":{"line":509,"column":31}},"390":{"start":{"line":510,"column":16},"end":{"line":512,"column":17}},"391":{"start":{"line":511,"column":20},"end":{"line":511,"column":27}},"392":{"start":{"line":516,"column":4},"end":{"line":530,"column":6}},"393":{"start":{"line":517,"column":8},"end":{"line":519,"column":9}},"394":{"start":{"line":518,"column":12},"end":{"line":518,"column":24}},"395":{"start":{"line":520,"column":8},"end":{"line":522,"column":9}},"396":{"start":{"line":521,"column":12},"end":{"line":521,"column":24}},"397":{"start":{"line":523,"column":8},"end":{"line":528,"column":9}},"398":{"start":{"line":524,"column":23},"end":{"line":524,"column":40}},"399":{"start":{"line":525,"column":12},"end":{"line":527,"column":13}},"400":{"start":{"line":526,"column":16},"end":{"line":526,"column":28}},"401":{"start":{"line":529,"column":8},"end":{"line":529,"column":21}},"402":{"start":{"line":531,"column":4},"end":{"line":551,"column":6}},"403":{"start":{"line":532,"column":21},"end":{"line":532,"column":27}},"404":{"start":{"line":533,"column":21},"end":{"line":533,"column":27}},"405":{"start":{"line":534,"column":8},"end":{"line":550,"column":9}},"406":{"start":{"line":535,"column":12},"end":{"line":543,"column":13}},"407":{"start":{"line":536,"column":16},"end":{"line":536,"column":29}},"408":{"start":{"line":537,"column":16},"end":{"line":539,"column":17}},"409":{"start":{"line":538,"column":20},"end":{"line":538,"column":27}},"410":{"start":{"line":540,"column":16},"end":{"line":540,"column":32}},"411":{"start":{"line":541,"column":16},"end":{"line":541,"column":32}},"412":{"start":{"line":542,"column":16},"end":{"line":542,"column":25}},"413":{"start":{"line":544,"column":23},"end":{"line":544,"column":34}},"414":{"start":{"line":545,"column":12},"end":{"line":547,"column":13}},"415":{"start":{"line":546,"column":16},"end":{"line":546,"column":23}},"416":{"start":{"line":548,"column":12},"end":{"line":548,"column":28}},"417":{"start":{"line":549,"column":12},"end":{"line":549,"column":28}},"418":{"start":{"line":552,"column":4},"end":{"line":571,"column":6}},"419":{"start":{"line":553,"column":8},"end":{"line":562,"column":9}},"420":{"start":{"line":554,"column":12},"end":{"line":561,"column":15}},"421":{"start":{"line":555,"column":16},"end":{"line":559,"column":17}},"422":{"start":{"line":555,"column":29},"end":{"line":555,"column":30}},"423":{"start":{"line":556,"column":20},"end":{"line":558,"column":21}},"424":{"start":{"line":557,"column":24},"end":{"line":557,"column":37}},"425":{"start":{"line":560,"column":16},"end":{"line":560,"column":28}},"426":{"start":{"line":563,"column":8},"end":{"line":570,"column":11}},"427":{"start":{"line":564,"column":12},"end":{"line":564,"column":59}},"428":{"start":{"line":565,"column":12},"end":{"line":568,"column":13}},"429":{"start":{"line":566,"column":16},"end":{"line":566,"column":43}},"430":{"start":{"line":567,"column":16},"end":{"line":567,"column":29}},"431":{"start":{"line":569,"column":12},"end":{"line":569,"column":24}},"432":{"start":{"line":572,"column":4},"end":{"line":587,"column":6}},"433":{"start":{"line":573,"column":20},"end":{"line":573,"column":25}},"434":{"start":{"line":574,"column":19},"end":{"line":585,"column":10}},"435":{"start":{"line":575,"column":12},"end":{"line":579,"column":13}},"436":{"start":{"line":575,"column":25},"end":{"line":575,"column":26}},"437":{"start":{"line":576,"column":16},"end":{"line":578,"column":17}},"438":{"start":{"line":577,"column":20},"end":{"line":577,"column":33}},"439":{"start":{"line":580,"column":12},"end":{"line":583,"column":13}},"440":{"start":{"line":581,"column":16},"end":{"line":581,"column":29}},"441":{"start":{"line":582,"column":16},"end":{"line":582,"column":29}},"442":{"start":{"line":584,"column":12},"end":{"line":584,"column":24}},"443":{"start":{"line":586,"column":8},"end":{"line":586,"column":21}},"444":{"start":{"line":588,"column":4},"end":{"line":588,"column":28}},"445":{"start":{"line":590,"column":0},"end":{"line":590,"column":44}},"446":{"start":{"line":591,"column":0},"end":{"line":591,"column":50}}},"fnMap":{"0":{"name":"(anonymous_0)","decl":{"start":{"line":7,"column":19},"end":{"line":7,"column":20}},"loc":{"start":{"line":7,"column":39},"end":{"line":12,"column":1}},"line":7},"1":{"name":"(anonymous_1)","decl":{"start":{"line":13,"column":22},"end":{"line":13,"column":23}},"loc":{"start":{"line":13,"column":37},"end":{"line":18,"column":4}},"line":13},"2":{"name":"(anonymous_2)","decl":{"start":{"line":13,"column":46},"end":{"line":13,"column":47}},"loc":{"start":{"line":13,"column":59},"end":{"line":18,"column":1}},"line":13},"3":{"name":"(anonymous_3)","decl":{"start":{"line":19,"column":19},"end":{"line":19,"column":20}},"loc":{"start":{"line":19,"column":33},"end":{"line":25,"column":4}},"line":19},"4":{"name":"(anonymous_4)","decl":{"start":{"line":19,"column":42},"end":{"line":19,"column":43}},"loc":{"start":{"line":19,"column":55},"end":{"line":25,"column":1}},"line":19},"5":{"name":"(anonymous_5)","decl":{"start":{"line":26,"column":16},"end":{"line":26,"column":17}},"loc":{"start":{"line":26,"column":28},"end":{"line":41,"column":1}},"line":26},"6":{"name":"(anonymous_6)","decl":{"start":{"line":31,"column":11},"end":{"line":31,"column":12}},"loc":{"start":{"line":31,"column":24},"end":{"line":40,"column":5}},"line":31},"7":{"name":"(anonymous_7)","decl":{"start":{"line":42,"column":19},"end":{"line":42,"column":20}},"loc":{"start":{"line":42,"column":31},"end":{"line":69,"column":1}},"line":42},"8":{"name":"(anonymous_8)","decl":{"start":{"line":47,"column":11},"end":{"line":47,"column":12}},"loc":{"start":{"line":47,"column":24},"end":{"line":68,"column":5}},"line":47},"9":{"name":"(anonymous_9)","decl":{"start":{"line":70,"column":15},"end":{"line":70,"column":16}},"loc":{"start":{"line":70,"column":30},"end":{"line":83,"column":4}},"line":70},"10":{"name":"(anonymous_10)","decl":{"start":{"line":70,"column":39},"end":{"line":70,"column":40}},"loc":{"start":{"line":70,"column":52},"end":{"line":83,"column":1}},"line":70},"11":{"name":"(anonymous_11)","decl":{"start":{"line":84,"column":16},"end":{"line":84,"column":17}},"loc":{"start":{"line":84,"column":29},"end":{"line":92,"column":1}},"line":84},"12":{"name":"(anonymous_12)","decl":{"start":{"line":94,"column":16},"end":{"line":94,"column":17}},"loc":{"start":{"line":94,"column":29},"end":{"line":102,"column":1}},"line":94},"13":{"name":"(anonymous_13)","decl":{"start":{"line":103,"column":16},"end":{"line":103,"column":17}},"loc":{"start":{"line":103,"column":29},"end":{"line":109,"column":1}},"line":103},"14":{"name":"(anonymous_14)","decl":{"start":{"line":112,"column":19},"end":{"line":112,"column":20}},"loc":{"start":{"line":112,"column":32},"end":{"line":120,"column":1}},"line":112},"15":{"name":"(anonymous_15)","decl":{"start":{"line":122,"column":18},"end":{"line":122,"column":19}},"loc":{"start":{"line":122,"column":31},"end":{"line":130,"column":1}},"line":122},"16":{"name":"(anonymous_16)","decl":{"start":{"line":132,"column":23},"end":{"line":132,"column":24}},"loc":{"start":{"line":132,"column":36},"end":{"line":142,"column":1}},"line":132},"17":{"name":"(anonymous_17)","decl":{"start":{"line":144,"column":17},"end":{"line":144,"column":18}},"loc":{"start":{"line":144,"column":30},"end":{"line":152,"column":1}},"line":144},"18":{"name":"(anonymous_18)","decl":{"start":{"line":154,"column":19},"end":{"line":154,"column":20}},"loc":{"start":{"line":154,"column":34},"end":{"line":167,"column":4}},"line":154},"19":{"name":"(anonymous_19)","decl":{"start":{"line":154,"column":43},"end":{"line":154,"column":44}},"loc":{"start":{"line":154,"column":56},"end":{"line":167,"column":1}},"line":154},"20":{"name":"(anonymous_20)","decl":{"start":{"line":169,"column":18},"end":{"line":169,"column":19}},"loc":{"start":{"line":169,"column":45},"end":{"line":206,"column":4}},"line":169},"21":{"name":"(anonymous_21)","decl":{"start":{"line":169,"column":54},"end":{"line":169,"column":55}},"loc":{"start":{"line":169,"column":67},"end":{"line":206,"column":1}},"line":169},"22":{"name":"(anonymous_22)","decl":{"start":{"line":208,"column":13},"end":{"line":208,"column":14}},"loc":{"start":{"line":208,"column":28},"end":{"line":208,"column":66}},"line":208},"23":{"name":"(anonymous_23)","decl":{"start":{"line":209,"column":38},"end":{"line":209,"column":39}},"loc":{"start":{"line":209,"column":50},"end":{"line":589,"column":1}},"line":209},"24":{"name":"CodeNodeIterator","decl":{"start":{"line":210,"column":13},"end":{"line":210,"column":29}},"loc":{"start":{"line":210,"column":36},"end":{"line":214,"column":5}},"line":210},"25":{"name":"(anonymous_25)","decl":{"start":{"line":215,"column":39},"end":{"line":215,"column":40}},"loc":{"start":{"line":215,"column":51},"end":{"line":220,"column":5}},"line":215},"26":{"name":"(anonymous_26)","decl":{"start":{"line":221,"column":39},"end":{"line":221,"column":40}},"loc":{"start":{"line":221,"column":60},"end":{"line":243,"column":5}},"line":221},"27":{"name":"(anonymous_27)","decl":{"start":{"line":244,"column":35},"end":{"line":244,"column":36}},"loc":{"start":{"line":244,"column":56},"end":{"line":246,"column":5}},"line":244},"28":{"name":"(anonymous_28)","decl":{"start":{"line":247,"column":40},"end":{"line":247,"column":41}},"loc":{"start":{"line":247,"column":60},"end":{"line":253,"column":5}},"line":247},"29":{"name":"(anonymous_29)","decl":{"start":{"line":256,"column":40},"end":{"line":256,"column":41}},"loc":{"start":{"line":256,"column":62},"end":{"line":265,"column":5}},"line":256},"30":{"name":"(anonymous_30)","decl":{"start":{"line":266,"column":40},"end":{"line":266,"column":41}},"loc":{"start":{"line":266,"column":66},"end":{"line":277,"column":5}},"line":266},"31":{"name":"(anonymous_31)","decl":{"start":{"line":278,"column":40},"end":{"line":278,"column":41}},"loc":{"start":{"line":278,"column":53},"end":{"line":281,"column":5}},"line":278},"32":{"name":"(anonymous_32)","decl":{"start":{"line":282,"column":42},"end":{"line":282,"column":43}},"loc":{"start":{"line":282,"column":54},"end":{"line":285,"column":5}},"line":282},"33":{"name":"(anonymous_33)","decl":{"start":{"line":286,"column":39},"end":{"line":286,"column":40}},"loc":{"start":{"line":286,"column":51},"end":{"line":289,"column":5}},"line":286},"34":{"name":"(anonymous_34)","decl":{"start":{"line":290,"column":42},"end":{"line":290,"column":43}},"loc":{"start":{"line":290,"column":54},"end":{"line":293,"column":5}},"line":290},"35":{"name":"(anonymous_35)","decl":{"start":{"line":294,"column":40},"end":{"line":294,"column":41}},"loc":{"start":{"line":294,"column":52},"end":{"line":297,"column":5}},"line":294},"36":{"name":"(anonymous_36)","decl":{"start":{"line":298,"column":47},"end":{"line":298,"column":48}},"loc":{"start":{"line":298,"column":59},"end":{"line":301,"column":5}},"line":298},"37":{"name":"(anonymous_37)","decl":{"start":{"line":302,"column":38},"end":{"line":302,"column":39}},"loc":{"start":{"line":302,"column":50},"end":{"line":305,"column":5}},"line":302},"38":{"name":"(anonymous_38)","decl":{"start":{"line":306,"column":40},"end":{"line":306,"column":41}},"loc":{"start":{"line":306,"column":52},"end":{"line":309,"column":5}},"line":306},"39":{"name":"(anonymous_39)","decl":{"start":{"line":310,"column":37},"end":{"line":310,"column":38}},"loc":{"start":{"line":310,"column":49},"end":{"line":313,"column":5}},"line":310},"40":{"name":"(anonymous_40)","decl":{"start":{"line":314,"column":40},"end":{"line":314,"column":41}},"loc":{"start":{"line":314,"column":52},"end":{"line":317,"column":5}},"line":314},"41":{"name":"(anonymous_41)","decl":{"start":{"line":318,"column":44},"end":{"line":318,"column":45}},"loc":{"start":{"line":318,"column":56},"end":{"line":321,"column":5}},"line":318},"42":{"name":"(anonymous_42)","decl":{"start":{"line":322,"column":45},"end":{"line":322,"column":46}},"loc":{"start":{"line":322,"column":57},"end":{"line":325,"column":5}},"line":322},"43":{"name":"(anonymous_43)","decl":{"start":{"line":326,"column":47},"end":{"line":326,"column":48}},"loc":{"start":{"line":326,"column":61},"end":{"line":334,"column":5}},"line":326},"44":{"name":"(anonymous_44)","decl":{"start":{"line":335,"column":38},"end":{"line":335,"column":39}},"loc":{"start":{"line":335,"column":51},"end":{"line":346,"column":5}},"line":335},"45":{"name":"(anonymous_45)","decl":{"start":{"line":347,"column":47},"end":{"line":347,"column":48}},"loc":{"start":{"line":347,"column":59},"end":{"line":368,"column":5}},"line":347},"46":{"name":"(anonymous_46)","decl":{"start":{"line":369,"column":38},"end":{"line":369,"column":39}},"loc":{"start":{"line":369,"column":53},"end":{"line":406,"column":5}},"line":369},"47":{"name":"(anonymous_47)","decl":{"start":{"line":407,"column":38},"end":{"line":407,"column":39}},"loc":{"start":{"line":407,"column":53},"end":{"line":445,"column":5}},"line":407},"48":{"name":"(anonymous_48)","decl":{"start":{"line":446,"column":43},"end":{"line":446,"column":44}},"loc":{"start":{"line":446,"column":57},"end":{"line":452,"column":5}},"line":446},"49":{"name":"(anonymous_49)","decl":{"start":{"line":453,"column":44},"end":{"line":453,"column":45}},"loc":{"start":{"line":453,"column":72},"end":{"line":462,"column":5}},"line":453},"50":{"name":"(anonymous_50)","decl":{"start":{"line":463,"column":49},"end":{"line":463,"column":50}},"loc":{"start":{"line":463,"column":63},"end":{"line":466,"column":5}},"line":463},"51":{"name":"(anonymous_51)","decl":{"start":{"line":465,"column":26},"end":{"line":465,"column":27}},"loc":{"start":{"line":465,"column":42},"end":{"line":465,"column":74}},"line":465},"52":{"name":"(anonymous_52)","decl":{"start":{"line":467,"column":43},"end":{"line":467,"column":44}},"loc":{"start":{"line":467,"column":57},"end":{"line":474,"column":5}},"line":467},"53":{"name":"(anonymous_53)","decl":{"start":{"line":475,"column":51},"end":{"line":475,"column":52}},"loc":{"start":{"line":475,"column":72},"end":{"line":515,"column":5}},"line":475},"54":{"name":"(anonymous_54)","decl":{"start":{"line":516,"column":39},"end":{"line":516,"column":40}},"loc":{"start":{"line":516,"column":51},"end":{"line":530,"column":5}},"line":516},"55":{"name":"(anonymous_55)","decl":{"start":{"line":531,"column":46},"end":{"line":531,"column":47}},"loc":{"start":{"line":531,"column":60},"end":{"line":551,"column":5}},"line":531},"56":{"name":"(anonymous_56)","decl":{"start":{"line":552,"column":48},"end":{"line":552,"column":49}},"loc":{"start":{"line":552,"column":65},"end":{"line":571,"column":5}},"line":552},"57":{"name":"(anonymous_57)","decl":{"start":{"line":554,"column":34},"end":{"line":554,"column":35}},"loc":{"start":{"line":554,"column":47},"end":{"line":561,"column":13}},"line":554},"58":{"name":"(anonymous_58)","decl":{"start":{"line":563,"column":30},"end":{"line":563,"column":31}},"loc":{"start":{"line":563,"column":43},"end":{"line":570,"column":9}},"line":563},"59":{"name":"(anonymous_59)","decl":{"start":{"line":572,"column":42},"end":{"line":572,"column":43}},"loc":{"start":{"line":572,"column":71},"end":{"line":587,"column":5}},"line":572},"60":{"name":"(anonymous_60)","decl":{"start":{"line":574,"column":34},"end":{"line":574,"column":35}},"loc":{"start":{"line":574,"column":47},"end":{"line":585,"column":9}},"line":574}},"branchMap":{"0":{"loc":{"start":{"line":8,"column":4},"end":{"line":10,"column":5}},"type":"if","locations":[{"start":{"line":8,"column":4},"end":{"line":10,"column":5}},{"start":{"line":8,"column":4},"end":{"line":10,"column":5}}],"line":8},"1":{"loc":{"start":{"line":15,"column":36},"end":{"line":15,"column":91}},"type":"cond-expr","locations":[{"start":{"line":15,"column":46},"end":{"line":15,"column":75}},{"start":{"line":15,"column":78},"end":{"line":15,"column":91}}],"line":15},"2":{"loc":{"start":{"line":15,"column":107},"end":{"line":15,"column":116}},"type":"binary-expr","locations":[{"start":{"line":15,"column":107},"end":{"line":15,"column":110}},{"start":{"line":15,"column":114},"end":{"line":15,"column":116}}],"line":15},"3":{"loc":{"start":{"line":15,"column":136},"end":{"line":15,"column":172}},"type":"cond-expr","locations":[{"start":{"line":15,"column":146},"end":{"line":15,"column":158}},{"start":{"line":15,"column":161},"end":{"line":15,"column":172}}],"line":15},"4":{"loc":{"start":{"line":21,"column":4},"end":{"line":23,"column":5}},"type":"if","locations":[{"start":{"line":21,"column":4},"end":{"line":23,"column":5}},{"start":{"line":21,"column":4},"end":{"line":23,"column":5}}],"line":21},"5":{"loc":{"start":{"line":35,"column":12},"end":{"line":37,"column":13}},"type":"if","locations":[{"start":{"line":35,"column":12},"end":{"line":37,"column":13}},{"start":{"line":35,"column":12},"end":{"line":37,"column":13}}],"line":35},"6":{"loc":{"start":{"line":54,"column":12},"end":{"line":56,"column":13}},"type":"if","locations":[{"start":{"line":54,"column":12},"end":{"line":56,"column":13}},{"start":{"line":54,"column":12},"end":{"line":56,"column":13}}],"line":54},"7":{"loc":{"start":{"line":57,"column":12},"end":{"line":60,"column":13}},"type":"if","locations":[{"start":{"line":57,"column":12},"end":{"line":60,"column":13}},{"start":{"line":57,"column":12},"end":{"line":60,"column":13}}],"line":57},"8":{"loc":{"start":{"line":64,"column":8},"end":{"line":66,"column":9}},"type":"if","locations":[{"start":{"line":64,"column":8},"end":{"line":66,"column":9}},{"start":{"line":64,"column":8},"end":{"line":66,"column":9}}],"line":64},"9":{"loc":{"start":{"line":72,"column":4},"end":{"line":81,"column":5}},"type":"if","locations":[{"start":{"line":72,"column":4},"end":{"line":81,"column":5}},{"start":{"line":72,"column":4},"end":{"line":81,"column":5}}],"line":72},"10":{"loc":{"start":{"line":73,"column":8},"end":{"line":80,"column":9}},"type":"if","locations":[{"start":{"line":73,"column":8},"end":{"line":80,"column":9}},{"start":{"line":73,"column":8},"end":{"line":80,"column":9}}],"line":73},"11":{"loc":{"start":{"line":77,"column":12},"end":{"line":79,"column":13}},"type":"if","locations":[{"start":{"line":77,"column":12},"end":{"line":79,"column":13}},{"start":{"line":77,"column":12},"end":{"line":79,"column":13}}],"line":77},"12":{"loc":{"start":{"line":77,"column":16},"end":{"line":77,"column":43}},"type":"binary-expr","locations":[{"start":{"line":77,"column":16},"end":{"line":77,"column":21}},{"start":{"line":77,"column":25},"end":{"line":77,"column":43}}],"line":77},"13":{"loc":{"start":{"line":86,"column":4},"end":{"line":90,"column":5}},"type":"if","locations":[{"start":{"line":86,"column":4},"end":{"line":90,"column":5}},{"start":{"line":86,"column":4},"end":{"line":90,"column":5}}],"line":86},"14":{"loc":{"start":{"line":87,"column":8},"end":{"line":89,"column":9}},"type":"if","locations":[{"start":{"line":87,"column":8},"end":{"line":89,"column":9}},{"start":{"line":87,"column":8},"end":{"line":89,"column":9}}],"line":87},"15":{"loc":{"start":{"line":96,"column":4},"end":{"line":100,"column":5}},"type":"if","locations":[{"start":{"line":96,"column":4},"end":{"line":100,"column":5}},{"start":{"line":96,"column":4},"end":{"line":100,"column":5}}],"line":96},"16":{"loc":{"start":{"line":97,"column":8},"end":{"line":99,"column":9}},"type":"if","locations":[{"start":{"line":97,"column":8},"end":{"line":99,"column":9}},{"start":{"line":97,"column":8},"end":{"line":99,"column":9}}],"line":97},"17":{"loc":{"start":{"line":105,"column":4},"end":{"line":107,"column":5}},"type":"if","locations":[{"start":{"line":105,"column":4},"end":{"line":107,"column":5}},{"start":{"line":105,"column":4},"end":{"line":107,"column":5}}],"line":105},"18":{"loc":{"start":{"line":114,"column":4},"end":{"line":118,"column":5}},"type":"if","locations":[{"start":{"line":114,"column":4},"end":{"line":118,"column":5}},{"start":{"line":114,"column":4},"end":{"line":118,"column":5}}],"line":114},"19":{"loc":{"start":{"line":115,"column":8},"end":{"line":117,"column":9}},"type":"if","locations":[{"start":{"line":115,"column":8},"end":{"line":117,"column":9}},{"start":{"line":115,"column":8},"end":{"line":117,"column":9}}],"line":115},"20":{"loc":{"start":{"line":124,"column":4},"end":{"line":128,"column":5}},"type":"if","locations":[{"start":{"line":124,"column":4},"end":{"line":128,"column":5}},{"start":{"line":124,"column":4},"end":{"line":128,"column":5}}],"line":124},"21":{"loc":{"start":{"line":125,"column":8},"end":{"line":127,"column":9}},"type":"if","locations":[{"start":{"line":125,"column":8},"end":{"line":127,"column":9}},{"start":{"line":125,"column":8},"end":{"line":127,"column":9}}],"line":125},"22":{"loc":{"start":{"line":134,"column":4},"end":{"line":140,"column":5}},"type":"if","locations":[{"start":{"line":134,"column":4},"end":{"line":140,"column":5}},{"start":{"line":134,"column":4},"end":{"line":140,"column":5}}],"line":134},"23":{"loc":{"start":{"line":135,"column":8},"end":{"line":139,"column":9}},"type":"if","locations":[{"start":{"line":135,"column":8},"end":{"line":139,"column":9}},{"start":{"line":135,"column":8},"end":{"line":139,"column":9}}],"line":135},"24":{"loc":{"start":{"line":146,"column":4},"end":{"line":150,"column":5}},"type":"if","locations":[{"start":{"line":146,"column":4},"end":{"line":150,"column":5}},{"start":{"line":146,"column":4},"end":{"line":150,"column":5}}],"line":146},"25":{"loc":{"start":{"line":147,"column":8},"end":{"line":149,"column":9}},"type":"if","locations":[{"start":{"line":147,"column":8},"end":{"line":149,"column":9}},{"start":{"line":147,"column":8},"end":{"line":149,"column":9}}],"line":147},"26":{"loc":{"start":{"line":156,"column":4},"end":{"line":165,"column":5}},"type":"if","locations":[{"start":{"line":156,"column":4},"end":{"line":165,"column":5}},{"start":{"line":156,"column":4},"end":{"line":165,"column":5}}],"line":156},"27":{"loc":{"start":{"line":157,"column":8},"end":{"line":164,"column":9}},"type":"if","locations":[{"start":{"line":157,"column":8},"end":{"line":164,"column":9}},{"start":{"line":157,"column":8},"end":{"line":164,"column":9}}],"line":157},"28":{"loc":{"start":{"line":158,"column":12},"end":{"line":160,"column":13}},"type":"if","locations":[{"start":{"line":158,"column":12},"end":{"line":160,"column":13}},{"start":{"line":158,"column":12},"end":{"line":160,"column":13}}],"line":158},"29":{"loc":{"start":{"line":161,"column":12},"end":{"line":163,"column":13}},"type":"if","locations":[{"start":{"line":161,"column":12},"end":{"line":163,"column":13}},{"start":{"line":161,"column":12},"end":{"line":163,"column":13}}],"line":161},"30":{"loc":{"start":{"line":171,"column":4},"end":{"line":204,"column":5}},"type":"if","locations":[{"start":{"line":171,"column":4},"end":{"line":204,"column":5}},{"start":{"line":171,"column":4},"end":{"line":204,"column":5}}],"line":171},"31":{"loc":{"start":{"line":172,"column":8},"end":{"line":203,"column":9}},"type":"if","locations":[{"start":{"line":172,"column":8},"end":{"line":203,"column":9}},{"start":{"line":172,"column":8},"end":{"line":203,"column":9}}],"line":172},"32":{"loc":{"start":{"line":173,"column":12},"end":{"line":175,"column":13}},"type":"if","locations":[{"start":{"line":173,"column":12},"end":{"line":175,"column":13}},{"start":{"line":173,"column":12},"end":{"line":175,"column":13}}],"line":173},"33":{"loc":{"start":{"line":176,"column":12},"end":{"line":202,"column":13}},"type":"if","locations":[{"start":{"line":176,"column":12},"end":{"line":202,"column":13}},{"start":{"line":176,"column":12},"end":{"line":202,"column":13}}],"line":176},"34":{"loc":{"start":{"line":179,"column":20},"end":{"line":188,"column":21}},"type":"if","locations":[{"start":{"line":179,"column":20},"end":{"line":188,"column":21}},{"start":{"line":179,"column":20},"end":{"line":188,"column":21}}],"line":179},"35":{"loc":{"start":{"line":180,"column":24},"end":{"line":182,"column":25}},"type":"if","locations":[{"start":{"line":180,"column":24},"end":{"line":182,"column":25}},{"start":{"line":180,"column":24},"end":{"line":182,"column":25}}],"line":180},"36":{"loc":{"start":{"line":185,"column":24},"end":{"line":187,"column":25}},"type":"if","locations":[{"start":{"line":185,"column":24},"end":{"line":187,"column":25}},{"start":{"line":185,"column":24},"end":{"line":187,"column":25}}],"line":185},"37":{"loc":{"start":{"line":192,"column":16},"end":{"line":201,"column":17}},"type":"if","locations":[{"start":{"line":192,"column":16},"end":{"line":201,"column":17}},{"start":{"line":192,"column":16},"end":{"line":201,"column":17}}],"line":192},"38":{"loc":{"start":{"line":193,"column":20},"end":{"line":195,"column":21}},"type":"if","locations":[{"start":{"line":193,"column":20},"end":{"line":195,"column":21}},{"start":{"line":193,"column":20},"end":{"line":195,"column":21}}],"line":193},"39":{"loc":{"start":{"line":198,"column":20},"end":{"line":200,"column":21}},"type":"if","locations":[{"start":{"line":198,"column":20},"end":{"line":200,"column":21}},{"start":{"line":198,"column":20},"end":{"line":200,"column":21}}],"line":198},"40":{"loc":{"start":{"line":231,"column":12},"end":{"line":236,"column":13}},"type":"if","locations":[{"start":{"line":231,"column":12},"end":{"line":236,"column":13}},{"start":{"line":231,"column":12},"end":{"line":236,"column":13}}],"line":231},"41":{"loc":{"start":{"line":238,"column":8},"end":{"line":239,"column":20}},"type":"if","locations":[{"start":{"line":238,"column":8},"end":{"line":239,"column":20}},{"start":{"line":238,"column":8},"end":{"line":239,"column":20}}],"line":238},"42":{"loc":{"start":{"line":249,"column":8},"end":{"line":252,"column":9}},"type":"if","locations":[{"start":{"line":249,"column":8},"end":{"line":252,"column":9}},{"start":{"line":249,"column":8},"end":{"line":252,"column":9}}],"line":249},"43":{"loc":{"start":{"line":261,"column":8},"end":{"line":264,"column":9}},"type":"if","locations":[{"start":{"line":261,"column":8},"end":{"line":264,"column":9}},{"start":{"line":261,"column":8},"end":{"line":264,"column":9}}],"line":261},"44":{"loc":{"start":{"line":261,"column":12},"end":{"line":261,"column":46}},"type":"binary-expr","locations":[{"start":{"line":261,"column":12},"end":{"line":261,"column":27}},{"start":{"line":261,"column":31},"end":{"line":261,"column":46}}],"line":261},"45":{"loc":{"start":{"line":273,"column":8},"end":{"line":276,"column":9}},"type":"if","locations":[{"start":{"line":273,"column":8},"end":{"line":276,"column":9}},{"start":{"line":273,"column":8},"end":{"line":276,"column":9}}],"line":273},"46":{"loc":{"start":{"line":273,"column":12},"end":{"line":273,"column":65}},"type":"binary-expr","locations":[{"start":{"line":273,"column":12},"end":{"line":273,"column":27}},{"start":{"line":273,"column":31},"end":{"line":273,"column":46}},{"start":{"line":273,"column":50},"end":{"line":273,"column":65}}],"line":273},"47":{"loc":{"start":{"line":280,"column":15},"end":{"line":280,"column":66}},"type":"binary-expr","locations":[{"start":{"line":280,"column":15},"end":{"line":280,"column":19}},{"start":{"line":280,"column":23},"end":{"line":280,"column":66}}],"line":280},"48":{"loc":{"start":{"line":284,"column":15},"end":{"line":284,"column":44}},"type":"cond-expr","locations":[{"start":{"line":284,"column":22},"end":{"line":284,"column":39}},{"start":{"line":284,"column":42},"end":{"line":284,"column":44}}],"line":284},"49":{"loc":{"start":{"line":288,"column":15},"end":{"line":288,"column":40}},"type":"cond-expr","locations":[{"start":{"line":288,"column":22},"end":{"line":288,"column":36}},{"start":{"line":288,"column":39},"end":{"line":288,"column":40}}],"line":288},"50":{"loc":{"start":{"line":292,"column":15},"end":{"line":292,"column":43}},"type":"cond-expr","locations":[{"start":{"line":292,"column":22},"end":{"line":292,"column":39}},{"start":{"line":292,"column":42},"end":{"line":292,"column":43}}],"line":292},"51":{"loc":{"start":{"line":296,"column":15},"end":{"line":296,"column":48}},"type":"cond-expr","locations":[{"start":{"line":296,"column":22},"end":{"line":296,"column":40}},{"start":{"line":296,"column":43},"end":{"line":296,"column":48}}],"line":296},"52":{"loc":{"start":{"line":300,"column":15},"end":{"line":300,"column":36}},"type":"cond-expr","locations":[{"start":{"line":300,"column":22},"end":{"line":300,"column":31}},{"start":{"line":300,"column":34},"end":{"line":300,"column":36}}],"line":300},"53":{"loc":{"start":{"line":304,"column":15},"end":{"line":304,"column":36}},"type":"cond-expr","locations":[{"start":{"line":304,"column":22},"end":{"line":304,"column":31}},{"start":{"line":304,"column":34},"end":{"line":304,"column":36}}],"line":304},"54":{"loc":{"start":{"line":308,"column":15},"end":{"line":308,"column":44}},"type":"cond-expr","locations":[{"start":{"line":308,"column":22},"end":{"line":308,"column":39}},{"start":{"line":308,"column":42},"end":{"line":308,"column":44}}],"line":308},"55":{"loc":{"start":{"line":312,"column":15},"end":{"line":312,"column":40}},"type":"cond-expr","locations":[{"start":{"line":312,"column":22},"end":{"line":312,"column":36}},{"start":{"line":312,"column":39},"end":{"line":312,"column":40}}],"line":312},"56":{"loc":{"start":{"line":316,"column":15},"end":{"line":316,"column":43}},"type":"cond-expr","locations":[{"start":{"line":316,"column":22},"end":{"line":316,"column":39}},{"start":{"line":316,"column":42},"end":{"line":316,"column":43}}],"line":316},"57":{"loc":{"start":{"line":324,"column":15},"end":{"line":324,"column":46}},"type":"binary-expr","locations":[{"start":{"line":324,"column":15},"end":{"line":324,"column":16}},{"start":{"line":324,"column":20},"end":{"line":324,"column":46}}],"line":324},"58":{"loc":{"start":{"line":336,"column":8},"end":{"line":339,"column":9}},"type":"if","locations":[{"start":{"line":336,"column":8},"end":{"line":339,"column":9}},{"start":{"line":336,"column":8},"end":{"line":339,"column":9}}],"line":336},"59":{"loc":{"start":{"line":341,"column":8},"end":{"line":344,"column":9}},"type":"if","locations":[{"start":{"line":341,"column":8},"end":{"line":344,"column":9}},{"start":{"line":341,"column":8},"end":{"line":344,"column":9}}],"line":341},"60":{"loc":{"start":{"line":341,"column":12},"end":{"line":341,"column":63}},"type":"binary-expr","locations":[{"start":{"line":341,"column":12},"end":{"line":341,"column":16}},{"start":{"line":341,"column":20},"end":{"line":341,"column":63}}],"line":341},"61":{"loc":{"start":{"line":349,"column":8},"end":{"line":366,"column":9}},"type":"if","locations":[{"start":{"line":349,"column":8},"end":{"line":366,"column":9}},{"start":{"line":349,"column":8},"end":{"line":366,"column":9}}],"line":349},"62":{"loc":{"start":{"line":350,"column":12},"end":{"line":352,"column":13}},"type":"if","locations":[{"start":{"line":350,"column":12},"end":{"line":352,"column":13}},{"start":{"line":350,"column":12},"end":{"line":352,"column":13}}],"line":350},"63":{"loc":{"start":{"line":353,"column":12},"end":{"line":355,"column":13}},"type":"if","locations":[{"start":{"line":353,"column":12},"end":{"line":355,"column":13}},{"start":{"line":353,"column":12},"end":{"line":355,"column":13}}],"line":353},"64":{"loc":{"start":{"line":356,"column":12},"end":{"line":358,"column":13}},"type":"if","locations":[{"start":{"line":356,"column":12},"end":{"line":358,"column":13}},{"start":{"line":356,"column":12},"end":{"line":358,"column":13}}],"line":356},"65":{"loc":{"start":{"line":359,"column":12},"end":{"line":361,"column":13}},"type":"if","locations":[{"start":{"line":359,"column":12},"end":{"line":361,"column":13}},{"start":{"line":359,"column":12},"end":{"line":361,"column":13}}],"line":359},"66":{"loc":{"start":{"line":362,"column":12},"end":{"line":364,"column":13}},"type":"if","locations":[{"start":{"line":362,"column":12},"end":{"line":364,"column":13}},{"start":{"line":362,"column":12},"end":{"line":364,"column":13}}],"line":362},"67":{"loc":{"start":{"line":370,"column":8},"end":{"line":370,"column":40}},"type":"if","locations":[{"start":{"line":370,"column":8},"end":{"line":370,"column":40}},{"start":{"line":370,"column":8},"end":{"line":370,"column":40}}],"line":370},"68":{"loc":{"start":{"line":376,"column":12},"end":{"line":378,"column":13}},"type":"if","locations":[{"start":{"line":376,"column":12},"end":{"line":378,"column":13}},{"start":{"line":376,"column":12},"end":{"line":378,"column":13}}],"line":376},"69":{"loc":{"start":{"line":379,"column":12},"end":{"line":385,"column":13}},"type":"if","locations":[{"start":{"line":379,"column":12},"end":{"line":385,"column":13}},{"start":{"line":379,"column":12},"end":{"line":385,"column":13}}],"line":379},"70":{"loc":{"start":{"line":379,"column":16},"end":{"line":379,"column":49}},"type":"binary-expr","locations":[{"start":{"line":379,"column":16},"end":{"line":379,"column":32}},{"start":{"line":379,"column":36},"end":{"line":379,"column":49}}],"line":379},"71":{"loc":{"start":{"line":386,"column":12},"end":{"line":392,"column":13}},"type":"if","locations":[{"start":{"line":386,"column":12},"end":{"line":392,"column":13}},{"start":{"line":386,"column":12},"end":{"line":392,"column":13}}],"line":386},"72":{"loc":{"start":{"line":386,"column":16},"end":{"line":386,"column":76}},"type":"binary-expr","locations":[{"start":{"line":386,"column":16},"end":{"line":386,"column":31}},{"start":{"line":386,"column":36},"end":{"line":386,"column":48}},{"start":{"line":386,"column":52},"end":{"line":386,"column":75}}],"line":386},"73":{"loc":{"start":{"line":393,"column":12},"end":{"line":397,"column":13}},"type":"if","locations":[{"start":{"line":393,"column":12},"end":{"line":397,"column":13}},{"start":{"line":393,"column":12},"end":{"line":397,"column":13}}],"line":393},"74":{"loc":{"start":{"line":402,"column":8},"end":{"line":404,"column":9}},"type":"if","locations":[{"start":{"line":402,"column":8},"end":{"line":404,"column":9}},{"start":{"line":402,"column":8},"end":{"line":404,"column":9}}],"line":402},"75":{"loc":{"start":{"line":408,"column":8},"end":{"line":408,"column":40}},"type":"if","locations":[{"start":{"line":408,"column":8},"end":{"line":408,"column":40}},{"start":{"line":408,"column":8},"end":{"line":408,"column":40}}],"line":408},"76":{"loc":{"start":{"line":415,"column":12},"end":{"line":417,"column":13}},"type":"if","locations":[{"start":{"line":415,"column":12},"end":{"line":417,"column":13}},{"start":{"line":415,"column":12},"end":{"line":417,"column":13}}],"line":415},"77":{"loc":{"start":{"line":418,"column":12},"end":{"line":424,"column":13}},"type":"if","locations":[{"start":{"line":418,"column":12},"end":{"line":424,"column":13}},{"start":{"line":418,"column":12},"end":{"line":424,"column":13}}],"line":418},"78":{"loc":{"start":{"line":418,"column":16},"end":{"line":418,"column":49}},"type":"binary-expr","locations":[{"start":{"line":418,"column":16},"end":{"line":418,"column":32}},{"start":{"line":418,"column":36},"end":{"line":418,"column":49}}],"line":418},"79":{"loc":{"start":{"line":425,"column":12},"end":{"line":431,"column":13}},"type":"if","locations":[{"start":{"line":425,"column":12},"end":{"line":431,"column":13}},{"start":{"line":425,"column":12},"end":{"line":431,"column":13}}],"line":425},"80":{"loc":{"start":{"line":425,"column":16},"end":{"line":425,"column":76}},"type":"binary-expr","locations":[{"start":{"line":425,"column":16},"end":{"line":425,"column":31}},{"start":{"line":425,"column":36},"end":{"line":425,"column":48}},{"start":{"line":425,"column":52},"end":{"line":425,"column":75}}],"line":425},"81":{"loc":{"start":{"line":432,"column":12},"end":{"line":436,"column":13}},"type":"if","locations":[{"start":{"line":432,"column":12},"end":{"line":436,"column":13}},{"start":{"line":432,"column":12},"end":{"line":436,"column":13}}],"line":432},"82":{"loc":{"start":{"line":441,"column":8},"end":{"line":443,"column":9}},"type":"if","locations":[{"start":{"line":441,"column":8},"end":{"line":443,"column":9}},{"start":{"line":441,"column":8},"end":{"line":443,"column":9}}],"line":441},"83":{"loc":{"start":{"line":448,"column":15},"end":{"line":448,"column":56}},"type":"binary-expr","locations":[{"start":{"line":448,"column":15},"end":{"line":448,"column":37}},{"start":{"line":448,"column":41},"end":{"line":448,"column":56}}],"line":448},"84":{"loc":{"start":{"line":457,"column":20},"end":{"line":457,"column":50}},"type":"binary-expr","locations":[{"start":{"line":457,"column":20},"end":{"line":457,"column":33}},{"start":{"line":457,"column":37},"end":{"line":457,"column":50}}],"line":457},"85":{"loc":{"start":{"line":458,"column":8},"end":{"line":460,"column":9}},"type":"if","locations":[{"start":{"line":458,"column":8},"end":{"line":460,"column":9}},{"start":{"line":458,"column":8},"end":{"line":460,"column":9}}],"line":458},"86":{"loc":{"start":{"line":458,"column":12},"end":{"line":458,"column":32}},"type":"binary-expr","locations":[{"start":{"line":458,"column":12},"end":{"line":458,"column":16}},{"start":{"line":458,"column":20},"end":{"line":458,"column":32}}],"line":458},"87":{"loc":{"start":{"line":477,"column":8},"end":{"line":498,"column":9}},"type":"if","locations":[{"start":{"line":477,"column":8},"end":{"line":498,"column":9}},{"start":{"line":477,"column":8},"end":{"line":498,"column":9}}],"line":477},"88":{"loc":{"start":{"line":480,"column":16},"end":{"line":486,"column":17}},"type":"if","locations":[{"start":{"line":480,"column":16},"end":{"line":486,"column":17}},{"start":{"line":480,"column":16},"end":{"line":486,"column":17}}],"line":480},"89":{"loc":{"start":{"line":481,"column":20},"end":{"line":484,"column":21}},"type":"if","locations":[{"start":{"line":481,"column":20},"end":{"line":484,"column":21}},{"start":{"line":481,"column":20},"end":{"line":484,"column":21}}],"line":481},"90":{"loc":{"start":{"line":487,"column":16},"end":{"line":494,"column":17}},"type":"if","locations":[{"start":{"line":487,"column":16},"end":{"line":494,"column":17}},{"start":{"line":487,"column":16},"end":{"line":494,"column":17}}],"line":487},"91":{"loc":{"start":{"line":490,"column":24},"end":{"line":492,"column":25}},"type":"if","locations":[{"start":{"line":490,"column":24},"end":{"line":492,"column":25}},{"start":{"line":490,"column":24},"end":{"line":492,"column":25}}],"line":490},"92":{"loc":{"start":{"line":490,"column":28},"end":{"line":490,"column":86}},"type":"binary-expr","locations":[{"start":{"line":490,"column":28},"end":{"line":490,"column":32}},{"start":{"line":490,"column":36},"end":{"line":490,"column":86}}],"line":490},"93":{"loc":{"start":{"line":501,"column":12},"end":{"line":507,"column":13}},"type":"if","locations":[{"start":{"line":501,"column":12},"end":{"line":507,"column":13}},{"start":{"line":501,"column":12},"end":{"line":507,"column":13}}],"line":501},"94":{"loc":{"start":{"line":502,"column":16},"end":{"line":505,"column":17}},"type":"if","locations":[{"start":{"line":502,"column":16},"end":{"line":505,"column":17}},{"start":{"line":502,"column":16},"end":{"line":505,"column":17}}],"line":502},"95":{"loc":{"start":{"line":508,"column":12},"end":{"line":513,"column":13}},"type":"if","locations":[{"start":{"line":508,"column":12},"end":{"line":513,"column":13}},{"start":{"line":508,"column":12},"end":{"line":513,"column":13}}],"line":508},"96":{"loc":{"start":{"line":510,"column":16},"end":{"line":512,"column":17}},"type":"if","locations":[{"start":{"line":510,"column":16},"end":{"line":512,"column":17}},{"start":{"line":510,"column":16},"end":{"line":512,"column":17}}],"line":510},"97":{"loc":{"start":{"line":510,"column":20},"end":{"line":510,"column":75}},"type":"binary-expr","locations":[{"start":{"line":510,"column":20},"end":{"line":510,"column":24}},{"start":{"line":510,"column":28},"end":{"line":510,"column":75}}],"line":510},"98":{"loc":{"start":{"line":517,"column":8},"end":{"line":519,"column":9}},"type":"if","locations":[{"start":{"line":517,"column":8},"end":{"line":519,"column":9}},{"start":{"line":517,"column":8},"end":{"line":519,"column":9}}],"line":517},"99":{"loc":{"start":{"line":520,"column":8},"end":{"line":522,"column":9}},"type":"if","locations":[{"start":{"line":520,"column":8},"end":{"line":522,"column":9}},{"start":{"line":520,"column":8},"end":{"line":522,"column":9}}],"line":520},"100":{"loc":{"start":{"line":523,"column":8},"end":{"line":528,"column":9}},"type":"if","locations":[{"start":{"line":523,"column":8},"end":{"line":528,"column":9}},{"start":{"line":523,"column":8},"end":{"line":528,"column":9}}],"line":523},"101":{"loc":{"start":{"line":525,"column":12},"end":{"line":527,"column":13}},"type":"if","locations":[{"start":{"line":525,"column":12},"end":{"line":527,"column":13}},{"start":{"line":525,"column":12},"end":{"line":527,"column":13}}],"line":525},"102":{"loc":{"start":{"line":525,"column":16},"end":{"line":525,"column":55}},"type":"binary-expr","locations":[{"start":{"line":525,"column":16},"end":{"line":525,"column":21}},{"start":{"line":525,"column":25},"end":{"line":525,"column":55}}],"line":525},"103":{"loc":{"start":{"line":535,"column":12},"end":{"line":543,"column":13}},"type":"if","locations":[{"start":{"line":535,"column":12},"end":{"line":543,"column":13}},{"start":{"line":535,"column":12},"end":{"line":543,"column":13}}],"line":535},"104":{"loc":{"start":{"line":535,"column":16},"end":{"line":535,"column":53}},"type":"binary-expr","locations":[{"start":{"line":535,"column":16},"end":{"line":535,"column":33}},{"start":{"line":535,"column":37},"end":{"line":535,"column":53}}],"line":535},"105":{"loc":{"start":{"line":537,"column":16},"end":{"line":539,"column":17}},"type":"if","locations":[{"start":{"line":537,"column":16},"end":{"line":539,"column":17}},{"start":{"line":537,"column":16},"end":{"line":539,"column":17}}],"line":537},"106":{"loc":{"start":{"line":545,"column":12},"end":{"line":547,"column":13}},"type":"if","locations":[{"start":{"line":545,"column":12},"end":{"line":547,"column":13}},{"start":{"line":545,"column":12},"end":{"line":547,"column":13}}],"line":545},"107":{"loc":{"start":{"line":553,"column":8},"end":{"line":562,"column":9}},"type":"if","locations":[{"start":{"line":553,"column":8},"end":{"line":562,"column":9}},{"start":{"line":553,"column":8},"end":{"line":562,"column":9}}],"line":553},"108":{"loc":{"start":{"line":556,"column":20},"end":{"line":558,"column":21}},"type":"if","locations":[{"start":{"line":556,"column":20},"end":{"line":558,"column":21}},{"start":{"line":556,"column":20},"end":{"line":558,"column":21}}],"line":556},"109":{"loc":{"start":{"line":556,"column":24},"end":{"line":556,"column":82}},"type":"binary-expr","locations":[{"start":{"line":556,"column":24},"end":{"line":556,"column":28}},{"start":{"line":556,"column":32},"end":{"line":556,"column":82}}],"line":556},"110":{"loc":{"start":{"line":564,"column":36},"end":{"line":564,"column":57}},"type":"cond-expr","locations":[{"start":{"line":564,"column":43},"end":{"line":564,"column":52}},{"start":{"line":564,"column":55},"end":{"line":564,"column":57}}],"line":564},"111":{"loc":{"start":{"line":565,"column":12},"end":{"line":568,"column":13}},"type":"if","locations":[{"start":{"line":565,"column":12},"end":{"line":568,"column":13}},{"start":{"line":565,"column":12},"end":{"line":568,"column":13}}],"line":565},"112":{"loc":{"start":{"line":565,"column":16},"end":{"line":565,"column":71}},"type":"binary-expr","locations":[{"start":{"line":565,"column":16},"end":{"line":565,"column":20}},{"start":{"line":565,"column":24},"end":{"line":565,"column":71}}],"line":565},"113":{"loc":{"start":{"line":576,"column":16},"end":{"line":578,"column":17}},"type":"if","locations":[{"start":{"line":576,"column":16},"end":{"line":578,"column":17}},{"start":{"line":576,"column":16},"end":{"line":578,"column":17}}],"line":576},"114":{"loc":{"start":{"line":576,"column":20},"end":{"line":576,"column":83}},"type":"binary-expr","locations":[{"start":{"line":576,"column":20},"end":{"line":576,"column":24}},{"start":{"line":576,"column":28},"end":{"line":576,"column":83}}],"line":576},"115":{"loc":{"start":{"line":580,"column":12},"end":{"line":583,"column":13}},"type":"if","locations":[{"start":{"line":580,"column":12},"end":{"line":583,"column":13}},{"start":{"line":580,"column":12},"end":{"line":583,"column":13}}],"line":580},"116":{"loc":{"start":{"line":580,"column":16},"end":{"line":580,"column":71}},"type":"binary-expr","locations":[{"start":{"line":580,"column":16},"end":{"line":580,"column":20}},{"start":{"line":580,"column":24},"end":{"line":580,"column":71}}],"line":580}},"s":{"0":1,"1":1,"2":1,"3":1,"4":1,"5":1,"6":40,"7":9,"8":31,"9":1,"10":0,"11":0,"12":0,"13":0,"14":0,"15":1,"16":7,"17":7,"18":7,"19":3,"20":4,"21":1,"22":3,"23":3,"24":3,"25":7,"26":3,"27":3,"28":3,"29":6,"30":6,"31":6,"32":3,"33":0,"34":1,"35":5,"36":5,"37":5,"38":10,"39":5,"40":5,"41":5,"42":5,"43":5,"44":9,"45":9,"46":9,"47":2,"48":7,"49":4,"50":4,"51":7,"52":7,"53":3,"54":0,"55":3,"56":1,"57":0,"58":0,"59":0,"60":0,"61":0,"62":0,"63":0,"64":0,"65":0,"66":0,"67":1,"68":1,"69":1,"70":1,"71":1,"72":0,"73":1,"74":1,"75":0,"76":0,"77":0,"78":0,"79":0,"80":1,"81":6,"82":6,"83":6,"84":0,"85":1,"86":1,"87":1,"88":1,"89":1,"90":1,"91":1,"92":0,"93":1,"94":1,"95":20,"96":20,"97":20,"98":20,"99":0,"100":1,"101":1,"102":12,"103":12,"104":12,"105":12,"106":0,"107":1,"108":1,"109":0,"110":0,"111":0,"112":0,"113":0,"114":1,"115":1,"116":8,"117":8,"118":8,"119":8,"120":8,"121":5,"122":3,"123":1,"124":2,"125":1,"126":1,"127":105,"128":140,"129":140,"130":139,"131":139,"132":32,"133":107,"134":0,"135":0,"136":0,"137":0,"138":0,"139":0,"140":0,"141":0,"142":0,"143":107,"144":6,"145":6,"146":101,"147":94,"148":8,"149":1,"150":1,"151":4,"152":1,"153":333,"154":333,"155":333,"156":1,"157":260,"158":260,"159":260,"160":260,"161":1,"162":70,"163":70,"164":70,"165":70,"166":70,"167":70,"168":181,"169":181,"170":181,"171":181,"172":181,"173":181,"174":181,"175":181,"176":177,"177":4,"178":66,"179":53,"180":66,"181":66,"182":66,"183":1,"184":70,"185":1,"186":0,"187":0,"188":0,"189":0,"190":1,"191":0,"192":0,"193":0,"194":0,"195":0,"196":0,"197":0,"198":1,"199":0,"200":0,"201":0,"202":0,"203":0,"204":0,"205":0,"206":0,"207":0,"208":1,"209":0,"210":0,"211":1,"212":0,"213":0,"214":1,"215":0,"216":0,"217":1,"218":0,"219":0,"220":1,"221":0,"222":0,"223":1,"224":6,"225":6,"226":1,"227":17,"228":17,"229":1,"230":1,
[...]
olumn":32},"end":{"line":359,"column":33}},{"start":{"line":321,"column":32},"end":{"line":359,"column":33}}],"line":321},"58":{"loc":{"start":{"line":323,"column":36},"end":{"line":353,"column":37}},"type":"switch","locations":[{"start":{"line":324,"column":40},"end":{"line":326,"column":50}},{"start":{"line":327,"column":40},"end":{"line":329,"column":50}},{"start":{"line":330,"column":40},"end":{"line":332,"column":50}},{"start":{"line":333,"column":40},"end":{"line":335,"column":50}},{"start":{"line":336,"column":40},"end":{"line":338,"column":50}},{"start":{"line":339,"column":40},"end":{"line":341,"column":50}},{"start":{"line":342,"column":40},"end":{"line":344,"column":50}},{"start":{"line":345,"column":40},"end":{"line":347,"column":50}},{"start":{"line":348,"column":40},"end":{"line":350,"column":50}},{"start":{"line":351,"column":40},"end":{"line":352,"column":50}}],"line":323},"59":{"loc":{"start":{"line":367,"column":24},"end":{"line":372,"column":25}},"type":"if","locations":[{"start":{"line":367,"column":24},"end":{"line":372,"column":25}},{"start":{"line":367,"column":24},"end":{"line":372,"column":25}}],"line":367},"60":{"loc":{"start":{"line":386,"column":16},"end":{"line":403,"column":17}},"type":"if","locations":[{"start":{"line":386,"column":16},"end":{"line":403,"column":17}},{"start":{"line":386,"column":16},"end":{"line":403,"column":17}}],"line":386},"61":{"loc":{"start":{"line":386,"column":20},"end":{"line":391,"column":28}},"type":"binary-expr","locations":[{"start":{"line":386,"column":20},"end":{"line":386,"column":39}},{"start":{"line":387,"column":20},"end":{"line":387,"column":45}},{"start":{"line":389,"column":20},"end":{"line":389,"column":27}},{"start":{"line":390,"column":20},"end":{"line":390,"column":27}},{"start":{"line":391,"column":20},"end":{"line":391,"column":28}}],"line":386},"62":{"loc":{"start":{"line":392,"column":20},"end":{"line":402,"column":21}},"type":"if","locations":[{"start":{"line":392,"column":20},"end":{"line":402,"column":21}},{"start":{"line":392,"column":20},"end":{"line":402,"column":21}}],"line":392},"63":{"loc":{"start":{"line":405,"column":23},"end":{"line":410,"column":28}},"type":"binary-expr","locations":[{"start":{"line":405,"column":23},"end":{"line":405,"column":42}},{"start":{"line":406,"column":20},"end":{"line":406,"column":45}},{"start":{"line":408,"column":20},"end":{"line":408,"column":27}},{"start":{"line":409,"column":20},"end":{"line":409,"column":27}},{"start":{"line":410,"column":20},"end":{"line":410,"column":28}}],"line":405},"64":{"loc":{"start":{"line":411,"column":20},"end":{"line":416,"column":21}},"type":"if","locations":[{"start":{"line":411,"column":20},"end":{"line":416,"column":21}},{"start":{"line":411,"column":20},"end":{"line":416,"column":21}}],"line":411},"65":{"loc":{"start":{"line":413,"column":24},"end":{"line":415,"column":25}},"type":"if","locations":[{"start":{"line":413,"column":24},"end":{"line":415,"column":25}},{"start":{"line":413,"column":24},"end":{"line":415,"column":25}}],"line":413},"66":{"loc":{"start":{"line":419,"column":20},"end":{"line":422,"column":21}},"type":"if","locations":[{"start":{"line":419,"column":20},"end":{"line":422,"column":21}},{"start":{"line":419,"column":20},"end":{"line":422,"column":21}}],"line":419},"67":{"loc":{"start":{"line":419,"column":24},"end":{"line":419,"column":42}},"type":"binary-expr","locations":[{"start":{"line":419,"column":24},"end":{"line":419,"column":31}},{"start":{"line":419,"column":35},"end":{"line":419,"column":42}}],"line":419},"68":{"loc":{"start":{"line":423,"column":20},"end":{"line":427,"column":21}},"type":"if","locations":[{"start":{"line":423,"column":20},"end":{"line":427,"column":21}},{"start":{"line":423,"column":20},"end":{"line":427,"column":21}}],"line":423},"69":{"loc":{"start":{"line":430,"column":16},"end":{"line":432,"column":17}},"type":"if","locations":[{"start":{"line":430,"column":16},"end":{"line":432,"column":17}},{"start":{"line":430,"column":16},"end":{"line":432,"column":17}}],"line":430},"70":{"loc":{"start":{"line":435,"column":23},"end":{"line":435,"column":82}},"type":"binary-expr","locations":[{"start":{"line":435,"column":23},"end":{"line":435,"column":42}},{"start":{"line":435,"column":46},"end":{"line":435,"column":53}},{"start":{"line":435,"column":57},"end":{"line":435,"column":82}}],"line":435},"71":{"loc":{"start":{"line":438,"column":20},"end":{"line":443,"column":21}},"type":"if","locations":[{"start":{"line":438,"column":20},"end":{"line":443,"column":21}},{"start":{"line":438,"column":20},"end":{"line":443,"column":21}}],"line":438},"72":{"loc":{"start":{"line":438,"column":24},"end":{"line":438,"column":63}},"type":"binary-expr","locations":[{"start":{"line":438,"column":24},"end":{"line":438,"column":39}},{"start":{"line":438,"column":44},"end":{"line":438,"column":51}},{"start":{"line":438,"column":55},"end":{"line":438,"column":62}}],"line":438},"73":{"loc":{"start":{"line":445,"column":16},"end":{"line":460,"column":17}},"type":"if","locations":[{"start":{"line":445,"column":16},"end":{"line":460,"column":17}},{"start":{"line":445,"column":16},"end":{"line":460,"column":17}}],"line":445},"74":{"loc":{"start":{"line":445,"column":20},"end":{"line":445,"column":51}},"type":"binary-expr","locations":[{"start":{"line":445,"column":20},"end":{"line":445,"column":40}},{"start":{"line":445,"column":44},"end":{"line":445,"column":51}}],"line":445},"75":{"loc":{"start":{"line":455,"column":20},"end":{"line":458,"column":21}},"type":"if","locations":[{"start":{"line":455,"column":20},"end":{"line":458,"column":21}},{"start":{"line":455,"column":20},"end":{"line":458,"column":21}}],"line":455},"76":{"loc":{"start":{"line":462,"column":16},"end":{"line":484,"column":17}},"type":"if","locations":[{"start":{"line":462,"column":16},"end":{"line":484,"column":17}},{"start":{"line":462,"column":16},"end":{"line":484,"column":17}}],"line":462},"77":{"loc":{"start":{"line":462,"column":20},"end":{"line":462,"column":39}},"type":"binary-expr","locations":[{"start":{"line":462,"column":20},"end":{"line":462,"column":27}},{"start":{"line":462,"column":31},"end":{"line":462,"column":39}}],"line":462},"78":{"loc":{"start":{"line":463,"column":20},"end":{"line":467,"column":21}},"type":"if","locations":[{"start":{"line":463,"column":20},"end":{"line":467,"column":21}},{"start":{"line":463,"column":20},"end":{"line":467,"column":21}}],"line":463},"79":{"loc":{"start":{"line":463,"column":24},"end":{"line":465,"column":58}},"type":"binary-expr","locations":[{"start":{"line":463,"column":24},"end":{"line":463,"column":32}},{"start":{"line":464,"column":24},"end":{"line":464,"column":39}},{"start":{"line":465,"column":24},"end":{"line":465,"column":58}}],"line":463},"80":{"loc":{"start":{"line":470,"column":20},"end":{"line":472,"column":21}},"type":"if","locations":[{"start":{"line":470,"column":20},"end":{"line":472,"column":21}},{"start":{"line":470,"column":20},"end":{"line":472,"column":21}}],"line":470},"81":{"loc":{"start":{"line":474,"column":20},"end":{"line":476,"column":21}},"type":"if","locations":[{"start":{"line":474,"column":20},"end":{"line":476,"column":21}},{"start":{"line":474,"column":20},"end":{"line":476,"column":21}}],"line":474},"82":{"loc":{"start":{"line":474,"column":24},"end":{"line":474,"column":87}},"type":"binary-expr","locations":[{"start":{"line":474,"column":24},"end":{"line":474,"column":61}},{"start":{"line":474,"column":65},"end":{"line":474,"column":87}}],"line":474},"83":{"loc":{"start":{"line":477,"column":20},"end":{"line":482,"column":21}},"type":"if","locations":[{"start":{"line":477,"column":20},"end":{"line":482,"column":21}},{"start":{"line":477,"column":20},"end":{"line":482,"column":21}}],"line":477},"84":{"loc":{"start":{"line":485,"column":16},"end":{"line":487,"column":17}},"type":"if","locations":[{"start":{"line":485,"column":16},"end":{"line":487,"column":17}},{"start":{"line":485,"column":16},"end":{"line":487,"column":17}}],"line":485}},"s":{"0":2,"1":2,"2":2,"3":2,"4":55,"5":55,"6":55,"7":55,"8":2,"9":55,"10":55,"11":55,"12":55,"13":55,"14":55,"15":55,"16":55,"17":55,"18":55,"19":55,"20":55,"21":55,"22":55,"23":55,"24":55,"25":55,"26":2,"27":472,"28":472,"29":472,"30":0,"31":472,"32":472,"33":896,"34":0,"35":0,"36":896,"37":42,"38":42,"39":42,"40":42,"41":854,"42":854,"43":140,"44":140,"45":140,"46":0,"47":140,"48":140,"49":854,"50":115,"51":739,"52":739,"53":28,"54":711,"55":444,"56":2,"57":48,"58":48,"59":0,"60":48,"61":48,"62":0,"63":48,"64":48,"65":48,"66":48,"67":48,"68":0,"69":48,"70":2,"71":780,"72":0,"73":780,"74":780,"75":0,"76":780,"77":780,"78":780,"79":0,"80":0,"81":2,"82":9,"83":6,"84":0,"85":0,"86":7,"87":3,"88":0,"89":3,"90":11,"91":0,"92":11,"93":0,"94":0,"95":0,"96":9,"97":0,"98":9,"99":0,"100":0,"101":0,"102":0,"103":0,"104":0,"105":733,"106":733,"107":2,"108":91,"109":91,"110":2,"111":194,"112":194,"113":194,"114":194,"115":194,"116":194,"117":194,"118":194,"119":194,"120":478,"121":478,"122":0,"123":478,"124":0,"125":478,"126":478,"127":478,"128":6,"129":6,"130":6,"131":472,"132":472,"133":231,"134":231,"135":231,"136":472,"137":70,"138":402,"139":402,"140":402,"141":402,"142":39,"143":39,"144":39,"145":39,"146":39,"147":39,"148":39,"149":39,"150":39,"151":39,"152":39,"153":363,"154":363,"155":358,"156":358,"157":76,"158":76,"159":0,"160":0,"161":0,"162":0,"163":76,"164":76,"165":76,"166":76,"167":76,"168":76,"169":58,"170":76,"171":76,"172":76,"173":287,"174":287,"175":287,"176":287,"177":9,"178":9,"179":9,"180":9,"181":9,"182":6,"183":1,"184":6,"185":6,"186":9,"187":9,"188":9,"189":1,"190":1,"191":1,"192":8,"193":8,"194":8,"195":9,"196":9,"197":278,"198":278,"199":278,"200":6,"201":6,"202":6,"203":6,"204":6,"205":29,"206":29,"207":29,"208":6,"209":23,"210":0,"211":0,"212":0,"213":0,"214":0,"215":6,"216":6,"217":6,"218":6,"219":0,"220":0,"221":0,"222":0,"223":0,"224":0,"225":0,"226":0,"227":0,"228":0,"229":0,"230":0,"231":0,"232":0,"233":0,"234":0,"235":0,"236":0,"237":0,"238":0,"239":0,"240":0,"241":0,"242":0,"243":0,"244":0,"245":0,"246":0,"247":0,"248":0,"249":0,"250":6,"251":6,"252":6,"253":6,"254":0,"255":6,"256":6,"257":6,"258":6,"259":272,"260":272,"261":272,"262":272,"263":272,"264":272,"265":272,"266":196,"267":63,"268":63,"269":63,"270":63,"271":63,"272":63,"273":63,"274":63,"275":63,"276":209,"277":209,"278":511,"279":378,"280":378,"281":8,"282":503,"283":503,"284":503,"285":21,"286":21,"287":482,"288":0,"289":0,"290":0,"291":209,"292":209,"293":0,"294":209,"295":209,"296":209,"297":88,"298":88,"299":88,"300":6,"301":6,"302":6,"303":6,"304":209,"305":133,"306":133,"307":133,"308":133,"309":133,"310":133,"311":133,"312":133,"313":133,"314":133,"315":0,"316":0,"317":133,"318":76,"319":76,"320":0,"321":76,"322":76,"323":76,"324":0,"325":76,"326":76,"327":76,"328":76,"329":76,"330":0,"331":76,"332":0,"333":0,"334":2,"335":2},"f":{"0":55,"1":2,"2":55,"3":472,"4":48,"5":780,"6":91,"7":194},"b":{"0":[0,472],"1":[1298,1298],"2":[0,896],"3":[42,854],"4":[896,93,51],"5":[994,994,854],"6":[0,140],"7":[25,115],"8":[140,115],"9":[115,739],"10":[28,711],"11":[0,48],"12":[0,48],"13":[48,0],"14":[48,48],"15":[48,0],"16":[0,780],"17":[0,780],"18":[0,0,2,9,6,0,0,7,3,11,0,9,0,0,733],"19":[0,3],"20":[0,11],"21":[0,0],"22":[0,9],"23":[0,0],"24":[0,0],"25":[478,0],"26":[478,478],"27":[0,478],"28":[0,478],"29":[6,472],"30":[472,0],"31":[472,472],"32":[231,241],"33":[472,231],"34":[231,0],"35":[70,402],"36":[402,0],"37":[39,363],"38":[358,5],"39":[76,282],"40":[358,340],"41":[0,76],"42":[58,18],"43":[9,278],"44":[287,0,0,287,264],"45":[15,13,5,8,7,0,0],"46":[1,5],"47":[1,8],"48":[0,1],"49":[0,8],"50":[278,274,273],"51":[6,272],"52":[6,23],"53":[0,23],"54":[0,0],"55":[6,0],"56":[0,6],"57":[0,0],"58":[0,0,0,0,0,0,0,0,0,0],"59":[0,6],"60":[196,76],"61":[272,272,272,272,254],"62":[63,133],"63":[691,679,592,588,569],"64":[378,133],"65":[8,370],"66":[21,482],"67":[503,482],"68":[0,482],"69":[0,209],"70":[291,279,109],"71":[6,82],"72":[88,83,77],"73":[133,76],"74":[209,209],"75":[0,133],"76":[76,0],"77":[76,58],"78":[0,76],"79":[76,58,0],"80":[0,76],"81":[76,0],"82":[76,76],"83":[76,0],"84":[0,0]},"_coverageSchema":"43e27e138ebf9cfc5966b082cf9a028302ed4184","hash":"d76d402bc3f8d9f8db90de13b93b71cec81a001f"}
,"/Users/tero/dev/static/git/RangerParser/dist/src/RangerType.js": {"path":"/Users/tero/dev/static/git/RangerParser/dist/src/RangerType.js","statementMap":{"0":{"start":{"line":2,"column":0},"end":{"line":2,"column":62}},"1":{"start":{"line":4,"column":0},"end":{"line":10,"column":65}},"2":{"start":{"line":5,"column":4},"end":{"line":5,"column":52}},"3":{"start":{"line":6,"column":4},"end":{"line":6,"column":46}},"4":{"start":{"line":7,"column":4},"end":{"line":7,"column":52}},"5":{"start":{"line":8,"column":4},"end":{"line":8,"column":48}},"6":{"start":{"line":9,"column":4},"end":{"line":9,"column":51}}},"fnMap":{"0":{"name":"(anonymous_0)","decl":{"start":{"line":4,"column":1},"end":{"line":4,"column":2}},"loc":{"start":{"line":4,"column":23},"end":{"line":10,"column":1}},"line":4}},"branchMap":{"0":{"loc":{"start":{"line":10,"column":16},"end":{"line":10,"column":63}},"type":"binary-expr","locations":[{"start":{"line":10,"column":16},"end":{"line":10,"column":34}},{"start":{"line":10,"column":39},"end":{"line":10,"column":62}}],"line":10}},"s":{"0":1,"1":1,"2":1,"3":1,"4":1,"5":1,"6":1},"f":{"0":1},"b":{"0":[1,1]},"_coverageSchema":"43e27e138ebf9cfc5966b082cf9a028302ed4184","hash":"c8afe992957d2e051ee5cb04dcd59ce551d34348"}
,"/Users/tero/dev/static/git/RangerParser/dist/src/SourceCode.js": {"path":"/Users/tero/dev/static/git/RangerParser/dist/src/SourceCode.js","statementMap":{"0":{"start":{"line":2,"column":0},"end":{"line":2,"column":62}},"1":{"start":{"line":3,"column":32},"end":{"line":64,"column":3}},"2":{"start":{"line":5,"column":8},"end":{"line":5,"column":23}},"3":{"start":{"line":6,"column":8},"end":{"line":6,"column":24}},"4":{"start":{"line":7,"column":8},"end":{"line":7,"column":27}},"5":{"start":{"line":8,"column":8},"end":{"line":8,"column":29}},"6":{"start":{"line":9,"column":8},"end":{"line":9,"column":42}},"7":{"start":{"line":11,"column":4},"end":{"line":19,"column":6}},"8":{"start":{"line":12,"column":8},"end":{"line":14,"column":9}},"9":{"start":{"line":13,"column":12},"end":{"line":13,"column":22}},"10":{"start":{"line":15,"column":8},"end":{"line":17,"column":9}},"11":{"start":{"line":16,"column":12},"end":{"line":16,"column":42}},"12":{"start":{"line":18,"column":8},"end":{"line":18,"column":18}},"13":{"start":{"line":20,"column":4},"end":{"line":30,"column":6}},"14":{"start":{"line":21,"column":18},"end":{"line":21,"column":19}},"15":{"start":{"line":22,"column":8},"end":{"line":28,"column":9}},"16":{"start":{"line":22,"column":21},"end":{"line":22,"column":22}},"17":{"start":{"line":23,"column":22},"end":{"line":23,"column":35}},"18":{"start":{"line":24,"column":12},"end":{"line":24,"column":41}},"19":{"start":{"line":25,"column":12},"end":{"line":27,"column":13}},"20":{"start":{"line":26,"column":16},"end":{"line":26,"column":25}},"21":{"start":{"line":29,"column":8},"end":{"line":29,"column":18}},"22":{"start":{"line":31,"column":4},"end":{"line":49,"column":6}},"23":{"start":{"line":32,"column":18},"end":{"line":32,"column":19}},"24":{"start":{"line":33,"column":23},"end":{"line":33,"column":24}},"25":{"start":{"line":34,"column":8},"end":{"line":47,"column":9}},"26":{"start":{"line":34,"column":21},"end":{"line":34,"column":22}},"27":{"start":{"line":35,"column":22},"end":{"line":35,"column":35}},"28":{"start":{"line":36,"column":12},"end":{"line":36,"column":41}},"29":{"start":{"line":37,"column":12},"end":{"line":45,"column":13}},"30":{"start":{"line":38,"column":25},"end":{"line":38,"column":38}},"31":{"start":{"line":39,"column":25},"end":{"line":39,"column":27}},"32":{"start":{"line":40,"column":16},"end":{"line":43,"column":17}},"33":{"start":{"line":41,"column":20},"end":{"line":41,"column":34}},"34":{"start":{"line":42,"column":20},"end":{"line":42,"column":32}},"35":{"start":{"line":44,"column":16},"end":{"line":44,"column":26}},"36":{"start":{"line":46,"column":12},"end":{"line":46,"column":27}},"37":{"start":{"line":48,"column":8},"end":{"line":48,"column":18}},"38":{"start":{"line":50,"column":4},"end":{"line":62,"column":6}},"39":{"start":{"line":51,"column":18},"end":{"line":51,"column":19}},"40":{"start":{"line":52,"column":23},"end":{"line":52,"column":24}},"41":{"start":{"line":53,"column":8},"end":{"line":60,"column":9}},"42":{"start":{"line":53,"column":21},"end":{"line":53,"column":22}},"43":{"start":{"line":54,"column":22},"end":{"line":54,"column":35}},"44":{"start":{"line":55,"column":12},"end":{"line":55,"column":41}},"45":{"start":{"line":56,"column":12},"end":{"line":58,"column":13}},"46":{"start":{"line":57,"column":16},"end":{"line":57,"column":37}},"47":{"start":{"line":59,"column":12},"end":{"line":59,"column":27}},"48":{"start":{"line":61,"column":8},"end":{"line":61,"column":18}},"49":{"start":{"line":63,"column":4},"end":{"line":63,"column":22}},"50":{"start":{"line":65,"column":0},"end":{"line":65,"column":32}}},"fnMap":{"0":{"name":"(anonymous_0)","decl":{"start":{"line":3,"column":32},"end":{"line":3,"column":33}},"loc":{"start":{"line":3,"column":44},"end":{"line":64,"column":1}},"line":3},"1":{"name":"SourceCode","decl":{"start":{"line":4,"column":13},"end":{"line":4,"column":23}},"loc":{"start":{"line":4,"column":34},"end":{"line":10,"column":5}},"line":4},"2":{"name":"(anonymous_2)","decl":{"start":{"line":11,"column":41},"end":{"line":11,"column":42}},"loc":{"start":{"line":11,"column":63},"end":{"line":19,"column":5}},"line":11},"3":{"name":"(anonymous_3)","decl":{"start":{"line":20,"column":35},"end":{"line":20,"column":36}},"loc":{"start":{"line":20,"column":49},"end":{"line":30,"column":5}},"line":20},"4":{"name":"(anonymous_4)","decl":{"start":{"line":31,"column":40},"end":{"line":31,"column":41}},"loc":{"start":{"line":31,"column":54},"end":{"line":49,"column":5}},"line":31},"5":{"name":"(anonymous_5)","decl":{"start":{"line":50,"column":37},"end":{"line":50,"column":38}},"loc":{"start":{"line":50,"column":51},"end":{"line":62,"column":5}},"line":50}},"branchMap":{"0":{"loc":{"start":{"line":12,"column":8},"end":{"line":14,"column":9}},"type":"if","locations":[{"start":{"line":12,"column":8},"end":{"line":14,"column":9}},{"start":{"line":12,"column":8},"end":{"line":14,"column":9}}],"line":12},"1":{"loc":{"start":{"line":15,"column":8},"end":{"line":17,"column":9}},"type":"if","locations":[{"start":{"line":15,"column":8},"end":{"line":17,"column":9}},{"start":{"line":15,"column":8},"end":{"line":17,"column":9}}],"line":15},"2":{"loc":{"start":{"line":25,"column":12},"end":{"line":27,"column":13}},"type":"if","locations":[{"start":{"line":25,"column":12},"end":{"line":27,"column":13}},{"start":{"line":25,"column":12},"end":{"line":27,"column":13}}],"line":25},"3":{"loc":{"start":{"line":37,"column":12},"end":{"line":45,"column":13}},"type":"if","locations":[{"start":{"line":37,"column":12},"end":{"line":45,"column":13}},{"start":{"line":37,"column":12},"end":{"line":45,"column":13}}],"line":37},"4":{"loc":{"start":{"line":56,"column":12},"end":{"line":58,"column":13}},"type":"if","locations":[{"start":{"line":56,"column":12},"end":{"line":58,"column":13}},{"start":{"line":56,"column":12},"end":{"line":58,"column":13}}],"line":56}},"s":{"0":3,"1":3,"2":64,"3":64,"4":64,"5":64,"6":64,"7":3,"8":4,"9":1,"10":3,"11":2,"12":1,"13":3,"14":4,"15":4,"16":4,"17":10,"18":10,"19":10,"20":3,"21":1,"22":3,"23":3,"24":3,"25":3,"26":3,"27":7,"28":7,"29":7,"30":2,"31":2,"32":2,"33":3,"34":3,"35":2,"36":5,"37":1,"38":3,"39":3,"40":3,"41":3,"42":3,"43":7,"44":7,"45":7,"46":2,"47":5,"48":1,"49":3,"50":3},"f":{"0":3,"1":64,"2":4,"3":4,"4":3,"5":3},"b":{"0":[1,3],"1":[2,1],"2":[3,7],"3":[2,5],"4":[2,5]},"_coverageSchema":"43e27e138ebf9cfc5966b082cf9a028302ed4184","hash":"61f94f823adedb948ab35ec83b7b7e8f437e2744"}
}
