{"/Users/tero/dev/static/git/RangerParser/dist/src/CodeNode.js": {"path":"/Users/tero/dev/static/git/RangerParser/dist/src/CodeNode.js","statementMap":{"0":{"start":{"line":2,"column":0},"end":{"line":2,"column":62}},"1":{"start":{"line":3,"column":30},"end":{"line":56,"column":3}},"2":{"start":{"line":5,"column":8},"end":{"line":5,"column":24}},"3":{"start":{"line":6,"column":8},"end":{"line":6,"column":27}},"4":{"start":{"line":7,"column":8},"end":{"line":7,"column":20}},"5":{"start":{"line":8,"column":8},"end":{"line":8,"column":20}},"6":{"start":{"line":9,"column":8},"end":{"line":9,"column":27}},"7":{"start":{"line":11,"column":4},"end":{"line":29,"column":6}},"8":{"start":{"line":12,"column":8},"end":{"line":27,"column":9}},"9":{"start":{"line":14,"column":16},"end":{"line":14,"column":28}},"10":{"start":{"line":16,"column":16},"end":{"line":16,"column":28}},"11":{"start":{"line":18,"column":16},"end":{"line":18,"column":28}},"12":{"start":{"line":20,"column":16},"end":{"line":20,"column":28}},"13":{"start":{"line":22,"column":16},"end":{"line":22,"column":28}},"14":{"start":{"line":24,"column":16},"end":{"line":24,"column":28}},"15":{"start":{"line":26,"column":16},"end":{"line":26,"column":28}},"16":{"start":{"line":28,"column":8},"end":{"line":28,"column":21}},"17":{"start":{"line":30,"column":4},"end":{"line":45,"column":6}},"18":{"start":{"line":31,"column":8},"end":{"line":43,"column":9}},"19":{"start":{"line":32,"column":24},"end":{"line":32,"column":31}},"20":{"start":{"line":33,"column":22},"end":{"line":33,"column":29}},"21":{"start":{"line":34,"column":12},"end":{"line":34,"column":32}},"22":{"start":{"line":35,"column":12},"end":{"line":35,"column":27}},"23":{"start":{"line":36,"column":12},"end":{"line":38,"column":13}},"24":{"start":{"line":37,"column":16},"end":{"line":37,"column":26}},"25":{"start":{"line":39,"column":12},"end":{"line":41,"column":13}},"26":{"start":{"line":40,"column":16},"end":{"line":40,"column":48}},"27":{"start":{"line":42,"column":12},"end":{"line":42,"column":56}},"28":{"start":{"line":44,"column":8},"end":{"line":44,"column":18}},"29":{"start":{"line":46,"column":4},"end":{"line":48,"column":6}},"30":{"start":{"line":47,"column":8},"end":{"line":47,"column":32}},"31":{"start":{"line":49,"column":4},"end":{"line":51,"column":6}},"32":{"start":{"line":50,"column":8},"end":{"line":50,"column":32}},"33":{"start":{"line":52,"column":4},"end":{"line":54,"column":6}},"34":{"start":{"line":53,"column":8},"end":{"line":53,"column":32}},"35":{"start":{"line":55,"column":4},"end":{"line":55,"column":20}},"36":{"start":{"line":57,"column":0},"end":{"line":57,"column":28}}},"fnMap":{"0":{"name":"(anonymous_0)","decl":{"start":{"line":3,"column":30},"end":{"line":3,"column":31}},"loc":{"start":{"line":3,"column":42},"end":{"line":56,"column":1}},"line":3},"1":{"name":"CodeNode","decl":{"start":{"line":4,"column":13},"end":{"line":4,"column":21}},"loc":{"start":{"line":4,"column":42},"end":{"line":10,"column":5}},"line":4},"2":{"name":"(anonymous_2)","decl":{"start":{"line":11,"column":37},"end":{"line":11,"column":38}},"loc":{"start":{"line":11,"column":49},"end":{"line":29,"column":5}},"line":11},"3":{"name":"(anonymous_3)","decl":{"start":{"line":30,"column":45},"end":{"line":30,"column":46}},"loc":{"start":{"line":30,"column":57},"end":{"line":45,"column":5}},"line":30},"4":{"name":"(anonymous_4)","decl":{"start":{"line":46,"column":34},"end":{"line":46,"column":35}},"loc":{"start":{"line":46,"column":46},"end":{"line":48,"column":5}},"line":46},"5":{"name":"(anonymous_5)","decl":{"start":{"line":49,"column":35},"end":{"line":49,"column":36}},"loc":{"start":{"line":49,"column":47},"end":{"line":51,"column":5}},"line":49},"6":{"name":"(anonymous_6)","decl":{"start":{"line":52,"column":34},"end":{"line":52,"column":35}},"loc":{"start":{"line":52,"column":46},"end":{"line":54,"column":5}},"line":52}},"branchMap":{"0":{"loc":{"start":{"line":12,"column":8},"end":{"line":27,"column":9}},"type":"switch","locations":[{"start":{"line":13,"column":12},"end":{"line":14,"column":28}},{"start":{"line":15,"column":12},"end":{"line":16,"column":28}},{"start":{"line":17,"column":12},"end":{"line":18,"column":28}},{"start":{"line":19,"column":12},"end":{"line":20,"column":28}},{"start":{"line":21,"column":12},"end":{"line":22,"column":28}},{"start":{"line":23,"column":12},"end":{"line":24,"column":28}},{"start":{"line":25,"column":12},"end":{"line":26,"column":28}}],"line":12},"1":{"loc":{"start":{"line":31,"column":8},"end":{"line":43,"column":9}},"type":"if","locations":[{"start":{"line":31,"column":8},"end":{"line":43,"column":9}},{"start":{"line":31,"column":8},"end":{"line":43,"column":9}}],"line":31},"2":{"loc":{"start":{"line":31,"column":12},"end":{"line":31,"column":55}},"type":"binary-expr","locations":[{"start":{"line":31,"column":12},"end":{"line":31,"column":29}},{"start":{"line":31,"column":33},"end":{"line":31,"column":55}}],"line":31},"3":{"loc":{"start":{"line":36,"column":12},"end":{"line":38,"column":13}},"type":"if","locations":[{"start":{"line":36,"column":12},"end":{"line":38,"column":13}},{"start":{"line":36,"column":12},"end":{"line":38,"column":13}}],"line":36},"4":{"loc":{"start":{"line":39,"column":12},"end":{"line":41,"column":13}},"type":"if","locations":[{"start":{"line":39,"column":12},"end":{"line":41,"column":13}},{"start":{"line":39,"column":12},"end":{"line":41,"column":13}}],"line":39}},"s":{"0":2,"1":2,"2":290,"3":290,"4":290,"5":290,"6":290,"7":2,"8":0,"9":0,"10":0,"11":0,"12":0,"13":0,"14":0,"15":0,"16":0,"17":2,"18":0,"19":0,"20":0,"21":0,"22":0,"23":0,"24":0,"25":0,"26":0,"27":0,"28":0,"29":2,"30":0,"31":2,"32":0,"33":2,"34":0,"35":2,"36":2},"f":{"0":2,"1":290,"2":0,"3":0,"4":0,"5":0,"6":0},"b":{"0":[0,0,0,0,0,0,0],"1":[0,0],"2":[0,0],"3":[0,0],"4":[0,0]},"_coverageSchema":"43e27e138ebf9cfc5966b082cf9a028302ed4184","hash":"522b6d4cf0cd79883e038dab5f37a093f7d9a05d"}
,"/Users/tero/dev/static/git/RangerParser/dist/src/NodeIterator.js": {"path":"/Users/tero/dev/static/git/RangerParser/dist/src/NodeIterator.js","statementMap":{"0":{"start":{"line":2,"column":0},"end":{"line":2,"column":62}},"1":{"start":{"line":3,"column":17},"end":{"line":3,"column":38}},"2":{"start":{"line":4,"column":19},"end":{"line":4,"column":42}},"3":{"start":{"line":5,"column":18},"end":{"line":5,"column":20}},"4":{"start":{"line":6,"column":0},"end":{"line":8,"column":2}},"5":{"start":{"line":7,"column":4},"end":{"line":7,"column":51}},"6":{"start":{"line":9,"column":0},"end":{"line":14,"column":5}},"7":{"start":{"line":9,"column":39},"end":{"line":14,"column":2}},"8":{"start":{"line":10,"column":15},"end":{"line":10,"column":23}},"9":{"start":{"line":11,"column":14},"end":{"line":11,"column":182}},"10":{"start":{"line":12,"column":4},"end":{"line":12,"column":23}},"11":{"start":{"line":13,"column":4},"end":{"line":13,"column":14}},"12":{"start":{"line":15,"column":0},"end":{"line":28,"column":5}},"13":{"start":{"line":15,"column":32},"end":{"line":28,"column":2}},"14":{"start":{"line":16,"column":12},"end":{"line":16,"column":20}},"15":{"start":{"line":17,"column":4},"end":{"line":26,"column":5}},"16":{"start":{"line":18,"column":8},"end":{"line":25,"column":9}},"17":{"start":{"line":19,"column":21},"end":{"line":19,"column":73}},"18":{"start":{"line":20,"column":12},"end":{"line":20,"column":40}},"19":{"start":{"line":21,"column":24},"end":{"line":21,"column":38}},"20":{"start":{"line":22,"column":12},"end":{"line":24,"column":13}},"21":{"start":{"line":23,"column":16},"end":{"line":23,"column":55}},"22":{"start":{"line":27,"column":4},"end":{"line":27,"column":23}},"23":{"start":{"line":29,"column":0},"end":{"line":37,"column":2}},"24":{"start":{"line":30,"column":12},"end":{"line":30,"column":20}},"25":{"start":{"line":31,"column":4},"end":{"line":35,"column":5}},"26":{"start":{"line":32,"column":8},"end":{"line":34,"column":9}},"27":{"start":{"line":33,"column":12},"end":{"line":33,"column":26}},"28":{"start":{"line":36,"column":4},"end":{"line":36,"column":23}},"29":{"start":{"line":38,"column":0},"end":{"line":38,"column":26}},"30":{"start":{"line":39,"column":0},"end":{"line":47,"column":2}},"31":{"start":{"line":40,"column":12},"end":{"line":40,"column":20}},"32":{"start":{"line":41,"column":4},"end":{"line":45,"column":5}},"33":{"start":{"line":42,"column":8},"end":{"line":44,"column":9}},"34":{"start":{"line":43,"column":12},"end":{"line":43,"column":26}},"35":{"start":{"line":46,"column":4},"end":{"line":46,"column":23}},"36":{"start":{"line":48,"column":0},"end":{"line":54,"column":2}},"37":{"start":{"line":49,"column":12},"end":{"line":49,"column":20}},"38":{"start":{"line":50,"column":4},"end":{"line":52,"column":5}},"39":{"start":{"line":51,"column":8},"end":{"line":51,"column":22}},"40":{"start":{"line":53,"column":4},"end":{"line":53,"column":14}},"41":{"start":{"line":55,"column":0},"end":{"line":55,"column":30}},"42":{"start":{"line":56,"column":0},"end":{"line":56,"column":26}},"43":{"start":{"line":57,"column":0},"end":{"line":65,"column":2}},"44":{"start":{"line":58,"column":12},"end":{"line":58,"column":20}},"45":{"start":{"line":59,"column":4},"end":{"line":63,"column":5}},"46":{"start":{"line":60,"column":8},"end":{"line":62,"column":9}},"47":{"start":{"line":61,"column":12},"end":{"line":61,"column":26}},"48":{"start":{"line":64,"column":4},"end":{"line":64,"column":23}},"49":{"start":{"line":66,"column":0},"end":{"line":66,"column":29}},"50":{"start":{"line":67,"column":0},"end":{"line":75,"column":2}},"51":{"start":{"line":68,"column":12},"end":{"line":68,"column":20}},"52":{"start":{"line":69,"column":4},"end":{"line":73,"column":5}},"53":{"start":{"line":70,"column":8},"end":{"line":72,"column":9}},"54":{"start":{"line":71,"column":12},"end":{"line":71,"column":60}},"55":{"start":{"line":74,"column":4},"end":{"line":74,"column":23}},"56":{"start":{"line":76,"column":0},"end":{"line":76,"column":29}},"57":{"start":{"line":77,"column":0},"end":{"line":87,"column":2}},"58":{"start":{"line":78,"column":12},"end":{"line":78,"column":20}},"59":{"start":{"line":79,"column":4},"end":{"line":85,"column":5}},"60":{"start":{"line":80,"column":8},"end":{"line":84,"column":9}},"61":{"start":{"line":81,"column":21},"end":{"line":81,"column":73}},"62":{"start":{"line":82,"column":12},"end":{"line":82,"column":40}},"63":{"start":{"line":83,"column":12},"end":{"line":83,"column":51}},"64":{"start":{"line":86,"column":4},"end":{"line":86,"column":23}},"65":{"start":{"line":88,"column":0},"end":{"line":88,"column":33}},"66":{"start":{"line":89,"column":0},"end":{"line":97,"column":2}},"67":{"start":{"line":90,"column":12},"end":{"line":90,"column":20}},"68":{"start":{"line":91,"column":4},"end":{"line":95,"column":5}},"69":{"start":{"line":92,"column":8},"end":{"line":94,"column":9}},"70":{"start":{"line":93,"column":12},"end":{"line":93,"column":26}},"71":{"start":{"line":96,"column":4},"end":{"line":96,"column":23}},"72":{"start":{"line":98,"column":0},"end":{"line":98,"column":27}},"73":{"start":{"line":99,"column":0},"end":{"line":112,"column":5}},"74":{"start":{"line":99,"column":36},"end":{"line":112,"column":2}},"75":{"start":{"line":100,"column":12},"end":{"line":100,"column":20}},"76":{"start":{"line":101,"column":4},"end":{"line":110,"column":5}},"77":{"start":{"line":102,"column":8},"end":{"line":109,"column":9}},"78":{"start":{"line":103,"column":12},"end":{"line":105,"column":13}},"79":{"start":{"line":104,"column":16},"end":{"line":104,"column":30}},"80":{"start":{"line":106,"column":12},"end":{"line":108,"column":13}},"81":{"start":{"line":107,"column":16},"end":{"line":107,"column":30}},"82":{"start":{"line":111,"column":4},"end":{"line":111,"column":23}},"83":{"start":{"line":113,"column":0},"end":{"line":113,"column":29}},"84":{"start":{"line":114,"column":0},"end":{"line":151,"column":5}},"85":{"start":{"line":114,"column":47},"end":{"line":151,"column":2}},"86":{"start":{"line":115,"column":12},"end":{"line":115,"column":20}},"87":{"start":{"line":116,"column":4},"end":{"line":149,"column":5}},"88":{"start":{"line":117,"column":8},"end":{"line":148,"column":9}},"89":{"start":{"line":118,"column":12},"end":{"line":120,"column":13}},"90":{"start":{"line":119,"column":16},"end":{"line":119,"column":30}},"91":{"start":{"line":121,"column":12},"end":{"line":147,"column":13}},"92":{"start":{"line":122,"column":16},"end":{"line":134,"column":17}},"93":{"start":{"line":122,"column":30},"end":{"line":122,"column":31}},"94":{"start":{"line":122,"column":41},"end":{"line":122,"column":44}},"95":{"start":{"line":123,"column":28},"end":{"line":123,"column":37}},"96":{"start":{"line":124,"column":20},"end":{"line":133,"column":21}},"97":{"start":{"line":125,"column":24},"end":{"line":127,"column":25}},"98":{"start":{"line":126,"column":28},"end":{"line":126,"column":42}},"99":{"start":{"line":130,"column":24},"end":{"line":132,"column":25}},"100":{"start":{"line":131,"column":28},"end":{"line":131,"column":42}},"101":{"start":{"line":137,"column":16},"end":{"line":146,"column":17}},"102":{"start":{"line":138,"column":20},"end":{"line":140,"column":21}},"103":{"start":{"line":139,"column":24},"end":{"line":139,"column":38}},"104":{"start":{"line":143,"column":20},"end":{"line":145,"column":21}},"105":{"start":{"line":144,"column":24},"end":{"line":144,"column":38}},"106":{"start":{"line":150,"column":4},"end":{"line":150,"column":23}},"107":{"start":{"line":152,"column":0},"end":{"line":152,"column":28}},"108":{"start":{"line":153,"column":38},"end":{"line":515,"column":3}},"109":{"start":{"line":155,"column":8},"end":{"line":155,"column":19}},"110":{"start":{"line":156,"column":8},"end":{"line":156,"column":19}},"111":{"start":{"line":157,"column":8},"end":{"line":157,"column":25}},"112":{"start":{"line":159,"column":4},"end":{"line":164,"column":6}},"113":{"start":{"line":160,"column":16},"end":{"line":160,"column":47}},"114":{"start":{"line":161,"column":8},"end":{"line":161,"column":21}},"115":{"start":{"line":162,"column":8},"end":{"line":162,"column":21}},"116":{"start":{"line":163,"column":8},"end":{"line":163,"column":17}},"117":{"start":{"line":165,"column":4},"end":{"line":187,"column":6}},"118":{"start":{"line":166,"column":18},"end":{"line":166,"column":20}},"119":{"start":{"line":167,"column":19},"end":{"line":167,"column":31}},"120":{"start":{"line":168,"column":20},"end":{"line":168,"column":21}},"121":{"start":{"line":169,"column":8},"end":{"line":181,"column":9}},"122":{"start":{"line":169,"column":22},"end":{"line":169,"column":23}},"123":{"start":{"line":169,"column":35},"end":{"line":169,"column":40}},"124":{"start":{"line":170,"column":25},"end":{"line":170,"column":36}},"125":{"start":{"line":171,"column":21},"end":{"line":171,"column":33}},"126":{"start":{"line":172,"column":21},"end":{"line":172,"column":31}},"127":{"start":{"line":172,"column":40},"end":{"line":172,"column":45}},"128":{"start":{"line":172,"column":53},"end":{"line":172,"column":58}},"129":{"start":{"line":173,"column":12},"end":{"line":173,"column":27}},"130":{"start":{"line":174,"column":12},"end":{"line":174,"column":25}},"131":{"start":{"line":175,"column":12},"end":{"line":180,"column":13}},"132":{"start":{"line":176,"column":16},"end":{"line":176,"column":31}},"133":{"start":{"line":179,"column":16},"end":{"line":179,"column":29}},"134":{"start":{"line":182,"column":8},"end":{"line":183,"column":20}},"135":{"start":{"line":183,"column":12},"end":{"line":183,"column":20}},"136":{"start":{"line":184,"column":8},"end":{"line":184,"column":24}},"137":{"start":{"line":185,"column":8},"end":{"line":185,"column":24}},"138":{"start":{"line":186,"column":8},"end":{"line":186,"column":20}},"139":{"start":{"line":188,"column":4},"end":{"line":190,"column":6}},"140":{"start":{"line":189,"column":8},"end":{"line":189,"column":37}},"141":{"start":{"line":191,"column":4},"end":{"line":197,"column":6}},"142":{"start":{"line":192,"column":20},"end":{"line":192,"column":30}},"143":{"start":{"line":193,"column":8},"end":{"line":196,"column":9}},"144":{"start":{"line":194,"column":12},"end":{"line":194,"column":22}},"145":{"start":{"line":195,"column":12},"end":{"line":195,"column":25}},"146":{"start":{"line":200,"column":4},"end":{"line":209,"column":6}},"147":{"start":{"line":201,"column":16},"end":{"line":201,"column":28}},"148":{"start":{"line":202,"column":17},"end":{"line":202,"column":22}},"149":{"start":{"line":203,"column":8},"end":{"line":203,"column":18}},"150":{"start":{"line":204,"column":17},"end":{"line":204,"column":22}},"151":{"start":{"line":205,"column":8},"end":{"line":208,"column":9}},"152":{"start":{"line":206,"column":12},"end":{"line":206,"column":31}},"153":{"start":{"line":207,"column":12},"end":{"line":207,"column":25}},"154":{"start":{"line":210,"column":4},"end":{"line":221,"column":6}},"155":{"start":{"line":211,"column":16},"end":{"line":211,"column":28}},"156":{"start":{"line":212,"column":17},"end":{"line":212,"column":22}},"157":{"start":{"line":213,"column":8},"end":{"line":213,"column":18}},"158":{"start":{"line":214,"column":17},"end":{"line":214,"column":22}},"159":{"start":{"line":215,"column":8},"end":{"line":215,"column":18}},"160":{"start":{"line":216,"column":17},"end":{"line":216,"column":22}},"161":{"start":{"line":217,"column":8},"end":{"line":220,"column":9}},"162":{"start":{"line":218,"column":12},"end":{"line":218,"column":38}},"163":{"start":{"line":219,"column":12},"end":{"line":219,"column":25}},"164":{"start":{"line":222,"column":4},"end":{"line":225,"column":6}},"165":{"start":{"line":223,"column":16},"end":{"line":223,"column":27}},"166":{"start":{"line":224,"column":8},"end":{"line":224,"column":67}},"167":{"start":{"line":226,"column":4},"end":{"line":229,"column":6}},"168":{"start":{"line":227,"column":16},"end":{"line":227,"column":27}},"169":{"start":{"line":228,"column":8},"end":{"line":228,"column":45}},"170":{"start":{"line":230,"column":4},"end":{"line":233,"column":6}},"171":{"start":{"line":231,"column":16},"end":{"line":231,"column":27}},"172":{"start":{"line":232,"column":8},"end":{"line":232,"column":41}},"173":{"start":{"line":234,"column":4},"end":{"line":237,"column":6}},"174":{"start":{"line":235,"column":16},"end":{"line":235,"column":27}},"175":{"start":{"line":236,"column":8},"end":{"line":236,"column":44}},"176":{"start":{"line":238,"column":4},"end":{"line":241,"column":6}},"177":{"start":{"line":239,"column":16},"end":{"line":239,"column":27}},"178":{"start":{"line":240,"column":8},"end":{"line":240,"column":49}},"179":{"start":{"line":242,"column":4},"end":{"line":245,"column":6}},"180":{"start":{"line":243,"column":16},"end":{"line":243,"column":27}},"181":{"start":{"line":244,"column":8},"end":{"line":244,"column":37}},"182":{"start":{"line":246,"column":4},"end":{"line":249,"column":6}},"183":{"start":{"line":247,"column":8},"end":{"line":247,"column":17}},"184":{"start":{"line":248,"column":8},"end":{"line":248,"column":19}},"185":{"start":{"line":250,"column":4},"end":{"line":253,"column":6}},"186":{"start":{"line":251,"column":16},"end":{"line":251,"column":33}},"187":{"start":{"line":252,"column":8},"end":{"line":252,"column":47}},"188":{"start":{"line":254,"column":4},"end":{"line":262,"column":6}},"189":{"start":{"line":255,"column":21},"end":{"line":255,"column":27}},"190":{"start":{"line":256,"column":8},"end":{"line":259,"column":9}},"191":{"start":{"line":257,"column":12},"end":{"line":257,"column":21}},"192":{"start":{"line":258,"column":12},"end":{"line":258,"column":25}},"193":{"start":{"line":260,"column":8},"end":{"line":260,"column":28}},"194":{"start":{"line":261,"column":8},"end":{"line":261,"column":19}},"195":{"start":{"line":263,"column":4},"end":{"line":274,"column":6}},"196":{"start":{"line":264,"column":8},"end":{"line":267,"column":9}},"197":{"start":{"line":265,"column":12},"end":{"line":265,"column":25}},"198":{"start":{"line":266,"column":12},"end":{"line":266,"column":24}},"199":{"start":{"line":268,"column":16},"end":{"line":268,"column":27}},"200":{"start":{"line":269,"column":8},"end":{"line":272,"column":9}},"201":{"start":{"line":270,"column":12},"end":{"line":270,"column":24}},"202":{"start":{"line":271,"column":12},"end":{"line":271,"column":24}},"203":{"start":{"line":273,"column":8},"end":{"line":273,"column":21}},"204":{"start":{"line":275,"column":4},"end":{"line":296,"column":6}},"205":{"start":{"line":276,"column":16},"end":{"line":276,"column":30}},"206":{"start":{"line":277,"column":8},"end":{"line":294,"column":9}},"207":{"start":{"line":278,"column":12},"end":{"line":280,"column":13}},"208":{"start":{"line":279,"column":16},"end":{"line":279,"column":52}},"209":{"start":{"line":281,"column":12},"end":{"line":283,"column":13}},"210":{"start":{"line":282,"column":16},"end":{"line":282,"column":40}},"211":{"start":{"line":284,"column":12},"end":{"line":286,"column":13}},"212":{"start":{"line":285,"column":16},"end":{"line":285,"column":44}},"213":{"start":{"line":287,"column":12},"end":{"line":289,"column":13}},"214":{"start":{"line":288,"column":16},"end":{"line":288,"column":43}},"215":{"start":{"line":290,"column":12},"end":{"line":292,"column":13}},"216":{"start":{"line":291,"column":16},"end":{"line":291,"column":35}},"217":{"start":{"line":293,"column":12},"end":{"line":293,"column":22}},"218":{"start":{"line":295,"column":8},"end":{"line":295,"column":18}},"219":{"start":{"line":297,"column":4},"end":{"line":334,"column":6}},"220":{"start":{"line":298,"column":8},"end":{"line":298,"column":40}},"221":{"start":{"line":298,"column":30},"end":{"line":298,"column":38}},"222":{"start":{"line":300,"column":16},"end":{"line":300,"column":17}},"223":{"start":{"line":301,"column":18},"end":{"line":301,"column":32}},"224":{"start":{"line":302,"column":8},"end":{"line":329,"column":9}},"225":{"start":{"line":303,"column":20},"end":{"line":303,"column":37}},"226":{"start":{"line":304,"column":12},"end":{"line":306,"column":13}},"227":{"start":{"line":305,"column":16},"end":{"line":305,"column":22}},"228":{"start":{"line":307,"column":12},"end":{"line":313,"column":13}},"229":{"start":{"line":308,"column":16},"end":{"line":308,"column":28}},"230":{"start":{"line":309,"column":16},"end":{"line":309,"column":20}},"231":{"start":{"line":310,"column":16},"end":{"line":310,"column":27}},"232":{"start":{"line":311,"column":16},"end":{"line":311,"column":25}},"233":{"start":{"line":312,"column":16},"end":{"line":312,"column":25}},"234":{"start":{"line":314,"column":12},"end":{"line":320,"column":13}},"235":{"start":{"line":315,"column":16},"end":{"line":315,"column":28}},"236":{"start":{"line":316,"column":16},"end":{"line":316,"column":20}},"237":{"start":{"line":317,"column":16},"end":{"line":317,"column":27}},"238":{"start":{"line":318,"column":16},"end":{"line":318,"column":25}},"239":{"start":{"line":319,"column":16},"end":{"line":319,"column":25}},"240":{"start":{"line":321,"column":12},"end":{"line":325,"column":13}},"241":{"start":{"line":322,"column":16},"end":{"line":322,"column":27}},"242":{"start":{"line":323,"column":16},"end":{"line":323,"column":25}},"243":{"start":{"line":324,"column":16},"end":{"line":324,"column":25}},"244":{"start":{"line":326,"column":12},"end":{"line":326,"column":41}},"245":{"start":{"line":327,"column":12},"end":{"line":327,"column":21}},"246":{"start":{"line":328,"column":12},"end":{"line":328,"column":16}},"247":{"start":{"line":330,"column":8},"end":{"line":332,"column":9}},"248":{"start":{"line":331,"column":12},"end":{"line":331,"column":22}},"249":{"start":{"line":333,"column":8},"end":{"line":333,"column":19}},"250":{"start":{"line":335,"column":4},"end":{"line":375,"column":6}},"251":{"start":{"line":336,"column":8},"end":{"line":336,"column":40}},"252":{"start":{"line":336,"column":30},"end":{"line":336,"column":38}},"253":{"start":{"line":337,"column":16},"end":{"line":337,"column":17}},"254":{"start":{"line":338,"column":21},"end":{"line":338,"column":27}},"255":{"start":{"line":339,"column":21},"end":{"line":339,"column":27}},"256":{"start":{"line":340,"column":18},"end":{"line":340,"column":32}},"257":{"start":{"line":341,"column":8},"end":{"line":368,"column":9}},"258":{"start":{"line":342,"column":20},"end":{"line":342,"column":37}},"259":{"start":{"line":343,"column":12},"end":{"line":345,"column":13}},"260":{"start":{"line":344,"column":16},"end":{"line":344,"column":22}},"261":{"start":{"line":346,"column":12},"end":{"line":352,"column":13}},"262":{"start":{"line":347,"column":16},"end":{"line":347,"column":27}},"263":{"start":{"line":348,"column":16},"end":{"line":348,"column":20}},"264":{"start":{"line":349,"column":16},"end":{"line":349,"column":27}},"265":{"start":{"line":350,"column":16},"end":{"line":350,"column":25}},"266":{"start":{"line":351,"column":16},"end":{"line":351,"column":25}},"267":{"start":{"line":353,"column":12},"end":{"line":359,"column":13}},"268":{"start":{"line":354,"column":16},"end":{"line":354,"column":27}},"269":{"start":{"line":355,"column":16},"end":{"line":355,"column":20}},"270":{"start":{"line":356,"column":16},"end":{"line":356,"column":27}},"271":{"start":{"line":357,"column":16},"end":{"line":357,"column":25}},"272":{"start":{"line":358,"column":16},"end":{"line":358,"column":25}},"273":{"start":{"line":360,"column":12},"end":{"line":364,"column":13}},"274":{"start":{"line":361,"column":16},"end":{"line":361,"column":27}},"275":{"start":{"line":362,"column":16},"end":{"line":362,"column":25}},"276":{"start":{"line":363,"column":16},"end":{"line":363,"column":25}},"277":{"start":{"line":365,"column":12},"end":{"line":365,"column":40}},"278":{"start":{"line":366,"column":12},"end":{"line":366,"column":21}},"279":{"start":{"line":367,"column":12},"end":{"line":367,"column":16}},"280":{"start":{"line":369,"column":8},"end":{"line":369,"column":24}},"281":{"start":{"line":370,"column":8},"end":{"line":370,"column":24}},"282":{"start":{"line":371,"column":8},"end":{"line":373,"column":9}},"283":{"start":{"line":372,"column":12},"end":{"line":372,"column":31}},"284":{"start":{"line":374,"column":8},"end":{"line":374,"column":19}},"285":{"start":{"line":376,"column":4},"end":{"line":382,"column":6}},"286":{"start":{"line":377,"column":18},"end":{"line":377,"column":20}},"287":{"start":{"line":378,"column":8},"end":{"line":380,"column":9}},"288":{"start":{"line":379,"column":12},"end":{"line":379,"column":40}},"289":{"start":{"line":381,"column":8},"end":{"line":381,"column":19}},"290":{"start":{"line":383,"column":4},"end":{"line":392,"column":6}},"291":{"start":{"line":384,"column":17},"end":{"line":384,"column":23}},"292":{"start":{"line":385,"column":17},"end":{"line":385,"column":23}},"293":{"start":{"line":386,"column":8},"end":{"line":386,"column":17}},"294":{"start":{"line":387,"column":18},"end":{"line":387,"column":51}},"295":{"start":{"line":388,"column":8},"end":{"line":390,"column":9}},"296":{"start":{"line":389,"column":12},"end":{"line":389,"column":31}},"297":{"start":{"line":391,"column":8},"end":{"line":391,"column":19}},"298":{"start":{"line":393,"column":4},"end":{"line":400,"column":6}},"299":{"start":{"line":394,"column":21},"end":{"line":394,"column":27}},"300":{"start":{"line":395,"column":21},"end":{"line":395,"column":27}},"301":{"start":{"line":396,"column":18},"end":{"line":396,"column":36}},"302":{"start":{"line":397,"column":8},"end":{"line":397,"column":24}},"303":{"start":{"line":398,"column":8},"end":{"line":398,"column":24}},"304":{"start":{"line":399,"column":8},"end":{"line":399,"column":19}},"305":{"start":{"line":401,"column":4},"end":{"line":441,"column":6}},"306":{"start":{"line":402,"column":22},"end":{"line":402,"column":24}},"307":{"start":{"line":403,"column":8},"end":{"line":424,"column":9}},"308":{"start":{"line":404,"column":12},"end":{"line":422,"column":13}},"309":{"start":{"line":405,"column":27},"end":{"line":405,"column":38}},"310":{"start":{"line":406,"column":16},"end":{"line":412,"column":17}},"311":{"start":{"line":407,"column":20},"end":{"line":410,"column":21}},"312":{"start":{"line":408,"column":24},"end":{"line":408,"column":37}},"313":{"start":{"line":409,"column":24},"end":{"line":409,"column":33}},"314":{"start":{"line":411,"column":20},"end":{"line":411,"column":27}},"315":{"start":{"line":413,"column":16},"end":{"line":420,"column":17}},"316":{"start":{"line":414,"column":28},"end":{"line":414,"column":35}},"317":{"start":{"line":415,"column":20},"end":{"line":419,"column":21}},"318":{"start":{"line":415,"column":33},"end":{"line":415,"column":34}},"319":{"start":{"line":416,"column":24},"end":{"line":418,"column":25}},"320":{"start":{"line":417,"column":28},"end":{"line":417,"column":35}},"321":{"start":{"line":421,"column":16},"end":{"line":421,"column":31}},"322":{"start":{"line":423,"column":12},"end":{"line":423,"column":19}},"323":{"start":{"line":425,"column":8},"end":{"line":440,"column":9}},"324":{"start":{"line":426,"column":23},"end":{"line":426,"column":34}},"325":{"start":{"line":427,"column":12},"end":{"line":433,"column":13}},"326":{"start":{"line":428,"column":16},"end":{"line":431,"column":17}},"327":{"start":{"line":429,"column":20},"end":{"line":429,"column":33}},"328":{"start":{"line":430,"column":20},"end":{"line":430,"column":29}},"329":{"start":{"line":432,"column":16},"end":{"line":432,"column":23}},"330":{"start":{"line":434,"column":12},"end":{"line":439,"column":13}},"331":{"start":{"line":435,"column":24},"end":{"line":435,"column":31}},"332":{"start":{"line":436,"column":16},"end":{"line":438,"column":17}},"333":{"start":{"line":437,"column":20},"end":{"line":437,"column":27}},"334":{"start":{"line":442,"column":4},"end":{"line":456,"column":6}},"335":{"start":{"line":443,"column":8},"end":{"line":445,"column":9}},"336":{"start":{"line":444,"column":12},"end":{"line":444,"column":24}},"337":{"start":{"line":446,"column":8},"end":{"line":448,"column":9}},"338":{"start":{"line":447,"column":12},"end":{"line":447,"column":24}},"339":{"start":{"line":449,"column":8},"end":{"line":454,"column":9}},"340":{"start":{"line":450,"column":23},"end":{"line":450,"column":40}},"341":{"start":{"line":451,"column":12},"end":{"line":453,"column":13}},"342":{"start":{"line":452,"column":16},"end":{"line":452,"column":28}},"343":{"start":{"line":455,"column":8},"end":{"line":455,"column":21}},"344":{"start":{"line":457,"column":4},"end":{"line":477,"column":6}},"345":{"start":{"line":458,"column":21},"end":{"line":458,"column":27}},"346":{"start":{"line":459,"column":21},"end":{"line":459,"column":27}},"347":{"start":{"line":460,"column":8},"end":{"line":476,"column":9}},"348":{"start":{"line":461,"column":12},"end":{"line":469,"column":13}},"349":{"start":{"line":462,"column":16},"end":{"line":462,"column":29}},"350":{"start":{"line":463,"column":16},"end":{"line":465,"column":17}},"351":{"start":{"line":464,"column":20},"end":{"line":464,"column":27}},"352":{"start":{"line":466,"column":16},"end":{"line":466,"column":32}},"353":{"start":{"line":467,"column":16},"end":{"line":467,"column":32}},"354":{"start":{"line":468,"column":16},"end":{"line":468,"column":25}},"355":{"start":{"line":470,"column":23},"end":{"line":470,"column":34}},"356":{"start":{"line":471,"column":12},"end":{"line":473,"column":13}},"357":{"start":{"line":472,"column":16},"end":{"line":472,"column":23}},"358":{"start":{"line":474,"column":12},"end":{"line":474,"column":28}},"359":{"start":{"line":475,"column":12},"end":{"line":475,"column":28}},"360":{"start":{"line":478,"column":4},"end":{"line":497,"column":6}},"361":{"start":{"line":479,"column":8},"end":{"line":488,"column":9}},"362":{"start":{"line":480,"column":12},"end":{"line":487,"column":15}},"363":{"start":{"line":481,"column":16},"end":{"line":485,"column":17}},"364":{"start":{"line":481,"column":29},"end":{"line":481,"column":30}},"365":{"start":{"line":482,"column":20},"end":{"line":484,"column":21}},"366":{"start":{"line":483,"column":24},"end":{"line":483,"column":37}},"367":{"start":{"line":486,"column":16},"end":{"line":486,"column":28}},"368":{"start":{"line":489,"column":8},"end":{"line":496,"column":11}},"369":{"start":{"line":490,"column":12},"end":{"line":490,"column":59}},"370":{"start":{"line":491,"column":12},"end":{"line":494,"column":13}},"371":{"start":{"line":492,"column":16},"end":{"line":492,"column":43}},"372":{"start":{"line":493,"column":16},"end":{"line":493,"column":29}},"373":{"start":{"line":495,"column":12},"end":{"line":495,"column":24}},"374":{"start":{"line":498,"column":4},"end":{"line":513,"column":6}},"375":{"start":{"line":499,"column":20},"end":{"line":499,"column":25}},"376":{"start":{"line":500,"column":19},"end":{"line":511,"column":10}},"377":{"start":{"line":501,"column":12},"end":{"line":505,"column":13}},"378":{"start":{"line":501,"column":25},"end":{"line":501,"column":26}},"379":{"start":{"line":502,"column":16},"end":{"line":504,"column":17}},"380":{"start":{"line":503,"column":20},"end":{"line":503,"column":33}},"381":{"start":{"line":506,"column":12},"end":{"line":509,"column":13}},"382":{"start":{"line":507,"column":16},"end":{"line":507,"column":29}},"383":{"start":{"line":508,"column":16},"end":{"line":508,"column":29}},"384":{"start":{"line":510,"column":12},"end":{"line":510,"column":24}},"385":{"start":{"line":512,"column":8},"end":{"line":512,"column":21}},"386":{"start":{"line":514,"column":4},"end":{"line":514,"column":28}},"387":{"start":{"line":516,"column":0},"end":{"line":516,"column":44}}},"fnMap":{"0":{"name":"(anonymous_0)","decl":{"start":{"line":6,"column":19},"end":{"line":6,"column":20}},"loc":{"start":{"line":6,"column":39},"end":{"line":8,"column":1}},"line":6},"1":{"name":"(anonymous_1)","decl":{"start":{"line":9,"column":22},"end":{"line":9,"column":23}},"loc":{"start":{"line":9,"column":37},"end":{"line":14,"column":4}},"line":9},"2":{"name":"(anonymous_2)","decl":{"start":{"line":9,"column":46},"end":{"line":9,"column":47}},"loc":{"start":{"line":9,"column":59},"end":{"line":14,"column":1}},"line":9},"3":{"name":"(anonymous_3)","decl":{"start":{"line":15,"column":15},"end":{"line":15,"column":16}},"loc":{"start":{"line":15,"column":30},"end":{"line":28,"column":4}},"line":15},"4":{"name":"(anonymous_4)","decl":{"start":{"line":15,"column":39},"end":{"line":15,"column":40}},"loc":{"start":{"line":15,"column":52},"end":{"line":28,"column":1}},"line":15},"5":{"name":"(anonymous_5)","decl":{"start":{"line":29,"column":16},"end":{"line":29,"column":17}},"loc":{"start":{"line":29,"column":29},"end":{"line":37,"column":1}},"line":29},"6":{"name":"(anonymous_6)","decl":{"start":{"line":39,"column":16},"end":{"line":39,"column":17}},"loc":{"start":{"line":39,"column":29},"end":{"line":47,"column":1}},"line":39},"7":{"name":"(anonymous_7)","decl":{"start":{"line":48,"column":16},"end":{"line":48,"column":17}},"loc":{"start":{"line":48,"column":29},"end":{"line":54,"column":1}},"line":48},"8":{"name":"(anonymous_8)","decl":{"start":{"line":57,"column":19},"end":{"line":57,"column":20}},"loc":{"start":{"line":57,"column":32},"end":{"line":65,"column":1}},"line":57},"9":{"name":"(anonymous_9)","decl":{"start":{"line":67,"column":18},"end":{"line":67,"column":19}},"loc":{"start":{"line":67,"column":31},"end":{"line":75,"column":1}},"line":67},"10":{"name":"(anonymous_10)","decl":{"start":{"line":77,"column":23},"end":{"line":77,"column":24}},"loc":{"start":{"line":77,"column":36},"end":{"line":87,"column":1}},"line":77},"11":{"name":"(anonymous_11)","decl":{"start":{"line":89,"column":17},"end":{"line":89,"column":18}},"loc":{"start":{"line":89,"column":30},"end":{"line":97,"column":1}},"line":89},"12":{"name":"(anonymous_12)","decl":{"start":{"line":99,"column":19},"end":{"line":99,"column":20}},"loc":{"start":{"line":99,"column":34},"end":{"line":112,"column":4}},"line":99},"13":{"name":"(anonymous_13)","decl":{"start":{"line":99,"column":43},"end":{"line":99,"column":44}},"loc":{"start":{"line":99,"column":56},"end":{"line":112,"column":1}},"line":99},"14":{"name":"(anonymous_14)","decl":{"start":{"line":114,"column":18},"end":{"line":114,"column":19}},"loc":{"start":{"line":114,"column":45},"end":{"line":151,"column":4}},"line":114},"15":{"name":"(anonymous_15)","decl":{"start":{"line":114,"column":54},"end":{"line":114,"column":55}},"loc":{"start":{"line":114,"column":67},"end":{"line":151,"column":1}},"line":114},"16":{"name":"(anonymous_16)","decl":{"start":{"line":153,"column":38},"end":{"line":153,"column":39}},"loc":{"start":{"line":153,"column":50},"end":{"line":515,"column":1}},"line":153},"17":{"name":"CodeNodeIterator","decl":{"start":{"line":154,"column":13},"end":{"line":154,"column":29}},"loc":{"start":{"line":154,"column":36},"end":{"line":158,"column":5}},"line":154},"18":{"name":"(anonymous_18)","decl":{"start":{"line":159,"column":39},"end":{"line":159,"column":40}},"loc":{"start":{"line":159,"column":51},"end":{"line":164,"column":5}},"line":159},"19":{"name":"(anonymous_19)","decl":{"start":{"line":165,"column":39},"end":{"line":165,"column":40}},"loc":{"start":{"line":165,"column":60},"end":{"line":187,"column":5}},"line":165},"20":{"name":"(anonymous_20)","decl":{"start":{"line":188,"column":35},"end":{"line":188,"column":36}},"loc":{"start":{"line":188,"column":56},"end":{"line":190,"column":5}},"line":188},"21":{"name":"(anonymous_21)","decl":{"start":{"line":191,"column":40},"end":{"line":191,"column":41}},"loc":{"start":{"line":191,"column":60},"end":{"line":197,"column":5}},"line":191},"22":{"name":"(anonymous_22)","decl":{"start":{"line":200,"column":40},"end":{"line":200,"column":41}},"loc":{"start":{"line":200,"column":62},"end":{"line":209,"column":5}},"line":200},"23":{"name":"(anonymous_23)","decl":{"start":{"line":210,"column":40},"end":{"line":210,"column":41}},"loc":{"start":{"line":210,"column":66},"end":{"line":221,"column":5}},"line":210},"24":{"name":"(anonymous_24)","decl":{"start":{"line":222,"column":40},"end":{"line":222,"column":41}},"loc":{"start":{"line":222,"column":53},"end":{"line":225,"column":5}},"line":222},"25":{"name":"(anonymous_25)","decl":{"start":{"line":226,"column":42},"end":{"line":226,"column":43}},"loc":{"start":{"line":226,"column":54},"end":{"line":229,"column":5}},"line":226},"26":{"name":"(anonymous_26)","decl":{"start":{"line":230,"column":39},"end":{"line":230,"column":40}},"loc":{"start":{"line":230,"column":51},"end":{"line":233,"column":5}},"line":230},"27":{"name":"(anonymous_27)","decl":{"start":{"line":234,"column":42},"end":{"line":234,"column":43}},"loc":{"start":{"line":234,"column":54},"end":{"line":237,"column":5}},"line":234},"28":{"name":"(anonymous_28)","decl":{"start":{"line":238,"column":40},"end":{"line":238,"column":41}},"loc":{"start":{"line":238,"column":52},"end":{"line":241,"column":5}},"line":238},"29":{"name":"(anonymous_29)","decl":{"start":{"line":242,"column":47},"end":{"line":242,"column":48}},"loc":{"start":{"line":242,"column":59},"end":{"line":245,"column":5}},"line":242},"30":{"name":"(anonymous_30)","decl":{"start":{"line":246,"column":44},"end":{"line":246,"column":45}},"loc":{"start":{"line":246,"column":56},"end":{"line":249,"column":5}},"line":246},"31":{"name":"(anonymous_31)","decl":{"start":{"line":250,"column":45},"end":{"line":250,"column":46}},"loc":{"start":{"line":250,"column":57},"end":{"line":253,"column":5}},"line":250},"32":{"name":"(anonymous_32)","decl":{"start":{"line":254,"column":47},"end":{"line":254,"column":48}},"loc":{"start":{"line":254,"column":61},"end":{"line":262,"column":5}},"line":254},"33":{"name":"(anonymous_33)","decl":{"start":{"line":263,"column":38},"end":{"line":263,"column":39}},"loc":{"start":{"line":263,"column":51},"end":{"line":274,"column":5}},"line":263},"34":{"name":"(anonymous_34)","decl":{"start":{"line":275,"column":47},"end":{"line":275,"column":48}},"loc":{"start":{"line":275,"column":59},"end":{"line":296,"column":5}},"line":275},"35":{"name":"(anonymous_35)","decl":{"start":{"line":297,"column":38},"end":{"line":297,"column":39}},"loc":{"start":{"line":297,"column":53},"end":{"line":334,"column":5}},"line":297},"36":{"name":"(anonymous_36)","decl":{"start":{"line":335,"column":38},"end":{"line":335,"column":39}},"loc":{"start":{"line":335,"column":53},"end":{"line":375,"column":5}},"line":335},"37":{"name":"(anonymous_37)","decl":{"start":{"line":376,"column":43},"end":{"line":376,"column":44}},"loc":{"start":{"line":376,"column":57},"end":{"line":382,"column":5}},"line":376},"38":{"name":"(anonymous_38)","decl":{"start":{"line":383,"column":44},"end":{"line":383,"column":45}},"loc":{"start":{"line":383,"column":72},"end":{"line":392,"column":5}},"line":383},"39":{"name":"(anonymous_39)","decl":{"start":{"line":393,"column":43},"end":{"line":393,"column":44}},"loc":{"start":{"line":393,"column":57},"end":{"line":400,"column":5}},"line":393},"40":{"name":"(anonymous_40)","decl":{"start":{"line":401,"column":51},"end":{"line":401,"column":52}},"loc":{"start":{"line":401,"column":72},"end":{"line":441,"column":5}},"line":401},"41":{"name":"(anonymous_41)","decl":{"start":{"line":442,"column":39},"end":{"line":442,"column":40}},"loc":{"start":{"line":442,"column":51},"end":{"line":456,"column":5}},"line":442},"42":{"name":"(anonymous_42)","decl":{"start":{"line":457,"column":46},"end":{"line":457,"column":47}},"loc":{"start":{"line":457,"column":60},"end":{"line":477,"column":5}},"line":457},"43":{"name":"(anonymous_43)","decl":{"start":{"line":478,"column":48},"end":{"line":478,"column":49}},"loc":{"start":{"line":478,"column":65},"end":{"line":497,"column":5}},"line":478},"44":{"name":"(anonymous_44)","decl":{"start":{"line":480,"column":34},"end":{"line":480,"column":35}},"loc":{"start":{"line":480,"column":47},"end":{"line":487,"column":13}},"line":480},"45":{"name":"(anonymous_45)","decl":{"start":{"line":489,"column":30},"end":{"line":489,"column":31}},"loc":{"start":{"line":489,"column":43},"end":{"line":496,"column":9}},"line":489},"46":{"name":"(anonymous_46)","decl":{"start":{"line":498,"column":42},"end":{"line":498,"column":43}},"loc":{"start":{"line":498,"column":71},"end":{"line":513,"column":5}},"line":498},"47":{"name":"(anonymous_47)","decl":{"start":{"line":500,"column":34},"end":{"line":500,"column":35}},"loc":{"start":{"line":500,"column":47},"end":{"line":511,"column":9}},"line":500}},"branchMap":{"0":{"loc":{"start":{"line":11,"column":36},"end":{"line":11,"column":91}},"type":"cond-expr","locations":[{"start":{"line":11,"column":46},"end":{"line":11,"column":75}},{"start":{"line":11,"column":78},"end":{"line":11,"column":91}}],"line":11},"1":{"loc":{"start":{"line":11,"column":107},"end":{"line":11,"column":116}},"type":"binary-expr","locations":[{"start":{"line":11,"column":107},"end":{"line":11,"column":110}},{"start":{"line":11,"column":114},"end":{"line":11,"column":116}}],"line":11},"2":{"loc":{"start":{"line":11,"column":136},"end":{"line":11,"column":172}},"type":"cond-expr","locations":[{"start":{"line":11,"column":146},"end":{"line":11,"column":158}},{"start":{"line":11,"column":161},"end":{"line":11,"column":172}}],"line":11},"3":{"loc":{"start":{"line":17,"column":4},"end":{"line":26,"column":5}},"type":"if","locations":[{"start":{"line":17,"column":4},"end":{"line":26,"column":5}},{"start":{"line":17,"column":4},"end":{"line":26,"column":5}}],"line":17},"4":{"loc":{"start":{"line":18,"column":8},"end":{"line":25,"column":9}},"type":"if","locations":[{"start":{"line":18,"column":8},"end":{"line":25,"column":9}},{"start":{"line":18,"column":8},"end":{"line":25,"column":9}}],"line":18},"5":{"loc":{"start":{"line":22,"column":12},"end":{"line":24,"column":13}},"type":"if","locations":[{"start":{"line":22,"column":12},"end":{"line":24,"column":13}},{"start":{"line":22,"column":12},"end":{"line":24,"column":13}}],"line":22},"6":{"loc":{"start":{"line":22,"column":16},"end":{"line":22,"column":43}},"type":"binary-expr","locations":[{"start":{"line":22,"column":16},"end":{"line":22,"column":21}},{"start":{"line":22,"column":25},"end":{"line":22,"column":43}}],"line":22},"7":{"loc":{"start":{"line":31,"column":4},"end":{"line":35,"column":5}},"type":"if","locations":[{"start":{"line":31,"column":4},"end":{"line":35,"column":5}},{"start":{"line":31,"column":4},"end":{"line":35,"column":5}}],"line":31},"8":{"loc":{"start":{"line":32,"column":8},"end":{"line":34,"column":9}},"type":"if","locations":[{"start":{"line":32,"column":8},"end":{"line":34,"column":9}},{"start":{"line":32,"column":8},"end":{"line":34,"column":9}}],"line":32},"9":{"loc":{"start":{"line":41,"column":4},"end":{"line":45,"column":5}},"type":"if","locations":[{"start":{"line":41,"column":4},"end":{"line":45,"column":5}},{"start":{"line":41,"column":4},"end":{"line":45,"column":5}}],"line":41},"10":{"loc":{"start":{"line":42,"column":8},"end":{"line":44,"column":9}},"type":"if","locations":[{"start":{"line":42,"column":8},"end":{"line":44,"column":9}},{"start":{"line":42,"column":8},"end":{"line":44,"column":9}}],"line":42},"11":{"loc":{"start":{"line":50,"column":4},"end":{"line":52,"column":5}},"type":"if","locations":[{"start":{"line":50,"column":4},"end":{"line":52,"column":5}},{"start":{"line":50,"column":4},"end":{"line":52,"column":5}}],"line":50},"12":{"loc":{"start":{"line":59,"column":4},"end":{"line":63,"column":5}},"type":"if","locations":[{"start":{"line":59,"column":4},"end":{"line":63,"column":5}},{"start":{"line":59,"column":4},"end":{"line":63,"column":5}}],"line":59},"13":{"loc":{"start":{"line":60,"column":8},"end":{"line":62,"column":9}},"type":"if","locations":[{"start":{"line":60,"column":8},"end":{"line":62,"column":9}},{"start":{"line":60,"column":8},"end":{"line":62,"column":9}}],"line":60},"14":{"loc":{"start":{"line":69,"column":4},"end":{"line":73,"column":5}},"type":"if","locations":[{"start":{"line":69,"column":4},"end":{"line":73,"column":5}},{"start":{"line":69,"column":4},"end":{"line":73,"column":5}}],"line":69},"15":{"loc":{"start":{"line":70,"column":8},"end":{"line":72,"column":9}},"type":"if","locations":[{"start":{"line":70,"column":8},"end":{"line":72,"column":9}},{"start":{"line":70,"column":8},"end":{"line":72,"column":9}}],"line":70},"16":{"loc":{"start":{"line":79,"column":4},"end":{"line":85,"column":5}},"type":"if","locations":[{"start":{"line":79,"column":4},"end":{"line":85,"column":5}},{"start":{"line":79,"column":4},"end":{"line":85,"column":5}}],"line":79},"17":{"loc":{"start":{"line":80,"column":8},"end":{"line":84,"column":9}},"type":"if","locations":[{"start":{"line":80,"column":8},"end":{"line":84,"column":9}},{"start":{"line":80,"column":8},"end":{"line":84,"column":9}}],"line":80},"18":{"loc":{"start":{"line":91,"column":4},"end":{"line":95,"column":5}},"type":"if","locations":[{"start":{"line":91,"column":4},"end":{"line":95,"column":5}},{"start":{"line":91,"column":4},"end":{"line":95,"column":5}}],"line":91},"19":{"loc":{"start":{"line":92,"column":8},"end":{"line":94,"column":9}},"type":"if","locations":[{"start":{"line":92,"column":8},"end":{"line":94,"column":9}},{"start":{"line":92,"column":8},"end":{"line":94,"column":9}}],"line":92},"20":{"loc":{"start":{"line":101,"column":4},"end":{"line":110,"column":5}},"type":"if","locations":[{"start":{"line":101,"column":4},"end":{"line":110,"column":5}},{"start":{"line":101,"column":4},"end":{"line":110,"column":5}}],"line":101},"21":{"loc":{"start":{"line":102,"column":8},"end":{"line":109,"column":9}},"type":"if","locations":[{"start":{"line":102,"column":8},"end":{"line":109,"column":9}},{"start":{"line":102,"column":8},"end":{"line":109,"column":9}}],"line":102},"22":{"loc":{"start":{"line":103,"column":12},"end":{"line":105,"column":13}},"type":"if","locations":[{"start":{"line":103,"column":12},"end":{"line":105,"column":13}},{"start":{"line":103,"column":12},"end":{"line":105,"column":13}}],"line":103},"23":{"loc":{"start":{"line":106,"column":12},"end":{"line":108,"column":13}},"type":"if","locations":[{"start":{"line":106,"column":12},"end":{"line":108,"column":13}},{"start":{"line":106,"column":12},"end":{"line":108,"column":13}}],"line":106},"24":{"loc":{"start":{"line":116,"column":4},"end":{"line":149,"column":5}},"type":"if","locations":[{"start":{"line":116,"column":4},"end":{"line":149,"column":5}},{"start":{"line":116,"column":4},"end":{"line":149,"column":5}}],"line":116},"25":{"loc":{"start":{"line":117,"column":8},"end":{"line":148,"column":9}},"type":"if","locations":[{"start":{"line":117,"column":8},"end":{"line":148,"column":9}},{"start":{"line":117,"column":8},"end":{"line":148,"column":9}}],"line":117},"26":{"loc":{"start":{"line":118,"column":12},"end":{"line":120,"column":13}},"type":"if","locations":[{"start":{"line":118,"column":12},"end":{"line":120,"column":13}},{"start":{"line":118,"column":12},"end":{"line":120,"column":13}}],"line":118},"27":{"loc":{"start":{"line":121,"column":12},"end":{"line":147,"column":13}},"type":"if","locations":[{"start":{"line":121,"column":12},"end":{"line":147,"column":13}},{"start":{"line":121,"column":12},"end":{"line":147,"column":13}}],"line":121},"28":{"loc":{"start":{"line":124,"column":20},"end":{"line":133,"column":21}},"type":"if","locations":[{"start":{"line":124,"column":20},"end":{"line":133,"column":21}},{"start":{"line":124,"column":20},"end":{"line":133,"column":21}}],"line":124},"29":{"loc":{"start":{"line":125,"column":24},"end":{"line":127,"column":25}},"type":"if","locations":[{"start":{"line":125,"column":24},"end":{"line":127,"column":25}},{"start":{"line":125,"column":24},"end":{"line":127,"column":25}}],"line":125},"30":{"loc":{"start":{"line":130,"column":24},"end":{"line":132,"column":25}},"type":"if","locations":[{"start":{"line":130,"column":24},"end":{"line":132,"column":25}},{"start":{"line":130,"column":24},"end":{"line":132,"column":25}}],"line":130},"31":{"loc":{"start":{"line":137,"column":16},"end":{"line":146,"column":17}},"type":"if","locations":[{"start":{"line":137,"column":16},"end":{"line":146,"column":17}},{"start":{"line":137,"column":16},"end":{"line":146,"column":17}}],"line":137},"32":{"loc":{"start":{"line":138,"column":20},"end":{"line":140,"column":21}},"type":"if","locations":[{"start":{"line":138,"column":20},"end":{"line":140,"column":21}},{"start":{"line":138,"column":20},"end":{"line":140,"column":21}}],"line":138},"33":{"loc":{"start":{"line":143,"column":20},"end":{"line":145,"column":21}},"type":"if","locations":[{"start":{"line":143,"column":20},"end":{"line":145,"column":21}},{"start":{"line":143,"column":20},"end":{"line":145,"column":21}}],"line":143},"34":{"loc":{"start":{"line":175,"column":12},"end":{"line":180,"column":13}},"type":"if","locations":[{"start":{"line":175,"column":12},"end":{"line":180,"column":13}},{"start":{"line":175,"column":12},"end":{"line":180,"column":13}}],"line":175},"35":{"loc":{"start":{"line":182,"column":8},"end":{"line":183,"column":20}},"type":"if","locations":[{"start":{"line":182,"column":8},"end":{"line":183,"column":20}},{"start":{"line":182,"column":8},"end":{"line":183,"column":20}}],"line":182},"36":{"loc":{"start":{"line":193,"column":8},"end":{"line":196,"column":9}},"type":"if","locations":[{"start":{"line":193,"column":8},"end":{"line":196,"column":9}},{"start":{"line":193,"column":8},"end":{"line":196,"column":9}}],"line":193},"37":{"loc":{"start":{"line":205,"column":8},"end":{"line":208,"column":9}},"type":"if","locations":[{"start":{"line":205,"column":8},"end":{"line":208,"column":9}},{"start":{"line":205,"column":8},"end":{"line":208,"column":9}}],"line":205},"38":{"loc":{"start":{"line":205,"column":12},"end":{"line":205,"column":46}},"type":"binary-expr","locations":[{"start":{"line":205,"column":12},"end":{"line":205,"column":27}},{"start":{"line":205,"column":31},"end":{"line":205,"column":46}}],"line":205},"39":{"loc":{"start":{"line":217,"column":8},"end":{"line":220,"column":9}},"type":"if","locations":[{"start":{"line":217,"column":8},"end":{"line":220,"column":9}},{"start":{"line":217,"column":8},"end":{"line":220,"column":9}}],"line":217},"40":{"loc":{"start":{"line":217,"column":12},"end":{"line":217,"column":65}},"type":"binary-expr","locations":[{"start":{"line":217,"column":12},"end":{"line":217,"column":27}},{"start":{"line":217,"column":31},"end":{"line":217,"column":46}},{"start":{"line":217,"column":50},"end":{"line":217,"column":65}}],"line":217},"41":{"loc":{"start":{"line":224,"column":15},"end":{"line":224,"column":66}},"type":"binary-expr","locations":[{"start":{"line":224,"column":15},"end":{"line":224,"column":19}},{"start":{"line":224,"column":23},"end":{"line":224,"column":66}}],"line":224},"42":{"loc":{"start":{"line":228,"column":15},"end":{"line":228,"column":44}},"type":"cond-expr","locations":[{"start":{"line":228,"column":22},"end":{"line":228,"column":39}},{"start":{"line":228,"column":42},"end":{"line":228,"column":44}}],"line":228},"43":{"loc":{"start":{"line":232,"column":15},"end":{"line":232,"column":40}},"type":"cond-expr","locations":[{"start":{"line":232,"column":22},"end":{"line":232,"column":36}},{"start":{"line":232,"column":39},"end":{"line":232,"column":40}}],"line":232},"44":{"loc":{"start":{"line":236,"column":15},"end":{"line":236,"column":43}},"type":"cond-expr","locations":[{"start":{"line":236,"column":22},"end":{"line":236,"column":39}},{"start":{"line":236,"column":42},"end":{"line":236,"column":43}}],"line":236},"45":{"loc":{"start":{"line":240,"column":15},"end":{"line":240,"column":48}},"type":"cond-expr","locations":[{"start":{"line":240,"column":22},"end":{"line":240,"column":40}},{"start":{"line":240,"column":43},"end":{"line":240,"column":48}}],"line":240},"46":{"loc":{"start":{"line":244,"column":15},"end":{"line":244,"column":36}},"type":"cond-expr","locations":[{"start":{"line":244,"column":22},"end":{"line":244,"column":31}},{"start":{"line":244,"column":34},"end":{"line":244,"column":36}}],"line":244},"47":{"loc":{"start":{"line":252,"column":15},"end":{"line":252,"column":46}},"type":"binary-expr","locations":[{"start":{"line":252,"column":15},"end":{"line":252,"column":16}},{"start":{"line":252,"column":20},"end":{"line":252,"column":46}}],"line":252},"48":{"loc":{"start":{"line":264,"column":8},"end":{"line":267,"column":9}},"type":"if","locations":[{"start":{"line":264,"column":8},"end":{"line":267,"column":9}},{"start":{"line":264,"column":8},"end":{"line":267,"column":9}}],"line":264},"49":{"loc":{"start":{"line":269,"column":8},"end":{"line":272,"column":9}},"type":"if","locations":[{"start":{"line":269,"column":8},"end":{"line":272,"column":9}},{"start":{"line":269,"column":8},"end":{"line":272,"column":9}}],"line":269},"50":{"loc":{"start":{"line":269,"column":12},"end":{"line":269,"column":63}},"type":"binary-expr","locations":[{"start":{"line":269,"column":12},"end":{"line":269,"column":16}},{"start":{"line":269,"column":20},"end":{"line":269,"column":63}}],"line":269},"51":{"loc":{"start":{"line":277,"column":8},"end":{"line":294,"column":9}},"type":"if","locations":[{"start":{"line":277,"column":8},"end":{"line":294,"column":9}},{"start":{"line":277,"column":8},"end":{"line":294,"column":9}}],"line":277},"52":{"loc":{"start":{"line":278,"column":12},"end":{"line":280,"column":13}},"type":"if","locations":[{"start":{"line":278,"column":12},"end":{"line":280,"column":13}},{"start":{"line":278,"column":12},"end":{"line":280,"column":13}}],"line":278},"53":{"loc":{"start":{"line":281,"column":12},"end":{"line":283,"column":13}},"type":"if","locations":[{"start":{"line":281,"column":12},"end":{"line":283,"column":13}},{"start":{"line":281,"column":12},"end":{"line":283,"column":13}}],"line":281},"54":{"loc":{"start":{"line":284,"column":12},"end":{"line":286,"column":13}},"type":"if","locations":[{"start":{"line":284,"column":12},"end":{"line":286,"column":13}},{"start":{"line":284,"column":12},"end":{"line":286,"column":13}}],"line":284},"55":{"loc":{"start":{"line":287,"column":12},"end":{"line":289,"column":13}},"type":"if","locations":[{"start":{"line":287,"column":12},"end":{"line":289,"column":13}},{"start":{"line":287,"column":12},"end":{"line":289,"column":13}}],"line":287},"56":{"loc":{"start":{"line":290,"column":12},"end":{"line":292,"column":13}},"type":"if","locations":[{"start":{"line":290,"column":12},"end":{"line":292,"column":13}},{"start":{"line":290,"column":12},"end":{"line":292,"column":13}}],"line":290},"57":{"loc":{"start":{"line":298,"column":8},"end":{"line":298,"column":40}},"type":"if","locations":[{"start":{"line":298,"column":8},"end":{"line":298,"column":40}},{"start":{"line":298,"column":8},"end":{"line":298,"column":40}}],"line":298},"58":{"loc":{"start":{"line":304,"column":12},"end":{"line":306,"column":13}},"type":"if","locations":[{"start":{"line":304,"column":12},"end":{"line":306,"column":13}},{"start":{"line":304,"column":12},"end":{"line":306,"column":13}}],"line":304},"59":{"loc":{"start":{"line":307,"column":12},"end":{"line":313,"column":13}},"type":"if","locations":[{"start":{"line":307,"column":12},"end":{"line":313,"column":13}},{"start":{"line":307,"column":12},"end":{"line":313,"column":13}}],"line":307},"60":{"loc":{"start":{"line":307,"column":16},"end":{"line":307,"column":49}},"type":"binary-expr","locations":[{"start":{"line":307,"column":16},"end":{"line":307,"column":32}},{"start":{"line":307,"column":36},"end":{"line":307,"column":49}}],"line":307},"61":{"loc":{"start":{"line":314,"column":12},"end":{"line":320,"column":13}},"type":"if","locations":[{"start":{"line":314,"column":12},"end":{"line":320,"column":13}},{"start":{"line":314,"column":12},"end":{"line":320,"column":13}}],"line":314},"62":{"loc":{"start":{"line":314,"column":16},"end":{"line":314,"column":76}},"type":"binary-expr","locations":[{"start":{"line":314,"column":16},"end":{"line":314,"column":31}},{"start":{"line":314,"column":36},"end":{"line":314,"column":48}},{"start":{"line":314,"column":52},"end":{"line":314,"column":75}}],"line":314},"63":{"loc":{"start":{"line":321,"column":12},"end":{"line":325,"column":13}},"type":"if","locations":[{"start":{"line":321,"column":12},"end":{"line":325,"column":13}},{"start":{"line":321,"column":12},"end":{"line":325,"column":13}}],"line":321},"64":{"loc":{"start":{"line":330,"column":8},"end":{"line":332,"column":9}},"type":"if","locations":[{"start":{"line":330,"column":8},"end":{"line":332,"column":9}},{"start":{"line":330,"column":8},"end":{"line":332,"column":9}}],"line":330},"65":{"loc":{"start":{"line":336,"column":8},"end":{"line":336,"column":40}},"type":"if","locations":[{"start":{"line":336,"column":8},"end":{"line":336,"column":40}},{"start":{"line":336,"column":8},"end":{"line":336,"column":40}}],"line":336},"66":{"loc":{"start":{"line":343,"column":12},"end":{"line":345,"column":13}},"type":"if","locations":[{"start":{"line":343,"column":12},"end":{"line":345,"column":13}},{"start":{"line":343,"column":12},"end":{"line":345,"column":13}}],"line":343},"67":{"loc":{"start":{"line":346,"column":12},"end":{"line":352,"column":13}},"type":"if","locations":[{"start":{"line":346,"column":12},"end":{"line":352,"column":13}},{"start":{"line":346,"column":12},"end":{"line":352,"column":13}}],"line":346},"68":{"loc":{"start":{"line":346,"column":16},"end":{"line":346,"column":49}},"type":"binary-expr","locations":[{"start":{"line":346,"column":16},"end":{"line":346,"column":32}},{"start":{"line":346,"column":36},"end":{"line":346,"column":49}}],"line":346},"69":{"loc":{"start":{"line":353,"column":12},"end":{"line":359,"column":13}},"type":"if","locations":[{"start":{"line":353,"column":12},"end":{"line":359,"column":13}},{"start":{"line":353,"column":12},"end":{"line":359,"column":13}}],"line":353},"70":{"loc":{"start":{"line":353,"column":16},"end":{"line":353,"column":76}},"type":"binary-expr","locations":[{"start":{"line":353,"column":16},"end":{"line":353,"column":31}},{"start":{"line":353,"column":36},"end":{"line":353,"column":48}},{"start":{"line":353,"column":52},"end":{"line":353,"column":75}}],"line":353},"71":{"loc":{"start":{"line":360,"column":12},"end":{"line":364,"column":13}},"type":"if","locations":[{"start":{"line":360,"column":12},"end":{"line":364,"column":13}},{"start":{"line":360,"column":12},"end":{"line":364,"column":13}}],"line":360},"72":{"loc":{"start":{"line":371,"column":8},"end":{"line":373,"column":9}},"type":"if","locations":[{"start":{"line":371,"column":8},"end":{"line":373,"column":9}},{"start":{"line":371,"column":8},"end":{"line":373,"column":9}}],"line":371},"73":{"loc":{"start":{"line":378,"column":15},"end":{"line":378,"column":56}},"type":"binary-expr","locations":[{"start":{"line":378,"column":15},"end":{"line":378,"column":37}},{"start":{"line":378,"column":41},"end":{"line":378,"column":56}}],"line":378},"74":{"loc":{"start":{"line":387,"column":20},"end":{"line":387,"column":50}},"type":"binary-expr","locations":[{"start":{"line":387,"column":20},"end":{"line":387,"column":33}},{"start":{"line":387,"column":37},"end":{"line":387,"column":50}}],"line":387},"75":{"loc":{"start":{"line":388,"column":8},"end":{"line":390,"column":9}},"type":"if","locations":[{"start":{"line":388,"column":8},"end":{"line":390,"column":9}},{"start":{"line":388,"column":8},"end":{"line":390,"column":9}}],"line":388},"76":{"loc":{"start":{"line":388,"column":12},"end":{"line":388,"column":32}},"type":"binary-expr","locations":[{"start":{"line":388,"column":12},"end":{"line":388,"column":16}},{"start":{"line":388,"column":20},"end":{"line":388,"column":32}}],"line":388},"77":{"loc":{"start":{"line":403,"column":8},"end":{"line":424,"column":9}},"type":"if","locations":[{"start":{"line":403,"column":8},"end":{"line":424,"column":9}},{"start":{"line":403,"column":8},"end":{"line":424,"column":9}}],"line":403},"78":{"loc":{"start":{"line":406,"column":16},"end":{"line":412,"column":17}},"type":"if","locations":[{"start":{"line":406,"column":16},"end":{"line":412,"column":17}},{"start":{"line":406,"column":16},"end":{"line":412,"column":17}}],"line":406},"79":{"loc":{"start":{"line":407,"column":20},"end":{"line":410,"column":21}},"type":"if","locations":[{"start":{"line":407,"column":20},"end":{"line":410,"column":21}},{"start":{"line":407,"column":20},"end":{"line":410,"column":21}}],"line":407},"80":{"loc":{"start":{"line":413,"column":16},"end":{"line":420,"column":17}},"type":"if","locations":[{"start":{"line":413,"column":16},"end":{"line":420,"column":17}},{"start":{"line":413,"column":16},"end":{"line":420,"column":17}}],"line":413},"81":{"loc":{"start":{"line":416,"column":24},"end":{"line":418,"column":25}},"type":"if","locations":[{"start":{"line":416,"column":24},"end":{"line":418,"column":25}},{"start":{"line":416,"column":24},"end":{"line":418,"column":25}}],"line":416},"82":{"loc":{"start":{"line":416,"column":28},"end":{"line":416,"column":86}},"type":"binary-expr","locations":[{"start":{"line":416,"column":28},"end":{"line":416,"column":32}},{"start":{"line":416,"column":36},"end":{"line":416,"column":86}}],"line":416},"83":{"loc":{"start":{"line":427,"column":12},"end":{"line":433,"column":13}},"type":"if","locations":[{"start":{"line":427,"column":12},"end":{"line":433,"column":13}},{"start":{"line":427,"column":12},"end":{"line":433,"column":13}}],"line":427},"84":{"loc":{"start":{"line":428,"column":16},"end":{"line":431,"column":17}},"type":"if","locations":[{"start":{"line":428,"column":16},"end":{"line":431,"column":17}},{"start":{"line":428,"column":16},"end":{"line":431,"column":17}}],"line":428},"85":{"loc":{"start":{"line":434,"column":12},"end":{"line":439,"column":13}},"type":"if","locations":[{"start":{"line":434,"column":12},"end":{"line":439,"column":13}},{"start":{"line":434,"column":12},"end":{"line":439,"column":13}}],"line":434},"86":{"loc":{"start":{"line":436,"column":16},"end":{"line":438,"column":17}},"type":"if","locations":[{"start":{"line":436,"column":16},"end":{"line":438,"column":17}},{"start":{"line":436,"column":16},"end":{"line":438,"column":17}}],"line":436},"87":{"loc":{"start":{"line":436,"column":20},"end":{"line":436,"column":75}},"type":"binary-expr","locations":[{"start":{"line":436,"column":20},"end":{"line":436,"column":24}},{"start":{"line":436,"column":28},"end":{"line":436,"column":75}}],"line":436},"88":{"loc":{"start":{"line":443,"column":8},"end":{"line":445,"column":9}},"type":"if","locations":[{"start":{"line":443,"column":8},"end":{"line":445,"column":9}},{"start":{"line":443,"column":8},"end":{"line":445,"column":9}}],"line":443},"89":{"loc":{"start":{"line":446,"column":8},"end":{"line":448,"column":9}},"type":"if","locations":[{"start":{"line":446,"column":8},"end":{"line":448,"column":9}},{"start":{"line":446,"column":8},"end":{"line":448,"column":9}}],"line":446},"90":{"loc":{"start":{"line":449,"column":8},"end":{"line":454,"column":9}},"type":"if","locations":[{"start":{"line":449,"column":8},"end":{"line":454,"column":9}},{"start":{"line":449,"column":8},"end":{"line":454,"column":9}}],"line":449},"91":{"loc":{"start":{"line":451,"column":12},"end":{"line":453,"column":13}},"type":"if","locations":[{"start":{"line":451,"column":12},"end":{"line":453,"column":13}},{"start":{"line":451,"column":12},"end":{"line":453,"column":13}}],"line":451},"92":{"loc":{"start":{"line":451,"column":16},"end":{"line":451,"column":55}},"type":"binary-expr","locations":[{"start":{"line":451,"column":16},"end":{"line":451,"column":21}},{"start":{"line":451,"column":25},"end":{"line":451,"column":55}}],"line":451},"93":{"loc":{"start":{"line":461,"column":12},"end":{"line":469,"column":13}},"type":"if","locations":[{"start":{"line":461,"column":12},"end":{"line":469,"column":13}},{"start":{"line":461,"column":12},"end":{"line":469,"column":13}}],"line":461},"94":{"loc":{"start":{"line":461,"column":16},"end":{"line":461,"column":53}},"type":"binary-expr","locations":[{"start":{"line":461,"column":16},"end":{"line":461,"column":33}},{"start":{"line":461,"column":37},"end":{"line":461,"column":53}}],"line":461},"95":{"loc":{"start":{"line":463,"column":16},"end":{"line":465,"column":17}},"type":"if","locations":[{"start":{"line":463,"column":16},"end":{"line":465,"column":17}},{"start":{"line":463,"column":16},"end":{"line":465,"column":17}}],"line":463},"96":{"loc":{"start":{"line":471,"column":12},"end":{"line":473,"column":13}},"type":"if","locations":[{"start":{"line":471,"column":12},"end":{"line":473,"column":13}},{"start":{"line":471,"column":12},"end":{"line":473,"column":13}}],"line":471},"97":{"loc":{"start":{"line":479,"column":8},"end":{"line":488,"column":9}},"type":"if","locations":[{"start":{"line":479,"column":8},"end":{"line":488,"column":9}},{"start":{"line":479,"column":8},"end":{"line":488,"column":9}}],"line":479},"98":{"loc":{"start":{"line":482,"column":20},"end":{"line":484,"column":21}},"type":"if","locations":[{"start":{"line":482,"column":20},"end":{"line":484,"column":21}},{"start":{"line":482,"column":20},"end":{"line":484,"column":21}}],"line":482},"99":{"loc":{"start":{"line":482,"column":24},"end":{"line":482,"column":82}},"type":"binary-expr","locations":[{"start":{"line":482,"column":24},"end":{"line":482,"column":28}},{"start":{"line":482,"column":32},"end":{"line":482,"column":82}}],"line":482},"100":{"loc":{"start":{"line":490,"column":36},"end":{"line":490,"column":57}},"type":"cond-expr","locations":[{"start":{"line":490,"column":43},"end":{"line":490,"column":52}},{"start":{"line":490,"column":55},"end":{"line":490,"column":57}}],"line":490},"101":{"loc":{"start":{"line":491,"column":12},"end":{"line":494,"column":13}},"type":"if","locations":[{"start":{"line":491,"column":12},"end":{"line":494,"column":13}},{"start":{"line":491,"column":12},"end":{"line":494,"column":13}}],"line":491},"102":{"loc":{"start":{"line":491,"column":16},"end":{"line":491,"column":71}},"type":"binary-expr","locations":[{"start":{"line":491,"column":16},"end":{"line":491,"column":20}},{"start":{"line":491,"column":24},"end":{"line":491,"column":71}}],"line":491},"103":{"loc":{"start":{"line":502,"column":16},"end":{"line":504,"column":17}},"type":"if","locations":[{"start":{"line":502,"column":16},"end":{"line":504,"column":17}},{"start":{"line":502,"column":16},"end":{"line":504,"column":17}}],"line":502},"104":{"loc":{"start":{"line":502,"column":20},"end":{"line":502,"column":83}},"type":"binary-expr","locations":[{"start":{"line":502,"column":20},"end":{"line":502,"column":24}},{"start":{"line":502,"column":28},"end":{"line":502,"column":83}}],"line":502},"105":{"loc":{"start":{"line":506,"column":12},"end":{"line":509,"column":13}},"type":"if","locations":[{"start":{"line":506,"column":12},"end":{"line":509,"column":13}},{"start":{"line":506,"column":12},"end":{"line":509,"column":13}}],"line":506},"106":{"loc":{"start":{"line":506,"column":16},"end":{"line":506,"column":71}},"type":"binary-expr","locations":[{"start":{"line":506,"column":16},"end":{"line":506,"column":20}},{"start":{"line":506,"column":24},"end":{"line":506,"column":71}}],"line":506}},"s":{"0":1,"1":1,"2":1,"3":1,"4":1,"5":20,"6":1,"7":0,"8":0,"9":0,"10":0,"11":0,"12":1,"13":0,"14":0,"15":0,"16":0,"17":0,"18":0,"19":0,"20":0,"21":0,"22":0,"23":1,"24":0,"25":0,"26":0,"27":0,"28":0,"29":1,"30":1,"31":0,"32":0,"33":0,"34":0,"35":0,"36":1,"37":6,"38":6,"39":6,"40":0,"41":1,"42":1,"43":1,"44":0,"45":0,"46":0,"47":0,"48":0,"49":1,"50":1,"51":18,"52":18,"53":18,"54":18,"55":0,"56":1,"57":1,"58":10,"59":10,"60":10,"61":10,"62":10,"63":10,"64":0,"65":1,"66":1,"67":0,"68":0,"69":0,"70":0,"71":0,"72":1,"73":1,"74":1,"75":1,"76":1,"77":1,"78":1,"79":1,"80":0,"81":0,"82":0,"83":1,"84":1,"85":39,"86":76,"87":76,"88":76,"89":76,"90":15,"91":61,"92":0,"93":0,"94":0,"95":0,"96":0,"97":0,"98":0,"99":0,"100":0,"101":61,"102":2,"103":2,"104":59,"105":59,"106":0,"107":1,"108":1,"109":196,"110":196,"111":196,"112":1,"113":148,"114":148,"115":148,"116":148,"117":1,"118":37,"119":37,"120":37,"121":37,"122":37,"123":37,"124":111,"125":111,"126":111,"127":111,"128":111,"129":111,"130":111,"131":111,"132":111,"133":0,"134":37,"135":28,"136":37,"137":37,"138":37,"139":1,"140":37,"141":1,"142":0,"143":0,"144":0,"145":0,"146":1,"147":0,"148":0,"149":0,"150":0,"151":0,"152":0,"153":0,"154":1,"155":0,"156":0,"157":0,"158":0,"159":0,"160":0,"161":0,"162":0,"163":0,"164":1,"165":0,"166":0,"167":1,"168":0,"169":0,"170":1,"171":0,"172":0,"173":1,"174":0,"175":0,"176":1,"177":0,"178":0,"179":1,"180":0,"181":0,"182":1,"183":0,"184":0,"185":1,"186":0,"187":0,"188":1,"189":0,"190":0,"191":0,"192":0,"193":0,"194":0,"195":1,"196":0,"197":0,"198":0,"199":0,"200":0,"201":0,"202":0,"203":0,"204":1,"205":0,"206":0,"207":0,"208":0,"209":0,"210":0,"211":0,"212":0,"213":0,"214":0,"215":0,"216":0,"217":0,"218":0,"219":1,"220":111,"221":0,"222":111,"223":111,"224":111,"225":124,"226":124,"227":0,"228":124,"229":12,"230":12,"231":12,"232":12,"233":12,"234":112,"235":15,"236":15,"237":15,"238":15,"239":15,"240":97,"241":13,"242":13,"243":13,"244":84,"245":84,"246":84,"247":111,"248":111,"249":0,"250":1,"251":120,"252":111,"253":120,"254":120,"255":120,"256":120,"257":120,"258":149,"259":149,"260":0,"261":149,"262":16,"263":16,"264":16,"265":16,"266":16,"267":133,"268":15,"269":15,"270":15,"271":15,"272":15,"273":118,"274":15,"275":15,"276":15,"277":103,"278":103,"279":103,"280":120,"281":120,"282":120,"283":0,"284":120,"285":1,"286":0,"287":0,"288":0,"289":0,"290":1,"291":0,"292":0,"293":0,"294":0,"295":0,"296":0,"297":0,"298":1,"299":0,"300":0,"301":0,"302":0,"303":0,"304":0,"305":1,"306":0,"307":0,"308":0,"309":0,"310":0,"311":0,"312":0,"313":0,"314":0,"315":0,"316":0,"317":0,"318":0,"319":0,"320":0,"321":0,"322":0,"323":0,"324":0,"325":0,"326":0,"327":0,"328":0,"329":0,"330":0,"331":0,"332":0,"333":0,"334":1,"335":0,"336":0,"337":0,"338":0,"339":0,"340":0,"341":0,"342":0,"343":0,"344":1,"345":0,"346":0,"347":0,"348":0,"349":0,"350":0,"351":0,"352":0,"353":0,"354":0,"355":0,"356":0,"357":0,"358":0,"359":0,"360":1,"361":0,"362":0,"363":0,"364":0,"365":0,"366":0,"367":0,"368":0,"369":0,"370":0,"371":0,"372":0,"373":0,"374":1,"375":0,"376":0,"377":0,"378":0,"379":0,"380":0,"381":0,"382":0,"383":0,"384":0,"385":0,"386":1,"387":1},"f":{"0":20,"1":0,"2":0,"3":0,"4":0,"5":0,"6":0,"7":6,"8":0,"9":18,"10":10,"11":0,"12":1,"13":1,"14":39,"15":76,"16":1,"17":196,"18":148,"19":37,"20":37,"21":0,"22":0,"23":0,"24":0,"25":0,"26":0,"27":0,"28":0,"29":0,"30":0,"31":0,"32":0,"33":0,"34":0,"35":111,"36":120,"37":0,"38":0,"39":0,"40":0,"41":0,"42":0,"43":0,"44":0,"45":0,"46":0,"47":0},"b":{"0":[0,0],"1":[0,0],"2":[0,0],"3":[0,0],"4":[0,0],"5":[0,0],"6":[0,0],"7":[0,0],"8":[0,0],"9":[0,0],"10":[0,0],"11":[6,0],"12":[0,0],"13":[0,0],"14":[18,0],"15":[18,0],"16":[10,0],"17":[10,0],"18":[0,0],"19":[0,0],"20":[1,0],"21":[1,0],"22":[1,0],"23":[0,0],"24":[76,0],"25":[76,0],"26":[15,61],"27":[0,61],"28":[0,0],"29":[0,0],"30":[0,0],"31":[2,59],"32":[2,0],"33":[59,0],"34":[111,0],"35":[28,9],"36":[0,0],"37":[0,0],"38":[0,0],"39":[0,0],"40":[0,0,0],"41":[0,0],"42":[0,0],"43":[0,0],"44":[0,0],"45":[0,0],"46":[0,0],"47":[0,0],"48":[0,0],"49":[0,0],"50":[0,0],"51":[0,0],"52":[0,0],"53":[0,0],"54":[0,0],"55":[0,0],"56":[0,0],"57":[0,111],"58":[0,124],"59":[12,112],"60":[124,113],"61":[15,97],"62":[112,101,101],"63":[13,84],"64":[111,0],"65":[111,9],"66":[0,149],"67":[16,133],"68":[149,138],"69":[15,118],"70":[133,122,122],"71":[15,103],"72":[0,120],"73":[0,0],"74":[0,0],"75":[0,0],"76":[0,0],"77":[0,0],"78":[0,0],"79":[0,0],"80":[0,0],"81":[0,0],"82":[0,0],"83":[0,0],"84":[0,0],"85":[0,0],"86":[0,0],"87":[0,0],"88":[0,0],"89":[0,0],"90":[0,0],"91":[0,0],"92":[0,0],"93":[0,0],"94":[0,0],"95":[0,0],"96":[0,0],"97":[0,0],"98":[0,0],"99":[0,0],"100":[0,0],"101":[0,0],"102":[0,0],"103":[0,0],"104":[0,0],"105":[0,0],"106":[0,0]},"_coverageSchema":"43e27e138ebf9cfc5966b082cf9a028302ed4184","hash":"377859a2fcd19cf4d1088ad388046d9a2747ed6c"}
,"/Users/tero/dev/static/git/RangerParser/dist/src/RangerParser.js": {"path":"/Users/tero/dev/static/git/RangerParser/dist/src/RangerParser.js","statementMap":{"0":{"start":{"line":2,"column":0},"end":{"line":2,"column":62}},"1":{"start":{"line":3,"column":17},"end":{"line":3,"column":38}},"2":{"start":{"line":4,"column":19},"end":{"line":4,"column":42}},"3":{"start":{"line":11,"column":0},"end":{"line":16,"column":2}},"4":{"start":{"line":12,"column":21},"end":{"line":12,"column":60}},"5":{"start":{"line":13,"column":17},"end":{"line":13,"column":45}},"6":{"start":{"line":14,"column":4},"end":{"line":14,"column":23}},"7":{"start":{"line":15,"column":4},"end":{"line":15,"column":27}},"8":{"start":{"line":18,"column":19},"end":{"line":20,"column":1}},"9":{"start":{"line":19,"column":4},"end":{"line":19,"column":52}},"10":{"start":{"line":21,"column":34},"end":{"line":908,"column":3}},"11":{"start":{"line":23,"column":8},"end":{"line":23,"column":23}},"12":{"start":{"line":24,"column":8},"end":{"line":24,"column":19}},"13":{"start":{"line":25,"column":8},"end":{"line":25,"column":33}},"14":{"start":{"line":26,"column":8},"end":{"line":26,"column":36}},"15":{"start":{"line":27,"column":8},"end":{"line":27,"column":26}},"16":{"start":{"line":28,"column":8},"end":{"line":28,"column":27}},"17":{"start":{"line":29,"column":8},"end":{"line":29,"column":29}},"18":{"start":{"line":30,"column":8},"end":{"line":30,"column":31}},"19":{"start":{"line":31,"column":8},"end":{"line":31,"column":38}},"20":{"start":{"line":32,"column":8},"end":{"line":32,"column":37}},"21":{"start":{"line":33,"column":8},"end":{"line":33,"column":32}},"22":{"start":{"line":34,"column":8},"end":{"line":34,"column":38}},"23":{"start":{"line":35,"column":8},"end":{"line":35,"column":65}},"24":{"start":{"line":36,"column":8},"end":{"line":36,"column":43}},"25":{"start":{"line":37,"column":8},"end":{"line":37,"column":40}},"26":{"start":{"line":38,"column":8},"end":{"line":38,"column":39}},"27":{"start":{"line":39,"column":8},"end":{"line":39,"column":42}},"28":{"start":{"line":40,"column":8},"end":{"line":40,"column":27}},"29":{"start":{"line":42,"column":4},"end":{"line":62,"column":6}},"30":{"start":{"line":43,"column":17},"end":{"line":43,"column":23}},"31":{"start":{"line":44,"column":17},"end":{"line":44,"column":23}},"32":{"start":{"line":45,"column":8},"end":{"line":45,"column":28}},"33":{"start":{"line":46,"column":8},"end":{"line":46,"column":20}},"34":{"start":{"line":47,"column":8},"end":{"line":47,"column":20}},"35":{"start":{"line":48,"column":8},"end":{"line":60,"column":9}},"36":{"start":{"line":49,"column":26},"end":{"line":49,"column":68}},"37":{"start":{"line":50,"column":12},"end":{"line":50,"column":38}},"38":{"start":{"line":51,"column":12},"end":{"line":51,"column":50}},"39":{"start":{"line":52,"column":12},"end":{"line":52,"column":37}},"40":{"start":{"line":53,"column":12},"end":{"line":53,"column":39}},"41":{"start":{"line":54,"column":12},"end":{"line":54,"column":32}},"42":{"start":{"line":55,"column":12},"end":{"line":55,"column":48}},"43":{"start":{"line":56,"column":12},"end":{"line":56,"column":30}},"44":{"start":{"line":57,"column":12},"end":{"line":57,"column":27}},"45":{"start":{"line":61,"column":8},"end":{"line":61,"column":58}},"46":{"start":{"line":63,"column":4},"end":{"line":104,"column":6}},"47":{"start":{"line":64,"column":16},"end":{"line":64,"column":25}},"48":{"start":{"line":65,"column":24},"end":{"line":65,"column":29}},"49":{"start":{"line":66,"column":8},"end":{"line":68,"column":9}},"50":{"start":{"line":67,"column":12},"end":{"line":67,"column":24}},"51":{"start":{"line":69,"column":16},"end":{"line":69,"column":36}},"52":{"start":{"line":70,"column":8},"end":{"line":102,"column":9}},"53":{"start":{"line":71,"column":12},"end":{"line":74,"column":13}},"54":{"start":{"line":72,"column":16},"end":{"line":72,"column":36}},"55":{"start":{"line":73,"column":16},"end":{"line":73,"column":28}},"56":{"start":{"line":75,"column":12},"end":{"line":80,"column":13}},"57":{"start":{"line":76,"column":16},"end":{"line":76,"column":38}},"58":{"start":{"line":77,"column":16},"end":{"line":77,"column":70}},"59":{"start":{"line":78,"column":16},"end":{"line":78,"column":33}},"60":{"start":{"line":79,"column":16},"end":{"line":79,"column":22}},"61":{"start":{"line":81,"column":28},"end":{"line":81,"column":33}},"62":{"start":{"line":82,"column":12},"end":{"line":91,"column":13}},"63":{"start":{"line":83,"column":16},"end":{"line":83,"column":33}},"64":{"start":{"line":84,"column":16},"end":{"line":84,"column":36}},"65":{"start":{"line":85,"column":16},"end":{"line":87,"column":17}},"66":{"start":{"line":86,"column":20},"end":{"line":86,"column":32}},"67":{"start":{"line":88,"column":16},"end":{"line":88,"column":41}},"68":{"start":{"line":89,"column":16},"end":{"line":90,"column":17}},"69":{"start":{"line":92,"column":12},"end":{"line":101,"column":13}},"70":{"start":{"line":93,"column":16},"end":{"line":93,"column":70}},"71":{"start":{"line":96,"column":16},"end":{"line":96,"column":36}},"72":{"start":{"line":97,"column":16},"end":{"line":99,"column":17}},"73":{"start":{"line":98,"column":20},"end":{"line":98,"column":32}},"74":{"start":{"line":100,"column":16},"end":{"line":100,"column":41}},"75":{"start":{"line":103,"column":8},"end":{"line":103,"column":25}},"76":{"start":{"line":105,"column":4},"end":{"line":127,"column":6}},"77":{"start":{"line":106,"column":8},"end":{"line":106,"column":28}},"78":{"start":{"line":107,"column":8},"end":{"line":109,"column":9}},"79":{"start":{"line":108,"column":12},"end":{"line":108,"column":25}},"80":{"start":{"line":110,"column":8},"end":{"line":110,"column":44}},"81":{"start":{"line":111,"column":8},"end":{"line":113,"column":9}},"82":{"start":{"line":112,"column":12},"end":{"line":112,"column":51}},"83":{"start":{"line":114,"column":8},"end":{"line":114,"column":27}},"84":{"start":{"line":115,"column":8},"end":{"line":118,"column":9}},"85":{"start":{"line":116,"column":12},"end":{"line":116,"column":39}},"86":{"start":{"line":117,"column":12},"end":{"lin
[...]
olumn":24},"end":{"line":836,"column":55}},"type":"binary-expr","locations":[{"start":{"line":836,"column":24},"end":{"line":836,"column":44}},{"start":{"line":836,"column":48},"end":{"line":836,"column":55}}],"line":836},"132":{"loc":{"start":{"line":844,"column":24},"end":{"line":847,"column":25}},"type":"if","locations":[{"start":{"line":844,"column":24},"end":{"line":847,"column":25}},{"start":{"line":844,"column":24},"end":{"line":847,"column":25}}],"line":844},"133":{"loc":{"start":{"line":849,"column":24},"end":{"line":859,"column":25}},"type":"if","locations":[{"start":{"line":849,"column":24},"end":{"line":859,"column":25}},{"start":{"line":849,"column":24},"end":{"line":859,"column":25}}],"line":849},"134":{"loc":{"start":{"line":851,"column":28},"end":{"line":858,"column":29}},"type":"if","locations":[{"start":{"line":851,"column":28},"end":{"line":858,"column":29}},{"start":{"line":851,"column":28},"end":{"line":858,"column":29}}],"line":851},"135":{"loc":{"start":{"line":851,"column":32},"end":{"line":851,"column":74}},"type":"binary-expr","locations":[{"start":{"line":851,"column":32},"end":{"line":851,"column":43}},{"start":{"line":851,"column":47},"end":{"line":851,"column":74}}],"line":851},"136":{"loc":{"start":{"line":861,"column":24},"end":{"line":864,"column":25}},"type":"if","locations":[{"start":{"line":861,"column":24},"end":{"line":864,"column":25}},{"start":{"line":861,"column":24},"end":{"line":864,"column":25}}],"line":861},"137":{"loc":{"start":{"line":865,"column":24},"end":{"line":873,"column":25}},"type":"if","locations":[{"start":{"line":865,"column":24},"end":{"line":873,"column":25}},{"start":{"line":865,"column":24},"end":{"line":873,"column":25}}],"line":865},"138":{"loc":{"start":{"line":866,"column":28},"end":{"line":872,"column":29}},"type":"if","locations":[{"start":{"line":866,"column":28},"end":{"line":872,"column":29}},{"start":{"line":866,"column":28},"end":{"line":872,"column":29}}],"line":866},"139":{"loc":{"start":{"line":866,"column":32},"end":{"line":867,"column":62}},"type":"binary-expr","locations":[{"start":{"line":866,"column":32},"end":{"line":866,"column":62}},{"start":{"line":867,"column":32},"end":{"line":867,"column":62}}],"line":866},"140":{"loc":{"start":{"line":868,"column":32},"end":{"line":871,"column":33}},"type":"if","locations":[{"start":{"line":868,"column":32},"end":{"line":871,"column":33}},{"start":{"line":868,"column":32},"end":{"line":871,"column":33}}],"line":868},"141":{"loc":{"start":{"line":868,"column":36},"end":{"line":870,"column":71}},"type":"binary-expr","locations":[{"start":{"line":868,"column":36},"end":{"line":868,"column":48}},{"start":{"line":869,"column":36},"end":{"line":869,"column":65}},{"start":{"line":870,"column":36},"end":{"line":870,"column":71}}],"line":868},"142":{"loc":{"start":{"line":878,"column":16},"end":{"line":900,"column":17}},"type":"if","locations":[{"start":{"line":878,"column":16},"end":{"line":900,"column":17}},{"start":{"line":878,"column":16},"end":{"line":900,"column":17}}],"line":878},"143":{"loc":{"start":{"line":878,"column":20},"end":{"line":878,"column":39}},"type":"binary-expr","locations":[{"start":{"line":878,"column":20},"end":{"line":878,"column":27}},{"start":{"line":878,"column":31},"end":{"line":878,"column":39}}],"line":878},"144":{"loc":{"start":{"line":879,"column":20},"end":{"line":883,"column":21}},"type":"if","locations":[{"start":{"line":879,"column":20},"end":{"line":883,"column":21}},{"start":{"line":879,"column":20},"end":{"line":883,"column":21}}],"line":879},"145":{"loc":{"start":{"line":879,"column":24},"end":{"line":881,"column":58}},"type":"binary-expr","locations":[{"start":{"line":879,"column":24},"end":{"line":879,"column":32}},{"start":{"line":880,"column":24},"end":{"line":880,"column":39}},{"start":{"line":881,"column":24},"end":{"line":881,"column":58}}],"line":879},"146":{"loc":{"start":{"line":886,"column":20},"end":{"line":888,"column":21}},"type":"if","locations":[{"start":{"line":886,"column":20},"end":{"line":888,"column":21}},{"start":{"line":886,"column":20},"end":{"line":888,"column":21}}],"line":886},"147":{"loc":{"start":{"line":890,"column":20},"end":{"line":892,"column":21}},"type":"if","locations":[{"start":{"line":890,"column":20},"end":{"line":892,"column":21}},{"start":{"line":890,"column":20},"end":{"line":892,"column":21}}],"line":890},"148":{"loc":{"start":{"line":890,"column":24},"end":{"line":890,"column":87}},"type":"binary-expr","locations":[{"start":{"line":890,"column":24},"end":{"line":890,"column":61}},{"start":{"line":890,"column":65},"end":{"line":890,"column":87}}],"line":890},"149":{"loc":{"start":{"line":893,"column":20},"end":{"line":898,"column":21}},"type":"if","locations":[{"start":{"line":893,"column":20},"end":{"line":898,"column":21}},{"start":{"line":893,"column":20},"end":{"line":898,"column":21}}],"line":893},"150":{"loc":{"start":{"line":901,"column":16},"end":{"line":903,"column":17}},"type":"if","locations":[{"start":{"line":901,"column":16},"end":{"line":903,"column":17}},{"start":{"line":901,"column":16},"end":{"line":903,"column":17}}],"line":901}},"s":{"0":2,"1":2,"2":2,"3":2,"4":36,"5":36,"6":36,"7":36,"8":2,"9":0,"10":2,"11":36,"12":36,"13":36,"14":36,"15":36,"16":36,"17":36,"18":36,"19":36,"20":36,"21":36,"22":36,"23":36,"24":36,"25":36,"26":36,"27":36,"28":36,"29":2,"30":0,"31":0,"32":0,"33":0,"34":0,"35":0,"36":0,"37":0,"38":0,"39":0,"40":0,"41":0,"42":0,"43":0,"44":0,"45":0,"46":2,"47":375,"48":375,"49":375,"50":0,"51":375,"52":375,"53":804,"54":0,"55":0,"56":804,"57":35,"58":35,"59":35,"60":35,"61":769,"62":769,"63":128,"64":128,"65":128,"66":0,"67":128,"68":128,"69":769,"70":103,"71":666,"72":666,"73":24,"74":642,"75":351,"76":2,"77":41,"78":41,"79":0,"80":41,"81":41,"82":0,"83":41,"84":41,"85":41,"86":41,"87":41,"88":41,"89":0,"90":41,"91":41,"92":2,"93":154,"94":154,"95":0,"96":0,"97":0,"98":0,"99":0,"100":0,"101":0,"102":0,"103":0,"104":0,"105":0,"106":0,"107":0,"108":0,"109":0,"110":0,"111":0,"112":0,"113":0,"114":0,"115":0,"116":0,"117":0,"118":0,"119":0,"120":0,"121":0,"122":0,"123":0,"124":0,"125":0,"126":0,"127":0,"128":0,"129":0,"130":0,"131":0,"132":0,"133":0,"134":0,"135":0,"136":0,"137":0,"138":0,"139":0,"140":2,"141":474,"142":0,"143":474,"144":474,"145":0,"146":474,"147":474,"148":474,"149":0,"150":0,"151":2,"152":9,"153":6,"154":0,"155":0,"156":1,"157":3,"158":0,"159":3,"160":11,"161":0,"162":11,"163":0,"164":0,"165":0,"166":9,"167":0,"168":9,"169":0,"170":0,"171":0,"172":0,"173":0,"174":0,"175":433,"176":433,"177":2,"178":82,"179":82,"180":0,"181":0,"182":0,"183":0,"184":0,"185":0,"186":0,"187":0,"188":0,"189":0,"190":0,"191":0,"192":0,"193":0,"194":0,"195":0,"196":0,"197":2,"198":80,"199":80,"200":0,"201":0,"202":0,"203":0,"204":80,"205":2,"206":0,"207":0,"208":0,"209":0,"210":0,"211":0,"212":0,"213":0,"214":0,"215":0,"216":0,"217":0,"218":0,"219":0,"220":0,"221":0,"222":0,"223":0,"224":0,"225":0,"226":0,"227":0,"228":0,"229":0,"230":0,"231":0,"232":0,"233":0,"234":0,"235":0,"236":0,"237":0,"238":0,"239":0,"240":0,"241":0,"242":0,"243":0,"244":0,"245":0,"246":0,"247":0,"248":0,"249":0,"250":0,"251":0,"252":0,"253":0,"254":0,"255":0,"256":0,"257":0,"258":0,"259":0,"260":0,"261":0,"262":0,"263":0,"264":0,"265":0,"266":0,"267":0,"268":0,"269":0,"270":0,"271":0,"272":0,"273":0,"274":0,"275":0,"276":0,"277":0,"278":0,"279":0,"280":0,"281":0,"282":0,"283":0,"284":0,"285":0,"286":0,"287":2,"288":155,"289":155,"290":155,"291":155,"292":155,"293":155,"294":155,"295":155,"296":155,"297":381,"298":381,"299":0,"300":381,"301":0,"302":381,"303":0,"304":381,"305":381,"306":381,"307":6,"308":6,"309":6,"310":375,"311":375,"312":174,"313":174,"314":174,"315":375,"316":59,"317":316,"318":316,"319":316,"320":316,"321":35,"322":35,"323":35,"324":35,"325":35,"326":35,"327":35,"328":35,"329":35,"330":35,"331":35,"332":281,"333":281,"334":276,"335":276,"336":72,"337":72,"338":0,"339":0,"340":0,"341":0,"342":72,"343":72,"344":72,"345":72,"346":72,"347":72,"348":56,"349":72,"350":72,"351":72,"352":209,"353":209,"354":209,"355":209,"356":7,"357":7,"358":7,"359":7,"360":7,"361":1,"362":0,"363":1,"364":1,"365":7,"366":7,"367":7,"368":0,"369":0,"370":0,"371":7,"372":7,"373":7,"374":7,"375":7,"376":202,"377":202,"378":202,"379":1,"380":1,"381":1,"382":1,"383":1,"384":2,"385":2,"386":2,"387":1,"388":1,"389":0,"390":0,"391":0,"392":0,"393":0,"394":1,"395":1,"396":1,"397":1,"398":0,"399":0,"400":0,"401":0,"402":0,"403":0,"404":0,"405":0,"406":0,"407":0,"408":0,"409":0,"410":0,"411":0,"412":0,"413":0,"414":0,"415":0,"416":0,"417":0,"418":0,"419":0,"420":0,"421":0,"422":0,"423":0,"424":0,"425":0,"426":0,"427":0,"428":0,"429":1,"430":1,"431":1,"432":1,"433":0,"434":1,"435":1,"436":1,"437":1,"438":201,"439":0,"440":0,"441":0,"442":0,"443":0,"444":0,"445":0,"446":201,"447":0,"448":0,"449":0,"450":0,"451":0,"452":0,"453":0,"454":201,"455":0,"456":0,"457":0,"458":0,"459":0,"460":0,"461":0,"462":0,"463":0,"464":0,"465":0,"466":0,"467":0,"468":0,"469":0,"470":0,"471":0,"472":0,"473":0,"474":0,"475":0,"476":0,"477":0,"478":0,"479":0,"480":0,"481":0,"482":0,"483":0,"484":201,"485":201,"486":201,"487":201,"488":201,"489":201,"490":201,"491":129,"492":47,"493":47,"494":47,"495":47,"496":47,"497":47,"498":47,"499":47,"500":47,"501":154,"502":154,"503":154,"504":154,"505":154,"506":240,"507":158,"508":158,"509":6,"510":234,"511":234,"512":234,"513":16,"514":16,"515":218,"516":0,"517":0,"518":0,"519":218,"520":0,"521":0,"522":0,"523":0,"524":0,"525":154,"526":154,"527":0,"528":154,"529":154,"530":154,"531":53,"532":53,"533":53,"534":6,"535":6,"536":6,"537":6,"538":154,"539":0,"540":0,"541":0,"542":0,"543":0,"544":0,"545":0,"546":0,"547":0,"548":0,"549":0,"550":0,"551":0,"552":0,"553":0,"554":0,"555":0,"556":0,"557":0,"558":0,"559":0,"560":0,"561":0,"562":0,"563":0,"564":0,"565":0,"566":0,"567":0,"568":0,"569":0,"570":0,"571":0,"572":0,"573":0,"574":0,"575":0,"576":0,"577":0,"578":0,"579":0,"580":0,"581":0,"582":0,"583":0,"584":154,"585":82,"586":82,"587":82,"588":82,"589":82,"590":82,"591":82,"592":82,"593":0,"594":0,"595":82,"596":82,"597":0,"598":0,"599":0,"600":0,"601":0,"602":0,"603":82,"604":82,"605":0,"606":0,"607":82,"608":76,"609":5,"610":82,"611":72,"612":72,"613":0,"614":72,"615":72,"616":72,"617":0,"618":72,"619":72,"620":72,"621":72,"622":72,"623":0,"624":72,"625":0,"626":0,"627":2,"628":2},"f":{"0":36,"1":0,"2":2,"3":36,"4":0,"5":375,"6":41,"7":154,"8":474,"9":82,"10":80,"11":0,"12":155},"b":{"0":[0,0,0,0],"1":[0,0],"2":[0,375],"3":[1120,1120],"4":[0,804],"5":[35,769],"6":[804,77,42],"7":[897,897,769],"8":[0,128],"9":[25,103],"10":[128,103],"11":[103,666],"12":[24,642],"13":[0,41],"14":[0,41],"15":[41,0],"16":[41,41],"17":[41,0],"18":[154,0],"19":[0,0],"20":[0,0,0,0,0,0,0,0,0,0,0,0],"21":[0,0],"22":[0,0],"23":[0,0],"24":[0,0],"25":[0,0],"26":[0,0],"27":[0,474],"28":[0,474],"29":[0,0,2,9,6,0,0,1,3,11,0,9,0,0,433],"30":[0,3],"31":[0,11],"32":[0,0],"33":[0,9],"34":[0,0],"35":[0,0],"36":[82,0],"37":[0,0,0,0,0,0,0,0,0,0,0,0,0,0,0],"38":[0,80],"39":[0,0],"40":[0,0],"41":[0,0],"42":[0,0],"43":[0,0],"44":[0,0],"45":[0,0,0,0,0,0,0,0,0],"46":[0,0],"47":[0,0],"48":[0,0],"49":[0,0],"50":[0,0],"51":[0,0],"52":[0,0],"53":[0,0,0],"54":[0,0],"55":[0,0],"56":[0,0],"57":[381,0],"58":[381,381],"59":[0,381],"60":[0,381],"61":[0,381],"62":[6,375],"63":[375,0],"64":[375,375],"65":[174,201],"66":[375,174],"67":[174,0],"68":[59,316],"69":[316,0],"70":[35,281],"71":[276,5],"72":[72,204],"73":[276,260],"74":[0,72],"75":[56,16],"76":[7,202],"77":[209,0,0,209,192],"78":[8,8,1,7,7,0,0],"79":[0,1],"80":[0,7],"81":[0,0],"82":[0,7],"83":[202,201,201],"84":[1,201],"85":[1,1],"86":[0,1],"87":[0,0],"88":[1,0],"89":[0,1],"90":[0,0],"91":[0,0,0,0,0,0,0,0,0,0],"92":[0,1],"93":[0,201],"94":[201,3,0,0],"95":[0,201],"96":[201,1,0,0,0],"97":[0,201],"98":[0,0,0,0,0],"99":[0,0],"100":[0,0],"101":[0,0],"102":[0,0],"103":[0,0],"104":[129,72],"105":[201,201,201,201,185],"106":[47,82],"107":[0,154],"108":[372,369,317,313,296],"109":[158,82],"110":[6,152],"111":[16,218],"112":[234,218],"113":[0,218],"114":[0,218],"115":[218,218],"116":[0,154],"117":[201,198,69],"118":[6,47],"119":[53,52,46],"120":[0,154],"121":[154,0],"122":[0,0],"123":[0,0],"124":[0,0],"125":[0,0],"126":[0,0],"127":[0,0],"128":[0,0],"129":[0,0],"130":[82,72],"131":[154,154],"132":[0,82],"133":[0,82],"134":[0,0],"135":[0,0],"136":[0,82],"137":[76,6],"138":[5,71],"139":[76,76],"140":[0,5],"141":[5,5,0],"142":[72,0],"143":[72,56],"144":[0,72],"145":[72,56,0],"146":[0,72],"147":[72,0],"148":[72,72],"149":[72,0],"150":[0,0]},"_coverageSchema":"43e27e138ebf9cfc5966b082cf9a028302ed4184","hash":"bd8f09ee3b92b9b6c0133655162b74487c098228"}
,"/Users/tero/dev/static/git/RangerParser/dist/src/RangerType.js": {"path":"/Users/tero/dev/static/git/RangerParser/dist/src/RangerType.js","statementMap":{"0":{"start":{"line":2,"column":0},"end":{"line":2,"column":62}},"1":{"start":{"line":4,"column":0},"end":{"line":10,"column":65}},"2":{"start":{"line":5,"column":4},"end":{"line":5,"column":52}},"3":{"start":{"line":6,"column":4},"end":{"line":6,"column":46}},"4":{"start":{"line":7,"column":4},"end":{"line":7,"column":52}},"5":{"start":{"line":8,"column":4},"end":{"line":8,"column":48}},"6":{"start":{"line":9,"column":4},"end":{"line":9,"column":51}}},"fnMap":{"0":{"name":"(anonymous_0)","decl":{"start":{"line":4,"column":1},"end":{"line":4,"column":2}},"loc":{"start":{"line":4,"column":23},"end":{"line":10,"column":1}},"line":4}},"branchMap":{"0":{"loc":{"start":{"line":10,"column":16},"end":{"line":10,"column":63}},"type":"binary-expr","locations":[{"start":{"line":10,"column":16},"end":{"line":10,"column":34}},{"start":{"line":10,"column":39},"end":{"line":10,"column":62}}],"line":10}},"s":{"0":1,"1":1,"2":1,"3":1,"4":1,"5":1,"6":1},"f":{"0":1},"b":{"0":[1,1]},"_coverageSchema":"43e27e138ebf9cfc5966b082cf9a028302ed4184","hash":"c8afe992957d2e051ee5cb04dcd59ce551d34348"}
,"/Users/tero/dev/static/git/RangerParser/dist/src/SourceCode.js": {"path":"/Users/tero/dev/static/git/RangerParser/dist/src/SourceCode.js","statementMap":{"0":{"start":{"line":2,"column":0},"end":{"line":2,"column":62}},"1":{"start":{"line":3,"column":32},"end":{"line":61,"column":3}},"2":{"start":{"line":5,"column":8},"end":{"line":5,"column":23}},"3":{"start":{"line":6,"column":8},"end":{"line":6,"column":24}},"4":{"start":{"line":7,"column":8},"end":{"line":7,"column":27}},"5":{"start":{"line":8,"column":8},"end":{"line":8,"column":29}},"6":{"start":{"line":9,"column":8},"end":{"line":9,"column":42}},"7":{"start":{"line":11,"column":4},"end":{"line":16,"column":6}},"8":{"start":{"line":12,"column":8},"end":{"line":14,"column":9}},"9":{"start":{"line":13,"column":12},"end":{"line":13,"column":42}},"10":{"start":{"line":15,"column":8},"end":{"line":15,"column":18}},"11":{"start":{"line":17,"column":4},"end":{"line":27,"column":6}},"12":{"start":{"line":18,"column":18},"end":{"line":18,"column":19}},"13":{"start":{"line":19,"column":8},"end":{"line":25,"column":9}},"14":{"start":{"line":19,"column":21},"end":{"line":19,"column":22}},"15":{"start":{"line":20,"column":22},"end":{"line":20,"column":35}},"16":{"start":{"line":21,"column":12},"end":{"line":21,"column":41}},"17":{"start":{"line":22,"column":12},"end":{"line":24,"column":13}},"18":{"start":{"line":23,"column":16},"end":{"line":23,"column":25}},"19":{"start":{"line":26,"column":8},"end":{"line":26,"column":18}},"20":{"start":{"line":28,"column":4},"end":{"line":46,"column":6}},"21":{"start":{"line":29,"column":18},"end":{"line":29,"column":19}},"22":{"start":{"line":30,"column":23},"end":{"line":30,"column":24}},"23":{"start":{"line":31,"column":8},"end":{"line":44,"column":9}},"24":{"start":{"line":31,"column":21},"end":{"line":31,"column":22}},"25":{"start":{"line":32,"column":22},"end":{"line":32,"column":35}},"26":{"start":{"line":33,"column":12},"end":{"line":33,"column":41}},"27":{"start":{"line":34,"column":12},"end":{"line":42,"column":13}},"28":{"start":{"line":35,"column":25},"end":{"line":35,"column":38}},"29":{"start":{"line":36,"column":25},"end":{"line":36,"column":27}},"30":{"start":{"line":37,"column":16},"end":{"line":40,"column":17}},"31":{"start":{"line":38,"column":20},"end":{"line":38,"column":34}},"32":{"start":{"line":39,"column":20},"end":{"line":39,"column":32}},"33":{"start":{"line":41,"column":16},"end":{"line":41,"column":26}},"34":{"start":{"line":43,"column":12},"end":{"line":43,"column":27}},"35":{"start":{"line":45,"column":8},"end":{"line":45,"column":18}},"36":{"start":{"line":47,"column":4},"end":{"line":59,"column":6}},"37":{"start":{"line":48,"column":18},"end":{"line":48,"column":19}},"38":{"start":{"line":49,"column":23},"end":{"line":49,"column":24}},"39":{"start":{"line":50,"column":8},"end":{"line":57,"column":9}},"40":{"start":{"line":50,"column":21},"end":{"line":50,"column":22}},"41":{"start":{"line":51,"column":22},"end":{"line":51,"column":35}},"42":{"start":{"line":52,"column":12},"end":{"line":52,"column":41}},"43":{"start":{"line":53,"column":12},"end":{"line":55,"column":13}},"44":{"start":{"line":54,"column":16},"end":{"line":54,"column":37}},"45":{"start":{"line":56,"column":12},"end":{"line":56,"column":27}},"46":{"start":{"line":58,"column":8},"end":{"line":58,"column":18}},"47":{"start":{"line":60,"column":4},"end":{"line":60,"column":22}},"48":{"start":{"line":62,"column":0},"end":{"line":62,"column":32}}},"fnMap":{"0":{"name":"(anonymous_0)","decl":{"start":{"line":3,"column":32},"end":{"line":3,"column":33}},"loc":{"start":{"line":3,"column":44},"end":{"line":61,"column":1}},"line":3},"1":{"name":"SourceCode","decl":{"start":{"line":4,"column":13},"end":{"line":4,"column":23}},"loc":{"start":{"line":4,"column":34},"end":{"line":10,"column":5}},"line":4},"2":{"name":"(anonymous_2)","decl":{"start":{"line":11,"column":41},"end":{"line":11,"column":42}},"loc":{"start":{"line":11,"column":63},"end":{"line":16,"column":5}},"line":11},"3":{"name":"(anonymous_3)","decl":{"start":{"line":17,"column":35},"end":{"line":17,"column":36}},"loc":{"start":{"line":17,"column":49},"end":{"line":27,"column":5}},"line":17},"4":{"name":"(anonymous_4)","decl":{"start":{"line":28,"column":40},"end":{"line":28,"column":41}},"loc":{"start":{"line":28,"column":54},"end":{"line":46,"column":5}},"line":28},"5":{"name":"(anonymous_5)","decl":{"start":{"line":47,"column":37},"end":{"line":47,"column":38}},"loc":{"start":{"line":47,"column":51},"end":{"line":59,"column":5}},"line":47}},"branchMap":{"0":{"loc":{"start":{"line":12,"column":8},"end":{"line":14,"column":9}},"type":"if","locations":[{"start":{"line":12,"column":8},"end":{"line":14,"column":9}},{"start":{"line":12,"column":8},"end":{"line":14,"column":9}}],"line":12},"1":{"loc":{"start":{"line":22,"column":12},"end":{"line":24,"column":13}},"type":"if","locations":[{"start":{"line":22,"column":12},"end":{"line":24,"column":13}},{"start":{"line":22,"column":12},"end":{"line":24,"column":13}}],"line":22},"2":{"loc":{"start":{"line":34,"column":12},"end":{"line":42,"column":13}},"type":"if","locations":[{"start":{"line":34,"column":12},"end":{"line":42,"column":13}},{"start":{"line":34,"column":12},"end":{"line":42,"column":13}}],"line":34},"3":{"loc":{"start":{"line":53,"column":12},"end":{"line":55,"column":13}},"type":"if","locations":[{"start":{"line":53,"column":12},"end":{"line":55,"column":13}},{"start":{"line":53,"column":12},"end":{"line":55,"column":13}}],"line":53}},"s":{"0":2,"1":2,"2":36,"3":36,"4":36,"5":36,"6":36,"7":2,"8":0,"9":0,"10":0,"11":2,"12":0,"13":0,"14":0,"15":0,"16":0,"17":0,"18":0,"19":0,"20":2,"21":0,"22":0,"23":0,"24":0,"25":0,"26":0,"27":0,"28":0,"29":0,"30":0,"31":0,"32":0,"33":0,"34":0,"35":0,"36":2,"37":0,"38":0,"39":0,"40":0,"41":0,"42":0,"43":0,"44":0,"45":0,"46":0,"47":2,"48":2},"f":{"0":2,"1":36,"2":0,"3":0,"4":0,"5":0},"b":{"0":[0,0],"1":[0,0],"2":[0,0],"3":[0,0]},"_coverageSchema":"43e27e138ebf9cfc5966b082cf9a028302ed4184","hash":"42ce92fee32d2cc66a8c8b30e359b2b7ccb5db6c"}
}
