TN:
SF:/Users/tero/dev/static/git/RangerParser/dist/src/CodeNode.js
FN:3,(anonymous_0)
FN:4,CodeNode
FN:11,(anonymous_2)
FN:30,(anonymous_3)
FN:46,(anonymous_4)
FN:49,(anonymous_5)
FN:52,(anonymous_6)
FNF:7
FNH:2
FNDA:2,(anonymous_0)
FNDA:314,CodeNode
FNDA:0,(anonymous_2)
FNDA:0,(anonymous_3)
FNDA:0,(anonymous_4)
FNDA:0,(anonymous_5)
FNDA:0,(anonymous_6)
DA:2,2
DA:3,2
DA:5,314
DA:6,314
DA:7,314
DA:8,314
DA:9,314
DA:11,2
DA:12,0
DA:14,0
DA:16,0
DA:18,0
DA:20,0
DA:22,0
DA:24,0
DA:26,0
DA:28,0
DA:30,2
DA:31,0
DA:32,0
DA:33,0
DA:34,0
DA:35,0
DA:36,0
DA:37,0
DA:39,0
DA:40,0
DA:42,0
DA:44,0
DA:46,2
DA:47,0
DA:49,2
DA:50,0
DA:52,2
DA:53,0
DA:55,2
DA:57,2
LF:37
LH:14
BRDA:12,0,0,0
BRDA:12,0,1,0
BRDA:12,0,2,0
BRDA:12,0,3,0
BRDA:12,0,4,0
BRDA:12,0,5,0
BRDA:12,0,6,0
BRDA:31,1,0,0
BRDA:31,1,1,0
BRDA:31,2,0,0
BRDA:31,2,1,0
BRDA:36,3,0,0
BRDA:36,3,1,0
BRDA:39,4,0,0
BRDA:39,4,1,0
BRF:15
BRH:0
end_of_record
TN:
SF:/Users/tero/dev/static/git/RangerParser/dist/src/NodeIterator.js
FN:6,(anonymous_0)
FN:9,(anonymous_1)
FN:9,(anonymous_2)
FN:15,(anonymous_3)
FN:15,(anonymous_4)
FN:29,(anonymous_5)
FN:39,(anonymous_6)
FN:48,(anonymous_7)
FN:57,(anonymous_8)
FN:67,(anonymous_9)
FN:77,(anonymous_10)
FN:89,(anonymous_11)
FN:99,(anonymous_12)
FN:99,(anonymous_13)
FN:114,(anonymous_14)
FN:114,(anonymous_15)
FN:153,(anonymous_16)
FN:154,CodeNodeIterator
FN:159,(anonymous_18)
FN:165,(anonymous_19)
FN:188,(anonymous_20)
FN:191,(anonymous_21)
FN:200,(anonymous_22)
FN:210,(anonymous_23)
FN:222,(anonymous_24)
FN:226,(anonymous_25)
FN:230,(anonymous_26)
FN:234,(anonymous_27)
FN:238,(anonymous_28)
FN:242,(anonymous_29)
FN:246,(anonymous_30)
FN:250,(anonymous_31)
FN:254,(anonymous_32)
FN:263,(anonymous_33)
FN:275,(anonymous_34)
FN:297,(anonymous_35)
FN:335,(anonymous_36)
FN:374,(anonymous_37)
FN:381,(anonymous_38)
FN:391,(anonymous_39)
FN:399,(anonymous_40)
FN:440,(anonymous_41)
FN:455,(anonymous_42)
FN:476,(anonymous_43)
FN:478,(anonymous_44)
FN:487,(anonymous_45)
FN:496,(anonymous_46)
FN:498,(anonymous_47)
FNF:48
FNH:18
FNDA:30,(anonymous_0)
FNDA:0,(anonymous_1)
FNDA:0,(anonymous_2)
FNDA:0,(anonymous_3)
FNDA:0,(anonymous_4)
FNDA:1,(anonymous_5)
FNDA:0,(anonymous_6)
FNDA:6,(anonymous_7)
FNDA:1,(anonymous_8)
FNDA:20,(anonymous_9)
FNDA:10,(anonymous_10)
FNDA:0,(anonymous_11)
FNDA:5,(anonymous_12)
FNDA:5,(anonymous_13)
FNDA:43,(anonymous_14)
FNDA:80,(anonymous_15)
FNDA:1,(anonymous_16)
FNDA:230,CodeNodeIterator
FNDA:170,(anonymous_18)
FNDA:47,(anonymous_19)
FNDA:47,(anonymous_20)
FNDA:0,(anonymous_21)
FNDA:0,(anonymous_22)
FNDA:0,(anonymous_23)
FNDA:0,(anonymous_24)
FNDA:0,(anonymous_25)
FNDA:0,(anonymous_26)
FNDA:0,(anonymous_27)
FNDA:0,(anonymous_28)
FNDA:2,(anonymous_29)
FNDA:0,(anonymous_30)
FNDA:0,(anonymous_31)
FNDA:0,(anonymous_32)
FNDA:0,(anonymous_33)
FNDA:0,(anonymous_34)
FNDA:123,(anonymous_35)
FNDA:142,(anonymous_36)
FNDA:0,(anonymous_37)
FNDA:0,(anonymous_38)
FNDA:0,(anonymous_39)
FNDA:0,(anonymous_40)
FNDA:0,(anonymous_41)
FNDA:0,(anonymous_42)
FNDA:0,(anonymous_43)
FNDA:0,(anonymous_44)
FNDA:0,(anonymous_45)
FNDA:0,(anonymous_46)
FNDA:0,(anonymous_47)
DA:2,1
DA:3,1
DA:4,1
DA:5,1
DA:6,1
DA:7,30
DA:9,1
DA:10,0
DA:11,0
DA:12,0
DA:13,0
DA:15,1
DA:16,0
DA:17,0
DA:18,0
DA:19,0
DA:20,0
DA:21,0
DA:22,0
DA:23,0
DA:27,0
DA:29,1
DA:30,1
DA:31,1
DA:32,1
DA:33,1
DA:36,0
DA:38,1
DA:39,1
DA:40,0
DA:41,0
DA:42,0
DA:43,0
DA:46,0
DA:48,1
DA:49,6
DA:50,6
DA:51,6
DA:53,0
DA:55,1
DA:56,1
DA:57,1
DA:58,1
DA:59,1
DA:60,1
DA:61,1
DA:64,0
DA:66,1
DA:67,1
DA:68,20
DA:69,20
DA:70,20
DA:71,20
DA:74,0
DA:76,1
DA:77,1
DA:78,10
DA:79,10
DA:80,10
DA:81,10
DA:82,10
DA:83,10
DA:86,0
DA:88,1
DA:89,1
DA:90,0
DA:91,0
DA:92,0
DA:93,0
DA:96,0
DA:98,1
DA:99,5
DA:100,5
DA:101,5
DA:102,5
DA:103,5
DA:104,5
DA:106,0
DA:107,0
DA:111,0
DA:113,1
DA:114,43
DA:115,80
DA:116,80
DA:117,80
DA:118,80
DA:119,16
DA:121,64
DA:122,0
DA:123,0
DA:124,0
DA:125,0
DA:126,0
DA:130,0
DA:131,0
DA:137,64
DA:138,2
DA:139,2
DA:143,62
DA:144,62
DA:150,0
DA:152,1
DA:153,1
DA:155,230
DA:156,230
DA:157,230
DA:159,1
DA:160,170
DA:161,170
DA:162,170
DA:163,170
DA:165,1
DA:166,47
DA:167,47
DA:168,47
DA:169,47
DA:170,123
DA:171,123
DA:172,123
DA:173,123
DA:174,123
DA:175,123
DA:176,123
DA:179,0
DA:182,47
DA:183,38
DA:184,47
DA:185,47
DA:186,47
DA:188,1
DA:189,47
DA:191,1
DA:192,0
DA:193,0
DA:194,0
DA:195,0
DA:200,1
DA:201,0
DA:202,0
DA:203,0
DA:204,0
DA:205,0
DA:206,0
DA:207,0
DA:210,1
DA:211,0
DA:212,0
DA:213,0
DA:214,0
DA:215,0
DA:216,0
DA:217,0
DA:218,0
DA:219,0
DA:222,1
DA:223,0
DA:224,0
DA:226,1
DA:227,0
DA:228,0
DA:230,1
DA:231,0
DA:232,0
DA:234,1
DA:235,0
DA:236,0
DA:238,1
DA:239,0
DA:240,0
DA:242,1
DA:243,2
DA:244,2
DA:246,1
DA:247,0
DA:248,0
DA:250,1
DA:251,0
DA:252,0
DA:254,1
DA:255,0
DA:256,0
DA:257,0
DA:258,0
DA:260,0
DA:261,0
DA:263,1
DA:264,0
DA:265,0
DA:266,0
DA:268,0
DA:269,0
DA:270,0
DA:271,0
DA:273,0
DA:275,1
DA:276,0
DA:277,0
DA:278,0
DA:279,0
DA:281,0
DA:282,0
DA:284,0
DA:285,0
DA:287,0
DA:288,0
DA:290,0
DA:291,0
DA:293,0
DA:295,0
DA:297,1
DA:298,123
DA:300,123
DA:301,123
DA:302,123
DA:303,136
DA:304,136
DA:305,0
DA:307,136
DA:308,18
DA:309,18
DA:310,18
DA:311,18
DA:312,18
DA:314,118
DA:315,15
DA:316,15
DA:317,15
DA:318,15
DA:319,15
DA:321,103
DA:322,13
DA:323,13
DA:324,13
DA:326,90
DA:327,90
DA:328,90
DA:330,123
DA:331,123
DA:333,0
DA:335,1
DA:336,142
DA:337,142
DA:338,142
DA:339,142
DA:340,142
DA:341,142
DA:342,173
DA:343,173
DA:344,0
DA:346,173
DA:347,28
DA:348,28
DA:349,28
DA:350,28
DA:351,28
DA:353,145
DA:354,15
DA:355,15
DA:356,15
DA:357,15
DA:358,15
DA:360,130
DA:361,15
DA:362,15
DA:363,15
DA:365,115
DA:366,115
DA:367,115
DA:369,142
DA:370,0
DA:372,142
DA:374,1
DA:375,0
DA:376,0
DA:377,0
DA:379,0
DA:381,1
DA:382,0
DA:383,0
DA:384,0
DA:385,0
DA:386,0
DA:387,0
DA:389,0
DA:391,1
DA:392,0
DA:393,0
DA:394,0
DA:395,0
DA:396,0
DA:397,0
DA:399,1
DA:400,0
DA:401,0
DA:402,0
DA:403,0
DA:404,0
DA:405,0
DA:406,0
DA:407,0
DA:409,0
DA:411,0
DA:412,0
DA:413,0
DA:414,0
DA:415,0
DA:419,0
DA:421,0
DA:423,0
DA:424,0
DA:425,0
DA:426,0
DA:427,0
DA:428,0
DA:430,0
DA:432,0
DA:433,0
DA:434,0
DA:435,0
DA:440,1
DA:441,0
DA:442,0
DA:444,0
DA:445,0
DA:447,0
DA:448,0
DA:449,0
DA:450,0
DA:453,0
DA:455,1
DA:456,0
DA:457,0
DA:458,0
DA:459,0
DA:460,0
DA:461,0
DA:462,0
DA:464,0
DA:465,0
DA:466,0
DA:468,0
DA:469,0
DA:470,0
DA:472,0
DA:473,0
DA:476,1
DA:477,0
DA:478,0
DA:479,0
DA:480,0
DA:481,0
DA:484,0
DA:487,0
DA:488,0
DA:489,0
DA:490,0
DA:491,0
DA:493,0
DA:496,1
DA:497,0
DA:498,0
DA:499,0
DA:500,0
DA:501,0
DA:504,0
DA:505,0
DA:506,0
DA:508,0
DA:510,0
DA:512,1
DA:514,1
LF:371
LH:175
BRDA:11,0,0,0
BRDA:11,0,1,0
BRDA:11,1,0,0
BRDA:11,1,1,0
BRDA:11,2,0,0
BRDA:11,2,1,0
BRDA:17,3,0,0
BRDA:17,3,1,0
BRDA:18,4,0,0
BRDA:18,4,1,0
BRDA:22,5,0,0
BRDA:22,5,1,0
BRDA:22,6,0,0
BRDA:22,6,1,0
BRDA:31,7,0,1
BRDA:31,7,1,0
BRDA:32,8,0,1
BRDA:32,8,1,0
BRDA:41,9,0,0
BRDA:41,9,1,0
BRDA:42,10,0,0
BRDA:42,10,1,0
BRDA:50,11,0,6
BRDA:50,11,1,0
BRDA:59,12,0,1
BRDA:59,12,1,0
BRDA:60,13,0,1
BRDA:60,13,1,0
BRDA:69,14,0,20
BRDA:69,14,1,0
BRDA:70,15,0,20
BRDA:70,15,1,0
BRDA:79,16,0,10
BRDA:79,16,1,0
BRDA:80,17,0,10
BRDA:80,17,1,0
BRDA:91,18,0,0
BRDA:91,18,1,0
BRDA:92,19,0,0
BRDA:92,19,1,0
BRDA:101,20,0,5
BRDA:101,20,1,0
BRDA:102,21,0,5
BRDA:102,21,1,0
BRDA:103,22,0,5
BRDA:103,22,1,0
BRDA:106,23,0,0
BRDA:106,23,1,0
BRDA:116,24,0,80
BRDA:116,24,1,0
BRDA:117,25,0,80
BRDA:117,25,1,0
BRDA:118,26,0,16
BRDA:118,26,1,64
BRDA:121,27,0,0
BRDA:121,27,1,64
BRDA:124,28,0,0
BRDA:124,28,1,0
BRDA:125,29,0,0
BRDA:125,29,1,0
BRDA:130,30,0,0
BRDA:130,30,1,0
BRDA:137,31,0,2
BRDA:137,31,1,62
BRDA:138,32,0,2
BRDA:138,32,1,0
BRDA:143,33,0,62
BRDA:143,33,1,0
BRDA:175,34,0,123
BRDA:175,34,1,0
BRDA:182,35,0,38
BRDA:182,35,1,9
BRDA:193,36,0,0
BRDA:193,36,1,0
BRDA:205,37,0,0
BRDA:205,37,1,0
BRDA:205,38,0,0
BRDA:205,38,1,0
BRDA:217,39,0,0
BRDA:217,39,1,0
BRDA:217,40,0,0
BRDA:217,40,1,0
BRDA:217,40,2,0
BRDA:224,41,0,0
BRDA:224,41,1,0
BRDA:228,42,0,0
BRDA:228,42,1,0
BRDA:232,43,0,0
BRDA:232,43,1,0
BRDA:236,44,0,0
BRDA:236,44,1,0
BRDA:240,45,0,0
BRDA:240,45,1,0
BRDA:244,46,0,2
BRDA:244,46,1,0
BRDA:252,47,0,0
BRDA:252,47,1,0
BRDA:264,48,0,0
BRDA:264,48,1,0
BRDA:269,49,0,0
BRDA:269,49,1,0
BRDA:269,50,0,0
BRDA:269,50,1,0
BRDA:277,51,0,0
BRDA:277,51,1,0
BRDA:278,52,0,0
BRDA:278,52,1,0
BRDA:281,53,0,0
BRDA:281,53,1,0
BRDA:284,54,0,0
BRDA:284,54,1,0
BRDA:287,55,0,0
BRDA:287,55,1,0
BRDA:290,56,0,0
BRDA:290,56,1,0
BRDA:298,57,0,0
BRDA:298,57,1,123
BRDA:304,58,0,0
BRDA:304,58,1,136
BRDA:307,59,0,18
BRDA:307,59,1,118
BRDA:307,60,0,136
BRDA:307,60,1,125
BRDA:314,61,0,15
BRDA:314,61,1,103
BRDA:314,62,0,118
BRDA:314,62,1,107
BRDA:314,62,2,107
BRDA:321,63,0,13
BRDA:321,63,1,90
BRDA:330,64,0,123
BRDA:330,64,1,0
BRDA:336,65,0,125
BRDA:336,65,1,17
BRDA:343,66,0,0
BRDA:343,66,1,173
BRDA:346,67,0,28
BRDA:346,67,1,145
BRDA:346,68,0,173
BRDA:346,68,1,162
BRDA:353,69,0,15
BRDA:353,69,1,130
BRDA:353,70,0,145
BRDA:353,70,1,134
BRDA:353,70,2,134
BRDA:360,71,0,15
BRDA:360,71,1,115
BRDA:369,72,0,0
BRDA:369,72,1,142
BRDA:376,73,0,0
BRDA:376,73,1,0
BRDA:385,74,0,0
BRDA:385,74,1,0
BRDA:386,75,0,0
BRDA:386,75,1,0
BRDA:386,76,0,0
BRDA:386,76,1,0
BRDA:401,77,0,0
BRDA:401,77,1,0
BRDA:404,78,0,0
BRDA:404,78,1,0
BRDA:405,79,0,0
BRDA:405,79,1,0
BRDA:411,80,0,0
BRDA:411,80,1,0
BRDA:414,81,0,0
BRDA:414,81,1,0
BRDA:414,82,0,0
BRDA:414,82,1,0
BRDA:425,83,0,0
BRDA:425,83,1,0
BRDA:426,84,0,0
BRDA:426,84,1,0
BRDA:432,85,0,0
BRDA:432,85,1,0
BRDA:434,86,0,0
BRDA:434,86,1,0
BRDA:434,87,0,0
BRDA:434,87,1,0
BRDA:441,88,0,0
BRDA:441,88,1,0
BRDA:444,89,0,0
BRDA:444,89,1,0
BRDA:447,90,0,0
BRDA:447,90,1,0
BRDA:449,91,0,0
BRDA:449,91,1,0
BRDA:449,92,0,0
BRDA:449,92,1,0
BRDA:459,93,0,0
BRDA:459,93,1,0
BRDA:459,94,0,0
BRDA:459,94,1,0
BRDA:461,95,0,0
BRDA:461,95,1,0
BRDA:469,96,0,0
BRDA:469,96,1,0
BRDA:477,97,0,0
BRDA:477,97,1,0
BRDA:480,98,0,0
BRDA:480,98,1,0
BRDA:480,99,0,0
BRDA:480,99,1,0
BRDA:488,100,0,0
BRDA:488,100,1,0
BRDA:489,101,0,0
BRDA:489,101,1,0
BRDA:489,102,0,0
BRDA:489,102,1,0
BRDA:500,103,0,0
BRDA:500,103,1,0
BRDA:500,104,0,0
BRDA:500,104,1,0
BRDA:504,105,0,0
BRDA:504,105,1,0
BRDA:504,106,0,0
BRDA:504,106,1,0
BRF:217
BRH:54
end_of_record
TN:
SF:/Users/tero/dev/static/git/RangerParser/dist/src/RangerParser.js
FN:11,(anonymous_0)
FN:17,(anonymous_1)
FN:18,RangerParser
FN:37,(anonymous_3)
FN:79,(anonymous_4)
FN:100,(anonymous_5)
FN:162,(anonymous_6)
FN:166,(anonymous_7)
FNF:8
FNH:8
FNDA:44,(anonymous_0)
FNDA:2,(anonymous_1)
FNDA:44,RangerParser
FNDA:399,(anonymous_3)
FNDA:45,(anonymous_4)
FNDA:516,(anonymous_5)
FNDA:88,(anonymous_6)
FNDA:169,(anonymous_7)
DA:2,2
DA:3,2
DA:4,2
DA:11,2
DA:12,44
DA:13,44
DA:14,44
DA:15,44
DA:17,2
DA:19,44
DA:20,44
DA:21,44
DA:22,44
DA:23,44
DA:24,44
DA:25,44
DA:26,44
DA:27,44
DA:28,44
DA:29,44
DA:30,44
DA:31,44
DA:32,44
DA:33,44
DA:34,44
DA:35,44
DA:37,2
DA:38,399
DA:39,399
DA:40,399
DA:41,0
DA:43,399
DA:44,399
DA:45,832
DA:46,0
DA:47,0
DA:49,832
DA:50,39
DA:51,39
DA:52,39
DA:53,39
DA:55,793
DA:56,793
DA:57,132
DA:58,132
DA:59,132
DA:60,0
DA:62,132
DA:63,132
DA:66,793
DA:67,107
DA:70,686
DA:71,686
DA:72,26
DA:74,660
DA:77,373
DA:79,2
DA:80,45
DA:81,45
DA:82,0
DA:84,45
DA:85,45
DA:86,0
DA:88,45
DA:89,45
DA:90,45
DA:92,45
DA:93,45
DA:96,0
DA:98,45
DA:100,2
DA:101,516
DA:102,0
DA:104,516
DA:105,516
DA:106,0
DA:108,516
DA:109,516
DA:110,516
DA:112,0
DA:114,0
DA:116,2
DA:118,9
DA:120,6
DA:122,0
DA:124,0
DA:126,1
DA:128,3
DA:129,0
DA:131,3
DA:133,11
DA:134,0
DA:136,11
DA:138,0
DA:139,0
DA:141,0
DA:143,9
DA:144,0
DA:146,9
DA:148,0
DA:149,0
DA:151,0
DA:153,0
DA:154,0
DA:156,0
DA:158,475
DA:160,475
DA:162,2
DA:163,88
DA:164,88
DA:166,2
DA:167,169
DA:168,169
DA:170,169
DA:171,169
DA:172,169
DA:173,169
DA:174,169
DA:175,169
DA:176,169
DA:177,405
DA:178,405
DA:179,0
DA:181,405
DA:182,0
DA:185,405
DA:186,405
DA:187,405
DA:188,6
DA:189,6
DA:190,6
DA:192,399
DA:193,399
DA:195,184
DA:196,184
DA:197,184
DA:201,399
DA:202,65
DA:204,334
DA:205,334
DA:206,334
DA:207,334
DA:208,35
DA:209,35
DA:210,35
DA:211,35
DA:212,35
DA:213,35
DA:214,35
DA:215,35
DA:216,35
DA:217,35
DA:218,35
DA:220,299
DA:221,299
DA:222,294
DA:224,294
DA:225,74
DA:226,74
DA:227,0
DA:228,0
DA:229,0
DA:230,0
DA:233,74
DA:234,74
DA:235,74
DA:236,74
DA:237,74
DA:239,74
DA:240,58
DA:242,74
DA:243,74
DA:244,74
DA:247,225
DA:248,225
DA:249,225
DA:250,225
DA:254,9
DA:255,9
DA:256,9
DA:257,9
DA:258,9
DA:262,6
DA:263,1
DA:265,6
DA:266,6
DA:268,9
DA:269,9
DA:270,9
DA:271,1
DA:272,1
DA:273,1
DA:278,8
DA:279,8
DA:280,8
DA:284,9
DA:285,9
DA:287,216
DA:288,216
DA:289,216
DA:290,5
DA:291,5
DA:292,5
DA:293,5
DA:294,5
DA:295,22
DA:296,22
DA:297,22
DA:298,5
DA:300,17
DA:301,0
DA:302,0
DA:303,0
DA:304,0
DA:307,0
DA:311,5
DA:312,5
DA:313,5
DA:314,5
DA:315,0
DA:316,0
DA:317,0
DA:318,0
DA:319,0
DA:320,0
DA:321,0
DA:322,0
DA:323,0
DA:325,0
DA:326,0
DA:328,0
DA:329,0
DA:331,0
DA:332,0
DA:334,0
DA:335,0
DA:337,0
DA:338,0
DA:340,0
DA:341,0
DA:343,0
DA:344,0
DA:346,0
DA:347,0
DA:349,0
DA:350,0
DA:352,0
DA:354,0
DA:357,0
DA:358,0
DA:364,5
DA:365,5
DA:366,5
DA:367,5
DA:368,0
DA:371,5
DA:373,5
DA:374,5
DA:375,5
DA:378,211
DA:379,211
DA:380,211
DA:381,211
DA:382,211
DA:383,211
DA:386,211
DA:392,137
DA:393,51
DA:394,51
DA:395,51
DA:396,51
DA:397,51
DA:398,51
DA:399,51
DA:400,51
DA:401,51
DA:404,160
DA:405,160
DA:411,268
DA:412,182
DA:413,182
DA:414,6
DA:417,262
DA:418,262
DA:419,262
DA:420,18
DA:421,18
DA:423,244
DA:424,0
DA:425,0
DA:426,0
DA:429,160
DA:430,160
DA:431,0
DA:433,160
DA:434,160
DA:435,160
DA:436,55
DA:437,55
DA:438,55
DA:439,6
DA:440,6
DA:441,6
DA:442,6
DA:445,160
DA:446,86
DA:447,86
DA:448,86
DA:449,86
DA:450,86
DA:451,86
DA:452,86
DA:453,86
DA:454,86
DA:455,86
DA:456,0
DA:457,0
DA:459,86
DA:462,74
DA:463,74
DA:466,0
DA:468,74
DA:469,74
DA:470,74
DA:471,0
DA:473,74
DA:474,74
DA:475,74
DA:477,74
DA:478,74
DA:481,0
DA:483,74
DA:485,0
DA:486,0
DA:491,2
DA:493,2
LF:336
LH:257
BRDA:40,0,0,0
BRDA:40,0,1,399
BRDA:44,1,0,1166
BRDA:44,1,1,1166
BRDA:45,2,0,0
BRDA:45,2,1,832
BRDA:49,3,0,39
BRDA:49,3,1,793
BRDA:49,4,0,832
BRDA:49,4,1,89
BRDA:49,4,2,50
BRDA:56,5,0,925
BRDA:56,5,1,925
BRDA:56,5,2,793
BRDA:59,6,0,0
BRDA:59,6,1,132
BRDA:63,7,0,25
BRDA:63,7,1,107
BRDA:63,8,0,132
BRDA:63,8,1,107
BRDA:66,9,0,107
BRDA:66,9,1,686
BRDA:71,10,0,26
BRDA:71,10,1,660
BRDA:81,11,0,0
BRDA:81,11,1,45
BRDA:85,12,0,0
BRDA:85,12,1,45
BRDA:89,13,0,45
BRDA:89,13,1,0
BRDA:89,14,0,45
BRDA:89,14,1,45
BRDA:92,15,0,45
BRDA:92,15,1,0
BRDA:101,16,0,0
BRDA:101,16,1,516
BRDA:105,17,0,0
BRDA:105,17,1,516
BRDA:110,18,0,0
BRDA:110,18,1,0
BRDA:110,18,2,2
BRDA:110,18,3,9
BRDA:110,18,4,6
BRDA:110,18,5,0
BRDA:110,18,6,0
BRDA:110,18,7,1
BRDA:110,18,8,3
BRDA:110,18,9,11
BRDA:110,18,10,0
BRDA:110,18,11,9
BRDA:110,18,12,0
BRDA:110,18,13,0
BRDA:110,18,14,475
BRDA:128,19,0,0
BRDA:128,19,1,3
BRDA:133,20,0,0
BRDA:133,20,1,11
BRDA:138,21,0,0
BRDA:138,21,1,0
BRDA:143,22,0,0
BRDA:143,22,1,9
BRDA:148,23,0,0
BRDA:148,23,1,0
BRDA:153,24,0,0
BRDA:153,24,1,0
BRDA:177,25,0,405
BRDA:177,25,1,0
BRDA:177,26,0,405
BRDA:177,26,1,405
BRDA:178,27,0,0
BRDA:178,27,1,405
BRDA:181,28,0,0
BRDA:181,28,1,405
BRDA:187,29,0,6
BRDA:187,29,1,399
BRDA:192,30,0,399
BRDA:192,30,1,0
BRDA:192,31,0,399
BRDA:192,31,1,399
BRDA:193,32,0,184
BRDA:193,32,1,215
BRDA:193,33,0,399
BRDA:193,33,1,184
BRDA:196,34,0,184
BRDA:196,34,1,0
BRDA:201,35,0,65
BRDA:201,35,1,334
BRDA:206,36,0,334
BRDA:206,36,1,0
BRDA:207,37,0,35
BRDA:207,37,1,299
BRDA:221,38,0,294
BRDA:221,38,1,5
BRDA:224,39,0,74
BRDA:224,39,1,220
BRDA:224,40,0,294
BRDA:224,40,1,278
BRDA:226,41,0,0
BRDA:226,41,1,74
BRDA:239,42,0,58
BRDA:239,42,1,16
BRDA:250,43,0,9
BRDA:250,43,1,216
BRDA:250,44,0,225
BRDA:250,44,1,0
BRDA:250,44,2,0
BRDA:250,44,3,225
BRDA:250,44,4,205
BRDA:258,45,0,15
BRDA:258,45,1,13
BRDA:258,45,2,5
BRDA:258,45,3,8
BRDA:258,45,4,7
BRDA:258,45,5,0
BRDA:258,45,6,0
BRDA:262,46,0,1
BRDA:262,46,1,5
BRDA:270,47,0,1
BRDA:270,47,1,8
BRDA:273,48,0,0
BRDA:273,48,1,1
BRDA:280,49,0,0
BRDA:280,49,1,8
BRDA:288,50,0,216
BRDA:288,50,1,213
BRDA:288,50,2,212
BRDA:289,51,0,5
BRDA:289,51,1,211
BRDA:297,52,0,5
BRDA:297,52,1,17
BRDA:300,53,0,0
BRDA:300,53,1,17
BRDA:302,54,0,0
BRDA:302,54,1,0
BRDA:312,55,0,5
BRDA:312,55,1,0
BRDA:314,56,0,0
BRDA:314,56,1,5
BRDA:321,57,0,0
BRDA:321,57,1,0
BRDA:323,58,0,0
BRDA:323,58,1,0
BRDA:323,58,2,0
BRDA:323,58,3,0
BRDA:323,58,4,0
BRDA:323,58,5,0
BRDA:323,58,6,0
BRDA:323,58,7,0
BRDA:323,58,8,0
BRDA:323,58,9,0
BRDA:367,59,0,0
BRDA:367,59,1,5
BRDA:386,60,0,137
BRDA:386,60,1,74
BRDA:386,61,0,211
BRDA:386,61,1,211
BRDA:386,61,2,211
BRDA:386,61,3,211
BRDA:386,61,4,195
BRDA:392,62,0,51
BRDA:392,62,1,86
BRDA:405,63,0,404
BRDA:405,63,1,401
BRDA:405,63,2,347
BRDA:405,63,3,343
BRDA:405,63,4,326
BRDA:411,64,0,182
BRDA:411,64,1,86
BRDA:413,65,0,6
BRDA:413,65,1,176
BRDA:419,66,0,18
BRDA:419,66,1,244
BRDA:419,67,0,262
BRDA:419,67,1,244
BRDA:423,68,0,0
BRDA:423,68,1,244
BRDA:430,69,0,0
BRDA:430,69,1,160
BRDA:435,70,0,209
BRDA:435,70,1,206
BRDA:435,70,2,73
BRDA:438,71,0,6
BRDA:438,71,1,49
BRDA:438,72,0,55
BRDA:438,72,1,54
BRDA:438,72,2,48
BRDA:445,73,0,86
BRDA:445,73,1,74
BRDA:445,74,0,160
BRDA:445,74,1,160
BRDA:455,75,0,0
BRDA:455,75,1,86
BRDA:462,76,0,74
BRDA:462,76,1,0
BRDA:462,77,0,74
BRDA:462,77,1,58
BRDA:463,78,0,0
BRDA:463,78,1,74
BRDA:463,79,0,74
BRDA:463,79,1,58
BRDA:463,79,2,0
BRDA:470,80,0,0
BRDA:470,80,1,74
BRDA:474,81,0,74
BRDA:474,81,1,0
BRDA:474,82,0,74
BRDA:474,82,1,74
BRDA:477,83,0,74
BRDA:477,83,1,0
BRDA:485,84,0,0
BRDA:485,84,1,0
BRF:211
BRH:144
end_of_record
TN:
SF:/Users/tero/dev/static/git/RangerParser/dist/src/RangerType.js
FN:4,(anonymous_0)
FNF:1
FNH:1
FNDA:1,(anonymous_0)
DA:2,1
DA:4,1
DA:5,1
DA:6,1
DA:7,1
DA:8,1
DA:9,1
LF:7
LH:7
BRDA:10,0,0,1
BRDA:10,0,1,1
BRF:2
BRH:2
end_of_record
TN:
SF:/Users/tero/dev/static/git/RangerParser/dist/src/SourceCode.js
FN:3,(anonymous_0)
FN:4,SourceCode
FN:11,(anonymous_2)
FN:20,(anonymous_3)
FN:31,(anonymous_4)
FN:50,(anonymous_5)
FNF:6
FNH:6
FNDA:3,(anonymous_0)
FNDA:53,SourceCode
FNDA:4,(anonymous_2)
FNDA:4,(anonymous_3)
FNDA:3,(anonymous_4)
FNDA:3,(anonymous_5)
DA:2,3
DA:3,3
DA:5,53
DA:6,53
DA:7,53
DA:8,53
DA:9,53
DA:11,3
DA:12,4
DA:13,1
DA:15,3
DA:16,2
DA:18,1
DA:20,3
DA:21,4
DA:22,4
DA:23,10
DA:24,10
DA:25,10
DA:26,3
DA:29,1
DA:31,3
DA:32,3
DA:33,3
DA:34,3
DA:35,7
DA:36,7
DA:37,7
DA:38,2
DA:39,2
DA:40,2
DA:41,3
DA:42,3
DA:44,2
DA:46,5
DA:48,1
DA:50,3
DA:51,3
DA:52,3
DA:53,3
DA:54,7
DA:55,7
DA:56,7
DA:57,2
DA:59,5
DA:61,1
DA:63,3
DA:65,3
LF:48
LH:48
BRDA:12,0,0,1
BRDA:12,0,1,3
BRDA:15,1,0,2
BRDA:15,1,1,1
BRDA:25,2,0,3
BRDA:25,2,1,7
BRDA:37,3,0,2
BRDA:37,3,1,5
BRDA:56,4,0,2
BRDA:56,4,1,5
BRF:10
BRH:10
end_of_record
