TN:
SF:/Users/tero/dev/static/git/RangerParser/dist/src/CodeNode.js
FN:3,(anonymous_0)
FN:4,CodeNode
FN:10,(anonymous_2)
FNF:3
FNH:3
FNDA:3,(anonymous_0)
FNDA:423,CodeNode
FNDA:3,(anonymous_2)
DA:2,3
DA:3,3
DA:5,423
DA:6,423
DA:7,423
DA:8,423
DA:10,3
DA:11,3
DA:12,3
DA:14,3
DA:16,3
LF:11
LH:11
BRDA:11,0,0,1
BRDA:11,0,1,2
BRF:2
BRH:2
end_of_record
TN:
SF:/Users/tero/dev/static/git/RangerParser/dist/src/NodeIterator.js
FN:7,(anonymous_0)
FN:13,(anonymous_1)
FN:13,(anonymous_2)
FN:20,(anonymous_3)
FN:25,(anonymous_4)
FN:36,(anonymous_5)
FN:41,(anonymous_6)
FN:64,(anonymous_7)
FN:64,(anonymous_8)
FN:78,(anonymous_9)
FN:88,(anonymous_10)
FN:97,(anonymous_11)
FN:106,(anonymous_12)
FN:116,(anonymous_13)
FN:126,(anonymous_14)
FN:138,(anonymous_15)
FN:148,(anonymous_16)
FN:148,(anonymous_17)
FN:163,(anonymous_18)
FN:163,(anonymous_19)
FN:202,(anonymous_20)
FN:203,(anonymous_21)
FN:204,CodeNodeIterator
FN:209,(anonymous_23)
FN:215,(anonymous_24)
FN:238,(anonymous_25)
FN:241,(anonymous_26)
FN:244,(anonymous_27)
FN:248,(anonymous_28)
FN:252,(anonymous_29)
FN:256,(anonymous_30)
FN:260,(anonymous_31)
FN:264,(anonymous_32)
FN:268,(anonymous_33)
FN:272,(anonymous_34)
FN:276,(anonymous_35)
FN:280,(anonymous_36)
FN:284,(anonymous_37)
FN:293,(anonymous_38)
FN:309,(anonymous_39)
FN:328,(anonymous_40)
FN:366,(anonymous_41)
FN:405,(anonymous_42)
FN:415,(anonymous_43)
FN:417,(anonymous_44)
FN:419,(anonymous_45)
FN:434,(anonymous_46)
FNF:47
FNH:35
FNDA:47,(anonymous_0)
FNDA:7,(anonymous_1)
FNDA:7,(anonymous_2)
FNDA:4,(anonymous_3)
FNDA:4,(anonymous_4)
FNDA:7,(anonymous_5)
FNDA:7,(anonymous_6)
FNDA:0,(anonymous_7)
FNDA:0,(anonymous_8)
FNDA:2,(anonymous_9)
FNDA:0,(anonymous_10)
FNDA:6,(anonymous_11)
FNDA:1,(anonymous_12)
FNDA:20,(anonymous_13)
FNDA:16,(anonymous_14)
FNDA:0,(anonymous_15)
FNDA:12,(anonymous_16)
FNDA:12,(anonymous_17)
FNDA:120,(anonymous_18)
FNDA:154,(anonymous_19)
FNDA:4,(anonymous_20)
FNDA:1,(anonymous_21)
FNDA:380,CodeNodeIterator
FNDA:296,(anonymous_23)
FNDA:80,(anonymous_24)
FNDA:75,(anonymous_25)
FNDA:5,(anonymous_26)
FNDA:0,(anonymous_27)
FNDA:0,(anonymous_28)
FNDA:0,(anonymous_29)
FNDA:6,(anonymous_30)
FNDA:24,(anonymous_31)
FNDA:1,(anonymous_32)
FNDA:0,(anonymous_33)
FNDA:0,(anonymous_34)
FNDA:0,(anonymous_35)
FNDA:0,(anonymous_36)
FNDA:0,(anonymous_37)
FNDA:4,(anonymous_38)
FNDA:1,(anonymous_39)
FNDA:215,(anonymous_40)
FNDA:266,(anonymous_41)
FNDA:5,(anonymous_42)
FNDA:3,(anonymous_43)
FNDA:5,(anonymous_44)
FNDA:4,(anonymous_45)
FNDA:4,(anonymous_46)
DA:2,1
DA:3,1
DA:4,1
DA:5,1
DA:6,1
DA:7,1
DA:8,47
DA:9,16
DA:11,31
DA:13,7
DA:14,7
DA:15,7
DA:16,3
DA:18,4
DA:20,1
DA:21,4
DA:22,4
DA:23,10
DA:25,4
DA:26,4
DA:27,9
DA:28,9
DA:29,9
DA:30,3
DA:33,1
DA:36,1
DA:37,7
DA:38,7
DA:39,16
DA:41,7
DA:43,7
DA:44,7
DA:45,7
DA:46,15
DA:47,15
DA:48,15
DA:49,2
DA:51,13
DA:52,6
DA:53,6
DA:55,13
DA:56,13
DA:58,5
DA:59,0
DA:61,5
DA:64,1
DA:65,0
DA:66,0
DA:67,0
DA:68,0
DA:69,0
DA:70,0
DA:71,0
DA:72,0
DA:76,0
DA:78,1
DA:79,2
DA:80,2
DA:81,2
DA:82,2
DA:85,0
DA:87,1
DA:88,1
DA:89,0
DA:90,0
DA:91,0
DA:92,0
DA:95,0
DA:97,1
DA:98,6
DA:99,6
DA:100,6
DA:102,0
DA:104,1
DA:105,1
DA:106,1
DA:107,1
DA:108,1
DA:109,1
DA:110,1
DA:113,0
DA:115,1
DA:116,1
DA:117,20
DA:118,20
DA:119,20
DA:120,20
DA:123,0
DA:125,1
DA:126,1
DA:127,16
DA:128,16
DA:129,16
DA:132,16
DA:135,0
DA:137,1
DA:138,1
DA:139,0
DA:140,0
DA:141,0
DA:142,0
DA:145,0
DA:147,1
DA:148,12
DA:149,12
DA:150,12
DA:151,12
DA:152,12
DA:153,6
DA:155,6
DA:156,1
DA:160,5
DA:162,1
DA:163,120
DA:164,154
DA:165,154
DA:166,153
DA:167,152
DA:168,37
DA:170,115
DA:171,0
DA:172,0
DA:173,0
DA:174,0
DA:175,0
DA:179,0
DA:180,0
DA:186,115
DA:187,6
DA:188,6
DA:192,109
DA:193,102
DA:199,9
DA:201,1
DA:202,4
DA:203,1
DA:205,380
DA:206,380
DA:207,380
DA:209,1
DA:210,296
DA:211,296
DA:212,296
DA:213,296
DA:215,1
DA:216,80
DA:217,80
DA:218,80
DA:219,80
DA:220,198
DA:221,198
DA:222,198
DA:223,198
DA:224,198
DA:225,198
DA:226,192
DA:229,6
DA:232,74
DA:233,57
DA:234,74
DA:235,74
DA:236,74
DA:238,1
DA:239,75
DA:241,1
DA:242,5
DA:244,1
DA:245,0
DA:246,0
DA:248,1
DA:249,0
DA:250,0
DA:252,1
DA:253,0
DA:254,0
DA:256,1
DA:257,6
DA:258,6
DA:260,1
DA:261,24
DA:262,24
DA:264,1
DA:265,1
DA:266,1
DA:268,1
DA:269,0
DA:270,0
DA:272,1
DA:273,0
DA:274,0
DA:276,1
DA:277,0
DA:278,0
DA:280,1
DA:281,0
DA:282,0
DA:284,1
DA:285,0
DA:286,0
DA:287,0
DA:288,0
DA:290,0
DA:291,0
DA:293,1
DA:294,4
DA:295,0
DA:296,0
DA:298,4
DA:299,4
DA:300,4
DA:302,0
DA:303,0
DA:304,0
DA:305,0
DA:307,0
DA:309,1
DA:310,1
DA:311,1
DA:312,1
DA:313,0
DA:315,1
DA:316,0
DA:318,1
DA:319,0
DA:321,1
DA:322,1
DA:324,0
DA:326,0
DA:328,1
DA:329,215
DA:331,215
DA:332,215
DA:333,215
DA:334,234
DA:335,234
DA:336,1
DA:338,233
DA:339,39
DA:340,39
DA:341,39
DA:342,39
DA:343,39
DA:345,194
DA:346,17
DA:347,17
DA:348,17
DA:349,17
DA:350,17
DA:352,177
DA:353,15
DA:354,15
DA:355,15
DA:357,162
DA:358,162
DA:359,162
DA:361,215
DA:362,215
DA:364,0
DA:366,1
DA:367,266
DA:368,266
DA:369,266
DA:370,266
DA:371,266
DA:372,266
DA:373,303
DA:374,303
DA:375,6
DA:377,297
DA:378,55
DA:379,55
DA:380,55
DA:381,55
DA:382,55
DA:384,242
DA:385,16
DA:386,16
DA:387,16
DA:388,16
DA:389,16
DA:391,226
DA:392,20
DA:393,20
DA:394,20
DA:396,206
DA:397,206
DA:398,206
DA:400,266
DA:401,6
DA:403,260
DA:405,1
DA:406,5
DA:407,5
DA:408,5
DA:409,5
DA:410,5
DA:411,0
DA:413,5
DA:415,1
DA:416,3
DA:417,5
DA:419,1
DA:420,4
DA:421,0
DA:423,4
DA:424,0
DA:426,4
DA:427,4
DA:428,4
DA:429,0
DA:432,4
DA:434,1
DA:435,4
DA:436,4
DA:437,4
DA:438,9
DA:439,4
DA:440,4
DA:441,0
DA:443,4
DA:444,4
DA:445,4
DA:447,5
DA:448,5
DA:449,3
DA:451,2
DA:452,2
DA:455,1
DA:457,1
DA:458,1
LF:330
LH:260
BRDA:8,0,0,16
BRDA:8,0,1,31
BRDA:15,1,0,3
BRDA:15,1,1,4
BRDA:29,2,0,3
BRDA:29,2,1,6
BRDA:48,3,0,2
BRDA:48,3,1,13
BRDA:51,4,0,6
BRDA:51,4,1,7
BRDA:58,5,0,0
BRDA:58,5,1,5
BRDA:66,6,0,0
BRDA:66,6,1,0
BRDA:67,7,0,0
BRDA:67,7,1,0
BRDA:71,8,0,0
BRDA:71,8,1,0
BRDA:71,9,0,0
BRDA:71,9,1,0
BRDA:80,10,0,2
BRDA:80,10,1,0
BRDA:81,11,0,2
BRDA:81,11,1,0
BRDA:90,12,0,0
BRDA:90,12,1,0
BRDA:91,13,0,0
BRDA:91,13,1,0
BRDA:99,14,0,6
BRDA:99,14,1,0
BRDA:108,15,0,1
BRDA:108,15,1,0
BRDA:109,16,0,1
BRDA:109,16,1,0
BRDA:118,17,0,20
BRDA:118,17,1,0
BRDA:119,18,0,20
BRDA:119,18,1,0
BRDA:128,19,0,16
BRDA:128,19,1,0
BRDA:129,20,0,16
BRDA:129,20,1,0
BRDA:140,21,0,0
BRDA:140,21,1,0
BRDA:141,22,0,0
BRDA:141,22,1,0
BRDA:150,23,0,12
BRDA:150,23,1,0
BRDA:151,24,0,12
BRDA:151,24,1,0
BRDA:152,25,0,6
BRDA:152,25,1,6
BRDA:155,26,0,1
BRDA:155,26,1,5
BRDA:165,27,0,153
BRDA:165,27,1,1
BRDA:166,28,0,152
BRDA:166,28,1,1
BRDA:167,29,0,37
BRDA:167,29,1,115
BRDA:170,30,0,0
BRDA:170,30,1,115
BRDA:173,31,0,0
BRDA:173,31,1,0
BRDA:174,32,0,0
BRDA:174,32,1,0
BRDA:179,33,0,0
BRDA:179,33,1,0
BRDA:186,34,0,6
BRDA:186,34,1,109
BRDA:187,35,0,6
BRDA:187,35,1,0
BRDA:192,36,0,102
BRDA:192,36,1,7
BRDA:225,37,0,192
BRDA:225,37,1,6
BRDA:232,38,0,57
BRDA:232,38,1,17
BRDA:246,39,0,0
BRDA:246,39,1,0
BRDA:250,40,0,0
BRDA:250,40,1,0
BRDA:254,41,0,0
BRDA:254,41,1,0
BRDA:258,42,0,6
BRDA:258,42,1,0
BRDA:262,43,0,22
BRDA:262,43,1,2
BRDA:266,44,0,1
BRDA:266,44,1,0
BRDA:270,45,0,0
BRDA:270,45,1,0
BRDA:274,46,0,0
BRDA:274,46,1,0
BRDA:282,47,0,0
BRDA:282,47,1,0
BRDA:294,48,0,0
BRDA:294,48,1,4
BRDA:298,49,0,4
BRDA:298,49,1,0
BRDA:303,50,0,0
BRDA:303,50,1,0
BRDA:303,51,0,0
BRDA:303,51,1,0
BRDA:311,52,0,1
BRDA:311,52,1,0
BRDA:312,53,0,0
BRDA:312,53,1,1
BRDA:315,54,0,0
BRDA:315,54,1,1
BRDA:318,55,0,0
BRDA:318,55,1,1
BRDA:321,56,0,1
BRDA:321,56,1,0
BRDA:329,57,0,6
BRDA:329,57,1,209
BRDA:335,58,0,1
BRDA:335,58,1,233
BRDA:338,59,0,39
BRDA:338,59,1,194
BRDA:338,60,0,233
BRDA:338,60,1,222
BRDA:345,61,0,17
BRDA:345,61,1,177
BRDA:345,62,0,194
BRDA:345,62,1,183
BRDA:345,62,2,183
BRDA:352,63,0,15
BRDA:352,63,1,162
BRDA:361,64,0,215
BRDA:361,64,1,0
BRDA:367,65,0,248
BRDA:367,65,1,18
BRDA:374,66,0,6
BRDA:374,66,1,297
BRDA:377,67,0,55
BRDA:377,67,1,242
BRDA:377,68,0,297
BRDA:377,68,1,286
BRDA:384,69,0,16
BRDA:384,69,1,226
BRDA:384,70,0,242
BRDA:384,70,1,231
BRDA:384,70,2,231
BRDA:391,71,0,20
BRDA:391,71,1,206
BRDA:400,72,0,6
BRDA:400,72,1,260
BRDA:409,73,0,5
BRDA:409,73,1,1
BRDA:410,74,0,0
BRDA:410,74,1,5
BRDA:410,75,0,5
BRDA:410,75,1,0
BRDA:420,76,0,0
BRDA:420,76,1,4
BRDA:423,77,0,0
BRDA:423,77,1,4
BRDA:426,78,0,4
BRDA:426,78,1,0
BRDA:428,79,0,0
BRDA:428,79,1,4
BRDA:428,80,0,4
BRDA:428,80,1,4
BRDA:438,81,0,4
BRDA:438,81,1,5
BRDA:438,82,0,9
BRDA:438,82,1,5
BRDA:440,83,0,0
BRDA:440,83,1,4
BRDA:448,84,0,3
BRDA:448,84,1,2
BRF:172
BRH:103
end_of_record
TN:
SF:/Users/tero/dev/static/git/RangerParser/dist/src/RangerParser.js
FN:11,(anonymous_0)
FN:17,(anonymous_1)
FN:18,RangerParser
FN:37,(anonymous_3)
FN:79,(anonymous_4)
FN:100,(anonymous_5)
FN:164,(anonymous_6)
FN:168,(anonymous_7)
FNF:8
FNH:8
FNDA:62,(anonymous_0)
FNDA:2,(anonymous_1)
FNDA:62,RangerParser
FNDA:511,(anonymous_3)
FNDA:49,(anonymous_4)
FNDA:844,(anonymous_5)
FNDA:99,(anonymous_6)
FNDA:212,(anonymous_7)
DA:2,2
DA:3,2
DA:4,2
DA:11,2
DA:12,62
DA:13,62
DA:14,62
DA:15,62
DA:17,2
DA:19,62
DA:20,62
DA:21,62
DA:22,62
DA:23,62
DA:24,62
DA:25,62
DA:26,62
DA:27,62
DA:28,62
DA:29,62
DA:30,62
DA:31,62
DA:32,62
DA:33,62
DA:34,62
DA:35,62
DA:37,2
DA:38,511
DA:39,511
DA:40,511
DA:41,0
DA:43,511
DA:44,511
DA:45,915
DA:46,0
DA:47,0
DA:49,915
DA:50,43
DA:51,43
DA:52,43
DA:53,43
DA:55,872
DA:56,872
DA:57,141
DA:58,141
DA:59,141
DA:60,0
DA:62,141
DA:63,141
DA:66,872
DA:67,116
DA:70,756
DA:71,756
DA:72,28
DA:74,728
DA:77,483
DA:79,2
DA:80,49
DA:81,49
DA:82,0
DA:84,49
DA:85,49
DA:86,0
DA:88,49
DA:89,49
DA:90,49
DA:92,49
DA:93,49
DA:96,0
DA:98,49
DA:100,2
DA:101,844
DA:102,0
DA:104,844
DA:105,844
DA:106,0
DA:108,844
DA:109,844
DA:110,844
DA:112,0
DA:114,1
DA:116,2
DA:118,9
DA:120,3
DA:122,6
DA:124,0
DA:126,0
DA:128,7
DA:130,3
DA:131,0
DA:133,3
DA:135,11
DA:136,0
DA:138,11
DA:140,0
DA:141,0
DA:143,0
DA:145,9
DA:146,0
DA:148,9
DA:150,0
DA:151,0
DA:153,0
DA:155,0
DA:156,0
DA:158,0
DA:160,793
DA:162,793
DA:164,2
DA:165,99
DA:166,99
DA:168,2
DA:169,212
DA:170,212
DA:172,212
DA:173,212
DA:174,212
DA:175,212
DA:176,212
DA:177,212
DA:178,212
DA:179,517
DA:180,517
DA:181,0
DA:183,517
DA:184,0
DA:187,517
DA:188,517
DA:189,517
DA:190,6
DA:191,6
DA:192,6
DA:194,511
DA:195,511
DA:197,254
DA:198,254
DA:199,254
DA:203,511
DA:204,71
DA:206,440
DA:207,440
DA:208,440
DA:209,440
DA:210,42
DA:211,42
DA:212,42
DA:213,42
DA:214,42
DA:215,42
DA:216,42
DA:217,42
DA:218,42
DA:219,42
DA:221,398
DA:222,398
DA:223,388
DA:225,388
DA:226,80
DA:227,80
DA:228,0
DA:229,0
DA:230,0
DA:231,0
DA:234,80
DA:235,80
DA:236,80
DA:237,80
DA:238,80
DA:240,80
DA:241,58
DA:243,80
DA:244,80
DA:245,80
DA:248,318
DA:249,318
DA:250,318
DA:251,318
DA:255,11
DA:256,11
DA:257,11
DA:258,11
DA:259,11
DA:263,9
DA:264,2
DA:266,9
DA:267,9
DA:269,11
DA:270,11
DA:271,11
DA:272,2
DA:273,2
DA:274,2
DA:279,9
DA:280,9
DA:281,9
DA:285,11
DA:286,11
DA:288,307
DA:289,307
DA:290,307
DA:291,8
DA:292,8
DA:293,8
DA:294,8
DA:295,8
DA:296,36
DA:297,36
DA:298,36
DA:299,8
DA:301,28
DA:302,0
DA:303,0
DA:304,0
DA:305,0
DA:308,0
DA:312,8
DA:313,8
DA:314,8
DA:315,8
DA:316,0
DA:317,0
DA:318,0
DA:319,0
DA:320,0
DA:321,0
DA:322,0
DA:323,0
DA:324,0
DA:326,0
DA:327,0
DA:329,0
DA:330,0
DA:332,0
DA:333,0
DA:335,0
DA:336,0
DA:338,0
DA:339,0
DA:341,0
DA:342,0
DA:344,0
DA:345,0
DA:347,0
DA:348,0
DA:350,0
DA:351,0
DA:353,0
DA:355,0
DA:358,0
DA:359,0
DA:365,8
DA:366,8
DA:367,8
DA:368,8
DA:369,0
DA:372,8
DA:374,8
DA:375,8
DA:376,8
DA:379,299
DA:380,299
DA:381,299
DA:382,299
DA:383,299
DA:384,299
DA:387,299
DA:393,219
DA:394,70
DA:395,70
DA:396,70
DA:397,70
DA:398,70
DA:399,70
DA:400,70
DA:401,70
DA:402,70
DA:405,229
DA:406,229
DA:412,553
DA:413,404
DA:414,404
DA:415,9
DA:418,544
DA:419,544
DA:420,544
DA:421,22
DA:422,22
DA:425,229
DA:426,229
DA:427,0
DA:429,229
DA:430,229
DA:431,229
DA:432,97
DA:433,97
DA:434,97
DA:435,6
DA:436,6
DA:437,6
DA:438,6
DA:441,229
DA:442,149
DA:443,149
DA:444,149
DA:445,149
DA:446,149
DA:447,149
DA:448,149
DA:449,149
DA:450,149
DA:451,0
DA:452,0
DA:454,149
DA:457,80
DA:458,80
DA:461,0
DA:463,80
DA:464,80
DA:465,80
DA:466,0
DA:468,80
DA:469,80
DA:470,80
DA:472,80
DA:473,80
DA:476,0
DA:478,80
DA:480,0
DA:481,0
DA:486,2
DA:488,2
LF:331
LH:256
BRDA:40,0,0,0
BRDA:40,0,1,511
BRDA:44,1,0,1355
BRDA:44,1,1,1355
BRDA:45,2,0,0
BRDA:45,2,1,915
BRDA:49,3,0,43
BRDA:49,3,1,872
BRDA:49,4,0,915
BRDA:49,4,1,96
BRDA:49,4,2,53
BRDA:56,5,0,1013
BRDA:56,5,1,1013
BRDA:56,5,2,872
BRDA:59,6,0,0
BRDA:59,6,1,141
BRDA:63,7,0,25
BRDA:63,7,1,116
BRDA:63,8,0,141
BRDA:63,8,1,116
BRDA:66,9,0,116
BRDA:66,9,1,756
BRDA:71,10,0,28
BRDA:71,10,1,728
BRDA:81,11,0,0
BRDA:81,11,1,49
BRDA:85,12,0,0
BRDA:85,12,1,49
BRDA:89,13,0,49
BRDA:89,13,1,0
BRDA:89,14,0,49
BRDA:89,14,1,49
BRDA:92,15,0,49
BRDA:92,15,1,0
BRDA:101,16,0,0
BRDA:101,16,1,844
BRDA:105,17,0,0
BRDA:105,17,1,844
BRDA:110,18,0,0
BRDA:110,18,1,1
BRDA:110,18,2,2
BRDA:110,18,3,9
BRDA:110,18,4,3
BRDA:110,18,5,6
BRDA:110,18,6,0
BRDA:110,18,7,0
BRDA:110,18,8,7
BRDA:110,18,9,3
BRDA:110,18,10,11
BRDA:110,18,11,0
BRDA:110,18,12,9
BRDA:110,18,13,0
BRDA:110,18,14,0
BRDA:110,18,15,793
BRDA:130,19,0,0
BRDA:130,19,1,3
BRDA:135,20,0,0
BRDA:135,20,1,11
BRDA:140,21,0,0
BRDA:140,21,1,0
BRDA:145,22,0,0
BRDA:145,22,1,9
BRDA:150,23,0,0
BRDA:150,23,1,0
BRDA:155,24,0,0
BRDA:155,24,1,0
BRDA:179,25,0,517
BRDA:179,25,1,0
BRDA:179,26,0,517
BRDA:179,26,1,517
BRDA:180,27,0,0
BRDA:180,27,1,517
BRDA:183,28,0,0
BRDA:183,28,1,517
BRDA:189,29,0,6
BRDA:189,29,1,511
BRDA:194,30,0,511
BRDA:194,30,1,0
BRDA:194,31,0,511
BRDA:194,31,1,511
BRDA:195,32,0,254
BRDA:195,32,1,257
BRDA:195,33,0,511
BRDA:195,33,1,254
BRDA:198,34,0,254
BRDA:198,34,1,0
BRDA:203,35,0,71
BRDA:203,35,1,440
BRDA:208,36,0,440
BRDA:208,36,1,0
BRDA:209,37,0,42
BRDA:209,37,1,398
BRDA:222,38,0,388
BRDA:222,38,1,10
BRDA:225,39,0,80
BRDA:225,39,1,308
BRDA:225,40,0,388
BRDA:225,40,1,366
BRDA:227,41,0,0
BRDA:227,41,1,80
BRDA:240,42,0,58
BRDA:240,42,1,22
BRDA:251,43,0,11
BRDA:251,43,1,307
BRDA:251,44,0,318
BRDA:251,44,1,0
BRDA:251,44,2,0
BRDA:251,44,3,318
BRDA:251,44,4,289
BRDA:259,45,0,20
BRDA:259,45,1,18
BRDA:259,45,2,7
BRDA:259,45,3,11
BRDA:259,45,4,9
BRDA:259,45,5,0
BRDA:259,45,6,0
BRDA:263,46,0,2
BRDA:263,46,1,7
BRDA:271,47,0,2
BRDA:271,47,1,9
BRDA:274,48,0,0
BRDA:274,48,1,2
BRDA:281,49,0,0
BRDA:281,49,1,9
BRDA:289,50,0,307
BRDA:289,50,1,301
BRDA:289,50,2,300
BRDA:290,51,0,8
BRDA:290,51,1,299
BRDA:298,52,0,8
BRDA:298,52,1,28
BRDA:301,53,0,0
BRDA:301,53,1,28
BRDA:303,54,0,0
BRDA:303,54,1,0
BRDA:313,55,0,8
BRDA:313,55,1,0
BRDA:315,56,0,0
BRDA:315,56,1,8
BRDA:322,57,0,0
BRDA:322,57,1,0
BRDA:324,58,0,0
BRDA:324,58,1,0
BRDA:324,58,2,0
BRDA:324,58,3,0
BRDA:324,58,4,0
BRDA:324,58,5,0
BRDA:324,58,6,0
BRDA:324,58,7,0
BRDA:324,58,8,0
BRDA:324,58,9,0
BRDA:368,59,0,0
BRDA:368,59,1,8
BRDA:387,60,0,219
BRDA:387,60,1,80
BRDA:387,61,0,299
BRDA:387,61,1,299
BRDA:387,61,2,299
BRDA:387,61,3,299
BRDA:387,61,4,277
BRDA:393,62,0,70
BRDA:393,62,1,149
BRDA:406,63,0,751
BRDA:406,63,1,736
BRDA:406,63,2,640
BRDA:406,63,3,634
BRDA:406,63,4,611
BRDA:412,64,0,404
BRDA:412,64,1,149
BRDA:414,65,0,9
BRDA:414,65,1,395
BRDA:420,66,0,22
BRDA:420,66,1,522
BRDA:420,67,0,544
BRDA:420,67,1,522
BRDA:426,68,0,0
BRDA:426,68,1,229
BRDA:431,69,0,320
BRDA:431,69,1,305
BRDA:431,69,2,119
BRDA:434,70,0,6
BRDA:434,70,1,91
BRDA:434,71,0,97
BRDA:434,71,1,92
BRDA:434,71,2,86
BRDA:441,72,0,149
BRDA:441,72,1,80
BRDA:441,73,0,229
BRDA:441,73,1,229
BRDA:450,74,0,0
BRDA:450,74,1,149
BRDA:457,75,0,80
BRDA:457,75,1,0
BRDA:457,76,0,80
BRDA:457,76,1,58
BRDA:458,77,0,0
BRDA:458,77,1,80
BRDA:458,78,0,80
BRDA:458,78,1,58
BRDA:458,78,2,0
BRDA:465,79,0,0
BRDA:465,79,1,80
BRDA:469,80,0,80
BRDA:469,80,1,0
BRDA:469,81,0,80
BRDA:469,81,1,80
BRDA:472,82,0,80
BRDA:472,82,1,0
BRDA:480,83,0,0
BRDA:480,83,1,0
BRF:210
BRH:145
end_of_record
TN:
SF:/Users/tero/dev/static/git/RangerParser/dist/src/RangerType.js
FN:4,(anonymous_0)
FNF:1
FNH:1
FNDA:1,(anonymous_0)
DA:2,1
DA:4,1
DA:5,1
DA:6,1
DA:7,1
DA:8,1
DA:9,1
LF:7
LH:7
BRDA:10,0,0,1
BRDA:10,0,1,1
BRF:2
BRH:2
end_of_record
TN:
SF:/Users/tero/dev/static/git/RangerParser/dist/src/SourceCode.js
FN:3,(anonymous_0)
FN:4,SourceCode
FN:11,(anonymous_2)
FN:20,(anonymous_3)
FN:31,(anonymous_4)
FN:50,(anonymous_5)
FNF:6
FNH:6
FNDA:4,(anonymous_0)
FNDA:72,SourceCode
FNDA:4,(anonymous_2)
FNDA:4,(anonymous_3)
FNDA:3,(anonymous_4)
FNDA:3,(anonymous_5)
DA:2,4
DA:3,4
DA:5,72
DA:6,72
DA:7,72
DA:8,72
DA:9,72
DA:11,4
DA:12,4
DA:13,1
DA:15,3
DA:16,2
DA:18,1
DA:20,4
DA:21,4
DA:22,4
DA:23,10
DA:24,10
DA:25,10
DA:26,3
DA:29,1
DA:31,4
DA:32,3
DA:33,3
DA:34,3
DA:35,7
DA:36,7
DA:37,7
DA:38,2
DA:39,2
DA:40,2
DA:41,3
DA:42,3
DA:44,2
DA:46,5
DA:48,1
DA:50,4
DA:51,3
DA:52,3
DA:53,3
DA:54,7
DA:55,7
DA:56,7
DA:57,2
DA:59,5
DA:61,1
DA:63,4
DA:65,4
LF:48
LH:48
BRDA:12,0,0,1
BRDA:12,0,1,3
BRDA:15,1,0,2
BRDA:15,1,1,1
BRDA:25,2,0,3
BRDA:25,2,1,7
BRDA:37,3,0,2
BRDA:37,3,1,5
BRDA:56,4,0,2
BRDA:56,4,1,5
BRF:10
BRH:10
end_of_record
